1 10 20
100 200 125
201 210 89
900 1000 174
5000 400 238
907664 870520 445
545089 510965 470
639380 712708 504
461584 802049 509
619521 82302 470
303908 356523 441
412665 533967 470
550896 385186 470
230722 532093 470
499087 564798 470
498573 825215 509
402542 584946 470
786366 909114 525
884416 114871 525
353551 638851 509
231583 301330 407
307022 578233 470
604534 896310 525
720813 972014 525
767097 119253 509
944914 638467 525
673320 621252 509
340065 578275 470
320895 759038 509
881021 879332 357
153157 884931 525
867038 716736 525
580378 944345 525
350003 634282 509
401908 578848 470
27375 650933 509
489231 507178 426
432422 376327 449
254953 382283 441
660918 947282 525
927155 521416 525
233302 851328 525
372530 94659 443
799913 36598 509
65756 404079 443
490896 718225 509
119450 84512 354
369739 997729 525
972232 570542 525
213329 943977 525
403619 120429 443
722629 359964 509
408564 406510 343
445882 751728 509
969221 869259 507
299895 814723 509
376312 809480 509
85579 701673 509
429961 184783 449
992595 364410 525
510844 282371 449
102416 641912 509
228677 249797 443
117211 758908 509
629516 71001 509
173242 692450 509
343888 636775 509
187102 634856 509
762932 583637 509
323447 87679 443
544888 950233 525
953247 728737 525
238555 267049 407
733374 404628 509
518606 822486 509
282033 565648 470
545632 833036 509
792573 49995 509
368576 918305 525
157342 571394 470
859764 503817 525
252816 543485 470
245648 425085 449
988441 78039 525
667150 31947 509
796775 883992 525
285046 100326 443
516907 936515 525
355018 109098 443
153179 191639 383
46469 372363 443
551248 253530 470
298758 217737 443
505451 229905 449
155923 150055 352
787062 974237 525
937315 913827 476
912744 927909 476
328698 614552 470
887934 712039 525
989276 662693 525
601292 721198 509
10543 638000 509
261223 41819 443
965102 588949 525
22409 748352 509
117068 455247 449
227982 276634 443
981402 749348 525
209804 383964 443
246817 522111 470
130634 357850 443
118483 283719 443
7479 448827 449
592 536208 470
136527 21849 354
749073 184524 509
462002 757282 509
244384 564871 470
867781 609187 525
270957 363014 441
594298 300196 470
81879 677545 509
743945 69136 509
166109 644388 509
951285 18408 525
356200 53629 443
124913 912640 525
766231 648260 504
745439 199209 509
5039 457002 449
109775 321985 443
935281 340587 525
949516 228643 525
621931 610633 447
114186 458592 449
372794 922290 525
151471 581538 470
474232 250461 449
803240 767568 468
203580 661433 509
383348 78073 443
222820 517136 470
267152 850810 525
885194 462187 525
640550 721525 504
230753 629633 509
594566 2867 470
241185 124994 443
274849 772505 509
571396 608246 434
899777 138874 525
360103 229555 443
106021 589414 470
566385 320196 470