536857 367411 470
894997 645866 525
276723 434695 449
481582 487446 382
724195 88562 509
81105 659871 509
370299 401585 436
865884 247896 525
40805 521099 470
70835 552986 470
853587 933152 476
329177 321430 384
446077 585405 470
898170 695358 525
808357 254202 509
223482 312253 443
485063 296749 449
132300 520728 470
700799 483098 509
814109 368505 509
392970 867561 525
843064 231617 525
247689 319826 407
569847 748789 509
907931 670003 525
725879 836782 468
934318 855144 476
457246 597618 470
702568 25859 509
477516 679716 509
552649 81076 470
638604 396923 509
569314 116786 470
501563 650725 509
154734 994776 525
920410 782872 525
148775 156728 383
591827 914107 525
740693 94836 509
911405 786370 525
892465 287887 525
928535 406497 525
307695 606372 470
638095 938698 525
444173 692382 509
38145 461239 449
692412 164049 509
539889 600648 452
811328 273658 509
868476 937507 476
908360 951676 507
251177 772379 509
257359 154923 443
988703 737275 525
223769 159762 386
392576 974045 525
739090 33053 509
920843 168511 525
58878 495448 449
254133 690409 509
725125 638258 504
718798 219739 509
608073 890911 525
398306 717854 509
975656 173185 525
227159 497032 449
215582 416926 449
80325 447971 449
526472 254748 470
95220 743877 509
963046 259969 525
574470 213159 470
984755 348419 525
81143 371154 443
616644 192074 470
754642 552777 509
756976 165176 509
265633 439704 449
869383 24289 525
929913 982320 507
637251 454249 509
694296 471367 509
41092 687416 509
103135 921404 525
171679 200867 365
654292 282507 509
291081 689631 509
487518 344282 449
683238 108899 509
382978 413135 449
339309 6302 443
821181 660016 504
166178 11341 383
520464 803143 509
779155 970042 525
308441 240753 407
476238 623703 470
566293 479441 470
699300 622180 509
518424 329424 470
921640 478809 525
708848 745969 424
556674 608449 434
333641 611345 470
678818 297738 509
240537 614448 470
83924 496186 449
690300 511055 509
942911 444513 525
169251 566641 470
977509 600725 525
454398 760803 509
744548 464149 509
159853 364846 443
797445 68238 509
615205 363217 470
720950 80511 509
496578 855515 525
583570 789175 509
739561 766341 424
124249 478519 449
745576 579430 509
74686 249223 443
625034 662029 509
818084 946350 525
929448 542954 525
790959 26931 509
243755 796469 509
954700 491818 525
81708 221950 386
482489 171242 449
736013 224542 509
111138 965919 525
205514 749071 509
321407 341223 384
186330 272239 443
449465 935095 525
790162 60342 509
201165 676192 509
48128 962351 525
504743 241862 449
612227 704359 509
549468 190753 470
885670 412624 525
146254 812083 509
890922 398049 525
974702 503875 525
333497 361845 441
96031 664158 509
176089 126641 383
860558 625790 525
403543 971315 525
122225 432391 449
368748 592776 470
433598 882016 525
942109 35956 525
715851 674767 504
581878 561478 421
147074 995773 525
765116 118693 509
887693 349877 525
321067 769779 509
589446 852242 525
166264 283970 443
584914 644353 509
924267 372597 525
748449 31916 509
790791 950872 525
594945 601446 403
593049 215465 470
553707 553748 240
857422 741488 525
700396 790105 504
249293 554961 470
429286 931604 525
190428 660924 509
623279 942039 525
592233 288587 470
96224 942904 525
16036 337820 443
800748 876206 525
1 5 8
10 2 20
1 999999 525
999999 1 525
