1 1000 179
63570 46914 340
83357 14991 351
97945 22660 351
48801 27476 324
28187 92324 351
23035 4875 279
95770 3087 351
27784 39568 324
53709 41323 340
47601 58714 340
69299 48432 340
53475 31512 340
29880 32496 285
74904 69997 325
53963 58004 322
45124 28848 324
77806 52788 351
87627 21763 351
32556 35167 311
14363 99548 351
39027 97035 351
76753 8357 340
22750 84804 351
90971 840 351
61750 53504 335
1754 98497 351
13213 25313 282
26548 61733 340
38158 61049 340
26096 29607 308
90035 8261 351
38245 16556 324
92349 80628 333
26281 87970 351
92784 88512 333
40376 43206 288
45897 69819 340
14603 61689 340
39446 26099 324
87049 32749 351
63325 25226 340
20486 37316 324
86387 60984 351
2359 74703 340
68145 16468 340
66742 78098 351
63267 54581 335
34599 39321 324
86997 92745 333
92401 61129 351
5441 92391 351
36855 76515 340
26369 5732 282
83650 45636 351
10019 93254 351
67058 71770 325
33465 45693 324
33796 32942 267
68145 62681 330
18702 48089 324
51289 27763 324
20388 47048 324
64589 3036 340
25715 53939 340
53727 48213 340
57888 95414 351
59624 84840 351
94508 97309 328
39518 74231 340
892 54973 340
90292 45811 351
39137 92332 351
8142 34665 311
93129 26857 351
23668 45981 324
67157 67355 237
64515 56007 335
43927 93733 351
22937 76401 340
57494 84588 351
38470 74736 340
98738 45415 351
73862 34716 340
62094 31954 340
83182 12493 351
99900 78565 338
28933 59982 340
82668 83382 289
22335 76392 340
6842 17344 276
43854 24685 324
5086 55240 340
94490 28005 351
58108 76278 335
92537 27848 351
99661 55003 351
34821 9093 311
94820 58488 351
67148 88123 351
84743 57142 351
94450 3094 351
80493 28420 351
35852 81283 351
35801 7645 324
24203 46130 324
82840 43480 351
90154 46873 351
46490 84013 351
62129 46152 340
33297 68976 340
77832 77391 245
72471 91257 351
69376 70110 299
12491 58070 340
67305 64184 299
57581 73485 335
5111 39819 324
12841 79460 351
80813 27439 351
47603 84470 351
11207 93072 351
2544 11902 268
46130 34428 324
67536 73752 325
75149 36283 340
80164 32007 351
59332 25458 340
8670 66478 340
12206 99384 351
94735 77437 338
37296 98743 351
37525 69995 340
35678 39901 306
26772 67830 340
32154 92266 351
43575 82787 351
37020 29907 324
10821 49442 324
66790 68568 312
21144 99991 351
1226 24317 282
12889 3762 268
7883 29285 308
86225 96536 333
90644 49166 351
89396 18167 351
20408 53699 340
70325 18913 340
88235 77765 338
79130 42713 351
52221 7035 324
32763 6616 308
5312 37548 324
56509 36303 340
60436 79171 351
36024 97975 351
54129 36235 340
92220 7168 351
66324 33802 340
38567 29118 324
22571 86281 351
47823 69767 340
75310 86438 351
14040 73831 340
11497 355 268
62659 72937 330
611 46571 324
31704 26649 285
14077 64151 340
8887 32874 308
26857 47484 324
20926 51974 324
46149 70168 340
48031 891 324
74328 87053 351
30487 32616 285
66809 65000 268
59254 56038 322
29782 6940 308
51231 31987 324
12373 3927 268
51434 27551 324
55480 32316 340
47377 10662 324
53208 83307 351
37364 44311 306
63947 64051 255
93288 99013 328
53087 3785 340
63684 24141 340
34968 1373 311
61998 13759 340
39352 18238 324
2896 95266 351
44720 95788 351
78146 75545 351
3979 15612 276
67364 86138 351
76067 80477 351
99356 87856 333
81943 58440 351
