778355 63558 509
374847 919973 525
800372 708647 468
530387 701593 509
202191 676375 509
605243 691548 509
577316 178237 470
771983 815332 468
983896 144848 525
565277 67544 470
688483 81440 509
607492 172882 470
46665 620920 470
870424 421016 525
332436 578550 470
169119 474627 449
424578 233701 449
605461 405734 470
664190 239015 509
113163 495118 449
784538 579218 509
468853 135115 449
394083 992530 525
467840 728850 509
712927 538893 509
961433 312681 525
724645 406023 509
143089 616278 470
313749 604219 470
310026 662734 509
487901 798357 509
200255 616829 470
588127 61218 470
646872 127129 509
363081 610426 470
996166 651437 525
169139 477791 449
576505 210288 470
199385 907287 525
765356 300206 509
683319 326739 509
43114 215851 383
730126 560672 509
645483 15167 509
89828 916500 525
228598 113106 386
482398 206561 449
25084 427653 449
951406 503699 525
609963 179589 470
908479 547148 525
933053 557186 525
308593 692363 509
131010 332077 443
589145 303488 470
1 999999 525
329501 982603 525
759985 482883 509
215535 150467 383
229933 648209 509
649364 157974 509
67152 604187 470
958036 540736 525
767484 580174 509
192668 976810 525
827128 960882 525
794131 530836 509
861908 720238 525
516986 974157 525
7000 7000 32
134756 957170 525
791070 324969 509
872319 618204 525
165272 320778 443
337967 358887 441
74670 708298 509
431822 271784 449
341941 456042 449
683111 170987 509
100443 782271 509
854961 918025 476
73542 424666 449
279765 763413 509
116994 777510 509
512908 399889 470
908236 363246 525
316747 81047 443
168942 583191 470
649756 257542 509
974175 249884 525
280976 399258 441
143763 374194 443
923433 987530 507
337462 329584 366
586048 953787 525
440359 651618 509
895941 244533 525
995709 727609 525
794115 363876 509
708243 319842 509
27169 779343 509
972411 521443 525
