801054 534234 509
173072 379217 443
153618 925901 525
489490 18108 449
496337 467838 426
632414 869558 525
744109 280496 509
427518 480138 444
78430 444444 449
401456 638112 509
297261 573755 470
580939 217946 470
523498 978084 525
84915 127247 354
450759 432149 400
999065 513467 525
136683 109761 349
773242 741554 468
919885 270558 525
332033 584271 470
286220 590621 470
960643 636156 525
110123 193297 383
200198 281164 443
909941 675385 525
120641 532558 470
694837 808888 504
781009 408116 509
131607 842433 525
96613 983320 525
222848 316370 443
741126 120431 509
16257 864759 525
324212 348446 441
519216 985124 525
732143 500067 509
61331 285722 443
178172 928582 525
301910 221893 443
680102 686737 380
171443 625867 470
144539 478438 449
430660 925329 525
615111 133662 470
296399 428378 449
400971 321069 441
678485 587378 509
923319 889718 476
75656 223248 386
49413 257049 443
72837 200386 383
582212 887830 525
664272 599663 509
242769 816994 509
8568 761080 509
699200 9846 509
244956 243886 337
65836 370671 443
445061 247619 449
234929 882138 525
578108 811959 509
226134 249628 443
787218 751276 468
180173 3888 383
499756 619347 470
699518 818698 504
776772 541073 509
184947 564181 470
95102 128920 354
609092 803730 509
965084 768872 525
428904 896655 525
664956 54696 509
964262 883940 507
632472 640425 416
399158 260721 441
962683 604952 525
278631 102896 443
529658 360628 470
926826 32390 525
31536 781784 509
320295 263349 407
661149 913369 525
396770 196993 443
57319 557634 470
390355 449868 449
580199 33410 470
823882 96894 509
438421 46910 449
302406 53996 443
742091 856359 525
793390 315497 509
445485 653293 509
651473 979125 525
460954 194460 449
729451 688619 504
485051 964369 525
79773 97601 333
748615 386052 509
675934 65404 509
628586 813347 504
944580 146621 525
591241 852355 525
156555 987924 525
61210 906681 525
237694 834316 509
406515 222216 443
805273 273276 509
207747 86023 383
557059 238320 470
196754 217639 386
738820 686336 504
6290 821391 509
107440 481492 449
199480 477196 449
986904 996407 396
779733 157126 509
316740 714839 509
247290 464357 449
81139 804531 509
926329 373093 525
13044 116316 354
880531 284362 525
632200 345807 509
336818 472947 449
660266 520849 509
812267 279562 509
431512 524277 470
244564 248582 350
509464 621982 470
720531 351037 509
9316 819450 509
710017 152477 509
59758 425699 449
310390 772113 509
852097 640673 525
170216 609418 470
127765 811243 509
193681 759981 509
766479 756302 380
608200 473478 470
862454 120067 525
368926 820362 509
684283 75100 509
356789 578291 470
706513 718218 411
102252 247684 443
86018 489281 449
511983 858353 525
943019 506802 525
