1 10 20
100 200 125
201 210 89
900 1000 174
368880 730937 509
163608 918149 525
788891 966872 525
584624 992226 525
30942 884604 525
427069 63585 449
654392 22276 509
694448 659048 442
895926 156052 525
441920 790439 509
496112 222067 449
91974 753424 509
33400 778493 509
733404 604627 509
354966 113104 443
200413 299282 443
302602 68630 443
568026 440524 470
172254 152005 383
646154 494537 509
41245 979602 525
715861 678113 504
548616 177121 470
978808 407875 525
936399 405340 525
767875 434119 509
69933 878290 525
289471 599521 470
779493 390435 509
829276 520442 509
164162 274344 443
627503 562648 509
258933 256959 345
754884 902213 525
989810 668527 525
206149 247107 443
193605 327393 443
673889 612046 509
869277 562145 525
29703 524667 470
190012 248988 443
400814 846176 525
512637 653142 509
506361 751003 509
949480 324214 525
199451 434058 449
385723 152767 443
779918 758503 468
840762 284164 525
55348 914564 525
148498 501989 449
165138 205404 365
293366 648903 509
281033 631522 509
306315 198543 443
764833 703918 504
214873 854778 525
233598 235848 381
794620 720682 468
591003 444570 470
644600 686314 442
383579 247094 441
76599 731239 509
700702 860470 525
521301 95105 470
836893 657775 504
912709 284508 525
851755 990312 507
813365 446977 509
913379 956592 507
774640 844452 525
351465 436091 449
836564 838742 525
886013 814260 525
825786 249318 509
363670 992975 525
31520 578099 470
987853 207169 525
109011 817801 509
567138 994004 525
59318 309782 443
24152 318481 443
90428 771519 509
719067 999316 525
122434 354838 443
856177 368567 525
289312 720027 509
73028 70902 325
469457 848177 525
621408 806572 509
529402 152050 470
889148 512868 525
391373 947556 525
561610 276294 470
655312 355382 509
511162 610502 470
751207 932010 525
667760 429867 509
394766 506044 449
589999 316899 470
91846 389856 443
191419 848778 525
505048 614979 470
352762 455581 449
480614 869899 525
556540 148261 470
812153 615530 509
113349 318256 443
525983 194524 470
525229 501143 470
231033 631641 509
962276 4957 525
828912 352687 509
563813 356216 470
830301 261456 509
210303 859873 525
120117 308187 443
786137 997935 525
765866 919852 525
903935 82584 525
290935 754817 509
15706 103266 351
492507 976487 525
640282 900436 525
248358 569533 470
992653 774579 525
880503 341389 525
613062 876324 525
882624 259826 525
757386 534377 509
274591 320289 389
140324 479158 449
344300 212351 443
587068 600363 403
33701 336282 443
515305 807232 509
812759 615352 509
897713 543714 525
251102 676287 509
110725 394489 443
199152 629615 509
73626 231944 443
115160 192863 383
978781 35707 525
451345 283731 449
72879 301918 443
885178 800349 525
930316 395957 525
851272 93245 525
