1 10 20
100 200 125
201 210 89
900 1000 174
493072 617127 470
292517 755500 509
343207 984904 525
209795 960060 525
101031 889694 525
189164 709475 509
396875 946666 525
144241 843624 525
229417 930117 525
43176 866873 525
254727 561760 470
98071 810984 509
129511 691287 509
229217 714466 509
179266 862175 525
349972 893759 525
390640 895118 525
299081 615606 470
117013 568911 470
41536 521499 470
10658 672894 509
283698 793414 509
76650 820514 509
450303 503778 444
55641 944109 525
91739 774465 509
480828 883838 525
358052 787464 509
349804 548854 470
51928 585140 470
244450 936983 525
278528 690897 509
319849 718856 509
88995 552340 470
224525 869220 525
490500 871204 525
310166 775736 509
85305 956914 525
326858 644365 509
178452 900096 525
319907 580617 470
333908 998120 525
326436 929301 525
90948 890923 525
372622 990689 525
4907 734240 509
200037 713115 509
326963 504188 449
374588 773791 509
399813 793307 509
474922 848709 525
211457 772045 509
412721 770329 509
224607 743443 509
177703 737457 509
33313 970982 525
190347 966160 525
250972 906330 525
213267 844566 525
357767 988879 525
33365 605975 470
44043 888556 525
79463 693176 509
312647 958036 525
93612 950454 525
358990 529904 470
292041 571582 470
141101 557413 470
309243 768666 509
384280 751050 509
266717 884794 525
45457 530481 470
3461 972738 525
181393 736191 509
32882 778219 509
306418 512815 470
449233 647252 509
81798 915555 525
82921 553795 470
473681 897908 525
461565 614659 470
54399 646328 509
234748 856791 525
408202 764744 509
80526 809938 509
155845 707944 509
411357 933646 525
194104 734187 509
339994 650219 509
298988 797184 509
295257 843598 525
265897 672497 509
468454 942279 525
100014 617976 470
330848 953114 525
247950 749254 509
355570 837121 509
296628 909050 525
12169 926898 525
276997 746948 509