1 10 20
100 200 125
201 210 89
900 1000 174
993917 716980 525
704863 335167 509
496441 680399 509
740032 502428 509
357971 119389 443
247446 328921 407
264621 364488 441
512436 426560 470
269154 615034 470
987931 800105 525
314505 755104 509
651783 832893 504
153513 686713 509
751754 480203 509
818739 9903 509
393009 687322 509
256129 511421 449
56415 310298 443
964035 216041 525
914905 528511 525
722259 884820 525
645553 579575 509
387788 549791 470
860328 835122 525
187515 983541 525
929918 721204 525
634857 127062 509
22381 544550 470
560009 872222 525
926646 655731 525
345579 200184 443
859477 661204 525
228194 331264 443
97547 699093 509
948114 146346 525
712193 766006 424
363148 331039 441
387117 311257 441
330205 867729 525
984856 618321 525
964040 131661 525
177255 812085 509
116803 843680 525
52773 846031 525
882874 210508 525
47711 741946 509
233008 539337 470
7119 296434 443
22370 85792 351
861513 564370 525
216080 778533 509
223393 309948 443
245142 366593 441
962515 366392 525
849306 467749 525
645554 159722 509
753821 40106 509
21206 983337 525
519834 716426 509
24251 278674 443
424160 233241 449
741180 674995 504
845252 549036 525
259904 698071 509
837795 774253 468
488170 282279 449
325250 4997 443
748535 455828 509
828053 325050 509
275472 370314 441
519087 43417 470
363861 467608 449
130240 895310 525
220083 264120 443
859983 977078 507
49537 899059 525
662740 596732 509
740699 910532 525
410938 701801 509
582632 644267 509
850472 679513 525
391874 789079 509
245025 840446 525
955924 587561 525
984677 337655 525
865084 973393 507
260589 307922 407
200237 982566 525
11043 596628 470
152264 946424 525
582635 747089 509
885574 541551 525
554901 324063 470
684761 244452 509
858963 851647 419
232495 887497 525
311749 104757 443
289705 565796 470
316091 720477 509
805230 67567 509
523005 31747 470
842119 568521 525
293837 310778 371
398759 123304 443
654114 53520 509
573310 226601 470
864910 615371 525
158070 7109 383
690023 700829 442
912066 23720 525
852253 400962 525
787684 15056 509
772733 836761 468
832963 658924 504
907090 585062 525
100945 422855 449
45442 131908 354
896435 99174 525
702321 940563 525
602422 633753 509
907556 49699 525
475765 60767 449
20841 511704 449
923704 922115 445
608264 55339 470
98963 15115 351
800950 84320 509
965035 978212 458
487286 175881 449
519671 932086 525
891063 371477 525
963974 582766 525
816365 321120 509
511918 160891 449
382798 120766 443
509695 766561 509
35932 884285 525
102401 453801 449
254993 538645 470
924990 977267 507
414981 943683 525
718261 444932 509
711925 375196 509
39945 499543 449
489744 240756 449
648365 411983 509
149732 12529 375
779178 357769 509
49995 506862 449
