1 10 20
2 20 21
3 30 112
4 40 112
5 50 112
6 60 113
7 70 113
8 80 116
9 90 116
100 200 125
100 109 114
201 210 89
302 311 87
403 412 134
504 513 111
605 614 132
706 715 127
807 816 135
908 917 130
1007 1018 156
900 1000 174
1000 1000 112
1000 900 174
900 800 179
800 700 171
700 600 145
600 500 137
500 400 142
400 300 144
300 200 128
200 100 125
1 250 128
1 500 144
1 750 171
1 1000 179
1 2500 209
1 5000 238
1 10000 262
1 50000 324
1 100000 351
1 500000 449
1 100 119
2 200 125
3 300 128
4 400 144
5 500 144
6 600 144
7 700 145
8 800 171
9 900 179
10 100 119
20 200 125
30 300 128
40 400 144
50 500 144
60 600 144
70 700 145
80 800 171
90 900 179
100 1000 179
1001 1000 143
2002 2000 144
3003 3000 49
4004 4000 145
5005 5000 179
6006 6000 50
7007 7000 151
8008 8000 146
9009 9000 141
10001 10000 180
1 1111 179
3 3333 217
7 7777 262
5 5555 238
9 9999 262
2 2222 182
4 4444 238
6 6666 262
8 8888 262
10 1010 179
1 2 2
2 3 8
3 4 8
4 5 6
6 7 17
8 9 20
9 10 20
11 12 15
12 13 10
1111 1111 32
1212 2121 180
1313 3131 217
1414 4141 238
1515 5151 238
1616 6161 238
1717 7171 262
1818 8181 262
1919 9191 262
101 110 114
202 220 115
303 330 144
404 440 134
505 550 137
606 660 145
707 770 153
808 880 179
909 990 174
