10 1 20
100 200 125
201 210 89
900 1000 174
296 858 171
432 834 171
203 342 144
92 643 144
581 671 145
474 651 145
93 353 144
152 515 144
258 496 144
220 878 179
325 388 144
62 680 145
203 498 144
525 913 179
214 896 179
406 728 171
818 978 179
155 776 171
677 739 171
278 972 179
416 601 142
10 129 122
202 496 144
271 305 118
306 326 131
447 531 142
250 518 144
317 916 179
44 590 144
231 751 171
368 769 171
317 340 144
144 314 131
390 584 142
636 658 145
590 677 145
417 652 145
400 636 142
465 854 171
552 786 171
332 386 126
391 554 142
584 703 171
250 482 144
28 357 144
867 972 179
421 539 142
486 696 145
511 822 171
35 606 144
4087 5866 236
3658 7736 262
2971 8003 262
6104 7660 262
3831 6615 262
2459 5660 238
3680 7897 262
3221 9510 262
1112 3489 217
6181 7762 257
8343 8858 234
8075 9465 260
1722 6143 238
5529 8075 262
3860 8392 262
1948 3546 217
4524 5000 210
5547 6056 236
1538 9640 262
2699 5271 238
11195 56808 340
38203 79950 351
42227 74843 340
28188 86650 351
30792 89945 351
14191 34981 311
13801 38651 324
43546 79666 351
59865 70429 335
26810 57812 340
69667 82506 351
23957 86257 351
48988 74010 340
55544 61655 335
54134 94651 351
11757 49720 324
21785 95083 351
58508 72967 335
31805 79556 351
11557 22273 279
435511 625427 470
482529 739976 509
490153 523503 470
831758 972294 525
604019 925315 525
200391 475616 449
325010 759712 509
688944 890557 525
308909 856988 525
162032 909469 525
