1 1555 182
251877 363922 441
312884 825408 509
403876 476575 449
775439 391062 509
207587 920261 525
708248 166273 509
184483 800346 509
381137 903091 525
998043 690684 525
581300 904923 525
417280 535089 470
784341 892492 525
742363 192618 509
653473 434862 509
131890 852005 525
101014 366767 443
241915 654545 509
218515 266255 443
187254 944240 525
202662 890034 525
978460 910327 507
581197 831916 509
190138 451670 449
889718 238518 525
429607 732976 509
698903 475562 509
50483 265107 443
917197 85160 525
927307 790348 525
796588 277195 509
236195 84248 443
145737 896725 525
510553 460586 444
936664 595428 525
427497 55129 449
375628 426963 449
526905 934586 525
683610 783913 504
808342 627518 504
909206 428097 525
895311 946185 507
314202 744104 509
744356 573718 509
767205 255134 509
682902 615954 509
8355 647838 509
61279 941940 525
351752 741028 509
571018 790246 509
720896 584912 509
573446 737399 509
195679 714968 509
875801 550806 525
985955 3434 525
810235 217838 509
132165 362608 443
194552 354679 443
114288 703765 509
115340 138339 349
319071 84240 443
509725 959939 525
569383 695762 509
919165 133935 525
226379 120631 386
636045 598764 509
23342 446895 449
920581 321939 525
81003 235015 443
986975 730977 525
508269 693929 509
175279 496629 449
288487 125447 443
883037 405525 525
969552 569572 525
123714 968764 525
280792 713919 509
63950 653106 509
316208 140694 443
684493 57786 509
991218 491703 525
557869 294720 470
639046 238703 509
405472 367966 436
470089 968288 525
900997 928392 476
753985 15132 509
740377 414914 509
187040 821994 509
555926 147394 470
741289 510756 509
965892 653705 525
799602 907759 525
28570 511251 449
547057 845692 525
732022 885593 525
667036 816997 504
667458 937662 525
367860 119805 443
830683 696322 504
222012 567399 470
98233 637821 509
522321 602577 452
435898 882506 525
153040 824071 509
776677 843073 525
81885 882148 525
131910 757306 509
522995 520032 364
935471 935705 414
21520 645127 509
254081 19625 443
978674 944677 458
860585 663475 525
199208 805335 509
88815 663909 509
852935 143291 525
587358 595639 403
324067 105673 443
887743 374084 525
73386 225824 386
242806 701886 509
785471 297097 509
989585 267066 525
407110 520732 470
329929 249625 407
111451 164258 383
639476 650749 416
613528 141632 470
505043 79221 449
122030 515429 470
561526 365664 470
281955 495449 449
565755 730214 509
396482 239366 441
705764 97493 509
901466 899819 401
522792 497032 470
753535 320687 509
704278 290585 509
71789 893293 525
230490 677360 509
29747 286596 443
982414 913755 507
753629 666861 504
365615 156592 443
198740 76688 383
667333 836414 504
263307 986811 525
672403 991630 525
85093 69722 351
639424 837960 525
581532 928056 525
598582 637146 509
617889 759583 509
407998 150434 443
148499 481338 449
169512 880051 525
711590 342946 509
212962 372799 443
372308 270858 441
866643 553252 525
773806 993521 525
359127 810457 509
197004 232173 443
15065 888091 525
499790 577277 470
208694 91788 383
570032 271034 470
430124 247414 449
12627 626088 470
952593 136247 525
410853 990162 525
325720 687874 509
387973 485786 449
490755 896288 525
516963 932564 525
102206 303661 443
567603 429661 470
888074 545290 525
704467 459267 509
76600 849508 525
820148 883801 525
989246 585156 525
834806 935763 525
338040 533384 470
429483 491736 444
761530 423334 509
840486 493164 525
930817 218515 525
351927 551470 470
199268 545105 470
531147 656560 509
558043 478332 470
346680 500394 449
558316 964169 525
456566 475919 444
411705 415130 374
823438 400518 509
246806 844100 525
