123 213 125
989 237 179
2137 2321 183
992734 923829 507
4758 9283 262
324 45 131
95623 23495 351
324 923 179
986 2394 183
97 241 128
32 90909 351
1 2 2
321 123 131
89432 98721 333
9680 2140 262
23405 53409 340
12312 35221 311
90328 21234 351
7231 8943 252
21398 43598 324
32498 32984 267
234 654 145
10 2 20
3294 3498 181
123123 123132 256
324 3254 217
1 10 20
897234 212343 525
91238 81239 333
21 30 112
100 200 125
201 210 89
787 2193 182
2398 9328 262
87324 129323 354
213 215 102
12 23 21
4 6 9
1 123 119
4321 5432 215
789 987 179
635721 213893 509
2477 2373 209
12323 23132 279
8932 4787 262
32434 41343 324
4234 3242 238
900 1000 174
10 1000 179
100000 100010 310
531 753 171
567 554 88
324324 324241 322
78326 83273 338
34874 40934 324
999998 999999 259
9876 10000 242
73 71 116
308 353 144
377 654 145
4623 8095 262
9417 4393 262
81972 85556 320
901 6833 262
388 859 171
5236 4415 210
70347 67457 312
33701 85954 351
97151 77926 338
71375 76801 325
8204 7409 252
5249 1060 238
9746 9304 198
28223 16521 308
355586 187 443
263397 865138 525
979743 818978 525
85971 30425 351
62475 37681 340
10704 39345 324
96542 5961 351
48500 58823 340
74289 38308 340
47775 77792 351
810 3597 217
23265 68820 340
19460 21228 274
20776 26392 282
1366 99142 351
2695 43389 324
49283 93321 351
43433 29519 324
34053 87408 351
56825 51236 340
94060 28531 351
23121 54634 340
28056 21419 308
14109 67864 340
22151 90498 351
3 9 20
54592 57330 322
3144 7586 262
98276 58207 351
43524 14759 324
60 88 116
36241 77537 351
938708 616601 525
77698 98420 338
669 171 145
538 120 144
13203 21142 279
67150 76127 325
692 542 145
35463 43575 324
11665 28491 308
796260 806486 406
548 887 179
6989 2672 262
747 5360 238
724 7336 262
1234 3611 217
378225 824940 509
838 174 171
613 398 142
23213 213434 383
12 123 119
89723 23989 351
327 487 144
7238 32942 308
32713 98232 351
374 824 171
219 302 128
28939 29802 272
1283 9327 262
12389 12314 263
1203 1239 164
13 213 125
872 1937 182
1238 9273 262
3874 24893 282
27 73 116
927 349 179
729 947 179
78342 78238 276
2378 4904 238
1237 8732 262
3487 9348 262
298 943 179
3981 9843 262
129 940 179
47 94 116
128 137 122
2347 2483 209
1238 9473 262
1238 9238 262
857 937 179
137 847 171
5683 9729 262
93247 92473 315
983247 932483 507
2343 2332 152
10 30 112
4139 1232 238
1 199 125
