1 1 1
1 2 2
1 2 2
1 999999 525
1 999999 525
999999 999999 259
999998 999999 259
999998 999999 259
555554 555555 147
640142 844816 525
180087 999929 525
364803 571863 470
775552 794086 437
255707 413026 449
398055 631636 509
593641 693785 509
166417 996091 525
243605 722124 509
597200 946184 525
426214 922210 525
143682 977812 525
875757 949318 507
353696 945155 525
479635 915208 525
528283 919323 525
344405 787639 509
56472 752276 509
727019 741128 424
168015 614224 470
563124 600487 434
90488 91045 271
56240 620312 470
53881 81706 351
297395 424482 449
410670 945395 525
509329 513338 470
277172 811816 509
699074 894578 525
393089 397105 405
363595 726689 509
511729 792560 509
295 537119 470
531372 824152 509
88987 941838 525
647930 799223 504
243809 521529 470
263888 607644 470
96865 823276 509
54736 138861 354
80540 496832 449
829781 861920 525
509383 517834 470
559603 970284 525
391985 442039 449
223724 971754 525
420382 747276 509
552358 763564 509
160640 181827 370
901623 999911 507
454706 619703 470
733674 790407 468
165516 188927 370
162018 696872 509
439721 947764 525
3636 948670 525
275264 337383 407
168426 715688 509
463696 698507 509
841181 942363 507
768312 879348 525
489382 926525 525
447462 957927 525
411989 944480 525
355750 584380 470
157951 665566 509
136944 794602 509
488746 576246 470
196383 987025 525
752405 981447 525
13796 494053 449
283446 743094 509
969159 993499 458
546668 884173 525
474696 922815 525
573490 952998 525
452451 985090 525
457095 727224 509
159602 959530 525
353226 954578 525
450075 876759 525
108892 564741 470
496372 719930 509
238391 610290 470
220675 878947 525
466004 786152 509
68572 336263 443
242282 340069 407
698141 925182 525
661689 839801 525
787820 831965 468
549256 877846 525
888139 895755 370
180141 481186 449
499142 602855 470
687861 848415 525
568199 656746 509
86587 809100 509
214879 562296 470
313963 398227 441
