1 10 20
100 200 125
201 210 89
900 1000 174
1 1 1
2 1 2
1 22 21
999999 900000 507
500 600 137
222 222 71
999999 999999 259
999999 1 525
1 100 119
101 200 125
201 300 128
301 400 144
401 500 142
501 600 137
601 700 145
701 800 171
801 900 179
901 1000 174
1001 2000 182
2001 3000 217
3001 4000 238
4001 5000 215
5001 6000 236
6001 7000 262
7001 8000 252
9001 10000 260
10001 100000 351
100001 999999 525
999999 999998 259
59 11 113
200001 200100 311
781945 249859 509
1 999999 525
871714 842910 419
849722 499298 525
551885 772934 509
877815 269903 525
106237 20863 351
352230 812785 509
313441 384300 441
395383 759140 509
58397 31659 340
647038 914569 525
593666 822577 509
880814 500350 525
750264 281152 509
684019 684080 336
835825 363657 509
392027 44005 443
705108 275783 509
434904 432387 387
250537 278101 407
369321 741948 509
794588 370104 509
885828 637736 525
609289 780008 509
11053 610451 470
503137 698887 509
484593 576117 470
116321 761432 509
61885 889542 525
746649 565639 509
593855 950264 525
332592 613556 470
923497 347014 525
435396 355442 449
985696 454070 525
776466 149197 509
131204 764727 509
962594 62108 525
688376 508022 509
690708 320893 509
801600 932927 525
71502 842834 525
470235 12203 449
949934 126166 525
745648 430889 509
683144 963604 525
153392 374202 443
315535 221077 443
412318 9145 449
867398 471981 525
349355 245214 441
375213 501295 449
258892 507651 449
241269 839938 525
269696 197034 443
163015 372203 443
169250 79620 383
926275 173026 525
998248 391581 525
649820 606515 509
759418 52462 509
52172 161792 383
33389 433893 449
170735 100336 383
672776 335502 509
841659 380064 525
943199 832601 525
718698 340182 509
868967 154495 525
827678 404509 509
127759 167773 383
641344 415038 509
802191 495034 509
31418 322889 443
954397 813509 525
24969 973845 525
449232 626814 509
548141 748869 509
494431 46741 449
526424 609846 452
677885 813486 504
228439 726801 509
150114 984982 525
138606 443096 449
776638 340320 509
355981 581200 470
813349 676334 504
804395 285553 509
901328 934598 476
895977 468843 525
480190 155535 449
71439 44863 340
232252 523920 470
342068 409746 441
216533 71892 386
102509 152683 375
198175 958859 525
735671 973706 525
362966 790874 509
88250 75425 351
206227 9046 383
333472 213434 443
902498 205743 525
174129 80193 383
595480 255748 470
518533 25985 470
744682 237502 509
955175 430568 525
91352 729581 509
928076 670524 525
279718 753250 509
908080 370694 525
576685 585483 434
309760 615633 470
15314 22638 279
32805 624656 470
141030 804802 509
992447 824994 525
508798 611201 470
469744 760955 509
612018 808080 509
484277 480212 413
468600 785981 509
261637 471297 449
400489 506144 449
358739 680598 509
201831 146570 383
191259 68434 383
632412 151070 509
888285 754463 525
128095 286357 443
601392 833611 509
935480 858543 476
220823 274301 443
361846 185397 443
359772 364801 410
254582 184363 443
992924 504561 525
57838 732051 509
354718 921630 525
570720 438332 470
353298 819940 509
63443 327890 443
288419 469604 449
160922 305461 443
125956 747329 509
607262 237148 470
367040 302027 441
55938 954887 525
885728 369060 525
956752 363008 525
