1 10 20
100 200 125
201 210 89
900 1000 174
1 1 1
999999 999999 259
300 301 17
9 8 20
32 88 116
26 80 116
46 76 116
38 91 116
64 66 28
44 45 17
25 70 113
84 7 116
88 43 116
19404 50819 324
35657 75482 340
45164 51600 314
40967 41043 244
36395 21053 324
4280 78938 351
26863 71323 340
46908 71011 340
90487 17755 351
38065 48079 314
44077 45445 314
77206 33438 351
64460 20915 340
15506 44305 324
94531 58948 351
99093 5558 351
13261 91846 351
72600 4500 340
38323 41040 306
7761 92931 351
18872 2239 279
17048 8793 276
4119 7220 262
6946 5064 262
10737 4186 262
18561 8867 279
8261 7251 252
14858 423 276
7899 5086 262
19363 14836 279
6738 19719 279
4015 13467 276
4622 769 238
5408 9992 262
1956 10686 262
18357 12688 279
10747 17270 276
14418 4677 276
1200 4012 238
9143 10474 260
425255 373230 449
206597 850804 525
267374 874330 525
716241 936651 525
820374 375163 509
748993 81138 509
492093 112531 449
411984 131856 449
364321 148992 443
583495 849112 525
167730 518324 470
628040 846852 525
353456 847506 525
304450 600571 470
388224 908587 525
211994 93736 383
577585 718474 509
833147 383444 509
714197 28604 509
669475 399046 509
551624 277714 470
859070 158413 525
417298 178001 449
297878 740400 509
356003 122825 443
842556 124429 525
772742 898013 525
159176 976044 525
993031 189903 525
838276 798749 525
474875 346782 449
752063 956535 525
804099 992935 525
793505 200164 509
445549 183642 449
581245 382953 470
500484 13973 449
98592 396065 443
447078 36374 449
305323 696832 509
994503 966822 458
739870 869666 525
562937 612168 434
798703 594312 509
831411 645047 504
643338 930956 525
781306 829389 468
870912 748464 525
602014 676303 509
858105 986316 507
865163 610408 525
798710 555452 509
869333 608858 525
681538 999181 525
858553 546091 525
935735 602089 525
784369 852132 525
931378 654585 525
722777 765402 424
813561 906386 525
681695 669 509
113632 524 354
343680 127 443
953833 270 525
425745 388 449
494108 239 449
693936 104 509
249594 868 443
446728 718 449
37539 542 324
22504 14706 279
23614 12628 282
20683 13982 279
25517 12544 282
24838 14844 282
