1 10 20
100 200 125
201 210 89
900 1000 174
551732 754244 509
718771 899641 525
910404 753770 525
467002 240997 449
373967 767764 509
742267 650208 504
991127 167376 525
75573 609642 470
906318 993636 507
14756 73534 340
358418 149394 443
869458 961814 507
569131 915721 525
609625 658167 509
741322 255085 509
54590 198074 383
210745 529285 470
720391 986397 525
245747 28183 443
414529 214222 449
544792 595650 452
554371 952567 525
688523 500693 509
626681 267243 509
773067 145462 509
74037 539370 470
625562 991005 525
641678 311353 509
190490 299318 443
923460 378173 525
424295 188025 449
97873 946822 525
809080 420837 509
464471 646439 509
419188 677893 509
57083 468890 449
227024 333141 443
932464 707229 525
371421 316017 441
974870 878308 507
892669 868174 445
112802 192959 383
57222 399865 443
470663 936901 525
52752 626152 470
223409 987307 525
340540 734410 509
932255 57993 525
629314 578532 509
957509 498704 525
479874 85875 449
823939 619370 509
2509 55726 340
922850 460501 525
489258 275851 449
596101 342416 470
33329 410627 449
88040 73005 351
826643 132770 509
263637 987125 525
49751 48708 296
336214 555439 470
381208 615442 470
975553 791457 525
817870 367544 509
475280 641178 509
853786 343333 525
262648 853303 525
260547 173659 443
698485 314794 509
614376 550289 434
235920 360134 441
811185 423433 509
261764 594743 470
96673 216498 386
396338 850287 525
513622 223942 470
760096 854057 525
57229 453719 449
169430 511929 449
544078 165037 470
204162 29931 383
520610 703164 509
399293 278240 441
694571 484405 509
973482 173117 525
892170 293356 525
233461 188567 443
742403 496915 509
448911 942648 525
95091 385742 443
452658 295402 449
760059 545255 509
359152 219544 443
205358 733871 509
993432 378396 525
82653 341757 443
20339 419292 449
803541 568440 509
559792 699004 509
788083 333545 509
726545 322838 509
611858 23167 470
210769 584526 470
969870 703689 525
594464 990221 525
210372 553271 470
777510 513337 509
492612 646260 509
218741 226598 368
740005 483381 509
97986 383546 443
686513 34994 509
429769 499233 444
922963 992127 507
734617 124846 509
739479 56231 509
775806 413520 509
237287 161690 443
137365 559522 470
725708 791267 468
577742 599405 434
852802 709024 525
938563 642676 525
524336 822299 509
332506 698461 509
83908 626829 509
174648 308516 443
316234 111475 443
796978 249850 509
958180 94741 525
508459 444240 444
214430 650835 509
506557 668899 509
794915 263234 509
356766 638036 509
276949 981357 525
535347 736731 509
111363 179446 383
471955 70485 449
389782 537590 470
940590 664971 525
851183 131187 525
70018 953869 525
691480 364045 509
963321 988456 458
884022 151091 525
146643 688 375
566046 205757 470
596610 602310 403
1 1000000 525
