1 10 20
100 200 125
201 210 89
900 1000 174
90 98 119
1 100 119
100 300 128
301 208 128
1 1 1
999 999 50
1 9999 262
20 399 144
37 987 179
123 456 144
654 321 145
121 211 125
211 111 125
123456 789876 509
10000 100001 351
2 12 20
3 17 20
999999 1 525
2222 777777 509
483 288888 443
3 987654 525
1234 5678 238
8765 4321 262
272727 272727 84
8999 89999 351
999998 999999 259
543789 438999 438999
20000 30000 470
878787 878789 308
1 2 2
11 22 21
111 222 125
1111 22222 182
11111 222222 279
222222 111111 386
404040 404001 224
89 10000 262
203 488 144
735 377 171
7777 8888 252
191919 234123 443
9000 9909 260
101010 101011 98
101011 101011 98
74444 228837 386
11111 22222 279
33333 44444 324
55555 66666 335
77777 88888 338
99999 88888 333
77777 66666 351
55555 44444 340
33333 22222 308
99999 11111 351
111111 222222 386
222222 111111 386
333333 444444 449
444444 333333 449
444444 555555 470
555555 444444 470
555555 666666 509
666666 555555 509
666666 777777 504
777777 666666 504
777777 888888 525
888888 777777 525
888888 999999 507
999999 888888 507
500 10000 262
10000 20000 279
20000 40000 324
40000 80000 351
80000 160000 383
160000 320000 443
320000 640000 509
640000 128000 509
256000 128000 443
999999 256000 525
232323 323232 407
434343 343434 449
545454 454545 470
656565 565656 509
767676 676767 504
878787 787878 525
989898 898989 507
909090 919191 476
221113 485738 449
548674 273643 470
322774 596832 470
432130 470000 444
573267 583922 434
274891 485361 449
182426 596422 470
273744 294595 389
322555 555555 470
877284 392848 525
483727 38485 449
43754 3727 324
24 345 144
35 55 113
23 32 112
2 2 2
3 3 8
4 4 3
5 5 6
6 6 9
7 7 17
8 8 4
10 11 15