1 10 20
100 200 125
201 210 89
900 1000 174
9500 16201 276
87955 652398 509
794620 88421 509
549841 8795 470
785 988413 525
9845 14512 276
98613 97613 297
79613 987915 525
98 451 144
974511 345616 525
4512 564 238
784 99451 351
2 999999 525
654 9413 262
48451 6586 324
9855 78 262
145 987451 525
34516 451136 449
36512 641239 509
784 6512 262
7513 9845 260
64851 942 340
1542 245365 443
658154 845136 525
35162 461364 449
984 14563 276
451 3451 217
9845 10245 242
784 6512 262
6457 45169 324
7481 154763 375
895 451368 449
9 845 171
7845 154269 375
235 4851 238
84 7812 262
954 36512 324
485168 754126 509
65134 864513 525
7845 65481 340
62 41526 324
8941 26547 282
77325 6512 351
265411 584916 470
48516 845169 525
38 9541 262
954 45168 324
95 154886 375
356 4512 238
6589 841 262
145 84516 351
956 51 179
86451 854 351
3647 841 217
95154 951648 525
8945 154236 375
849 65137 340
1549 63248 340
3625 784951 509
954364 8451 525
78452 89463 338
15489 5416 276
894 4851 238
12 7845 262
89 15426 276
1365 78451 351
884512 5126 525
54893 2547 340
456123 6811 449
1545 784516 509
58136 451 340
7456 95163 351
154 25 122
6615 95613 351
854 84451 351
63254 13542 340
3625 36248 324
98456 65213 351
784952 254168 509
62358 1542 340
15428 45123 324
784 85461 351
854612 45136 525
784 120486 354
7845 15478 276
63251 784516 509
45 8459 262
1548 84162 351
95613 54781 351
451 8453 262
962 6358 262
362157 784962 509
1547 784512 509
26 458193 449
26 845 171
9561 74581 340
784613 154681 509
4516 8592 262
516 48512 324
7894 84516 351
154938 451268 449
19873 155448 375
35915 846912 525
2516 458 209
3764 154297 375
15 846235 525
1547 4519 238
846 8459 262
4516 73548 340
784 956 179
548891 165423 470
15489 154299 375
78463 78456 307
15493 451987 449
154893 154923 202
45813 845923 525
461853 756419 509
8493 94516 351
516478 451637 470
24156 136749 354
264869 154268 443
648519 547138 509
451 8451 262
78451 2154 351
5186 1365 238
45816 1547 324
4518 945163 525
154 78451 351
364 194623 383
45178 51263 314
95416 845136 525
845 62351 340
4518 77415 351
1 1000000 525
32 15 112
36 845 171
