1 10 20
100 200 125
201 210 89
900 1000 174
10 1 20
200 100 125
210 201 89
1000 900 174
2500 2600 178
2600 2700 191
2700 2800 173
2800 2900 173
2900 3000 217
3000 3100 186
3100 3200 199
3200 3300 168
3300 3400 181
3400 3500 181
3500 3600 194
3600 3700 207
3700 3800 238
3800 3900 176
3900 4000 189
4000 4100 189
4100 4200 189
4200 4300 202
4300 4400 215
4400 4500 184
22500 22600 269
22600 22700 220
22700 22800 238
22800 22900 207
22900 23000 194
23000 23100 238
23100 23200 207
23200 23300 176
23300 23400 220
23400 23500 251
23500 23600 282
23600 23700 251
23700 23800 220
23800 23900 251
23900 24000 220
24000 24100 251
24100 24200 189
24200 24300 251
24300 24400 189
24400 24500 202
122500 122600 243
122600 122700 256
122700 122800 243
122800 122900 318
122900 123000 181
123000 123100 256
123100 123200 256
123200 123300 287
123300 123400 331
123400 123500 287
123500 123600 194
123600 123700 305
123700 123800 212
123800 123900 287
123900 124000 318
124000 124100 181
124100 124200 225
124200 124300 225
124300 124400 287
124400 124500 287
522500 522600 333
522600 522700 271
522700 522800 196
522800 522900 302
522900 523000 302
523000 523100 258
523100 523200 196
523200 523300 240
523300 523400 271
523400 523500 258
523500 523600 240
523600 523700 289
523700 523800 196
523800 523900 178
523900 524000 302
524000 524100 271
524100 524200 271
524200 524300 271
524300 524400 271
524400 524500 302
822500 822600 220
822600 822700 238
822700 822800 207
822800 822900 331
822900 823000 220
823000 823100 282
823100 823200 331
823200 823300 238
823300 823400 326
823400 823500 282
823500 823600 220
823600 823700 375
823700 823800 282
823800 823900 238
823900 824000 238
824000 824100 220
824100 824200 251
824200 824300 251
824300 824400 326
824400 824500 251
