1 10 20
10 20 21
20 25 24
90 100 119
11 21 21
21 31 112
31 41 110
41 51 110
51 61 113
61 71 108
71 81 116
81 91 111
91 101 119
101 111 114
111 121 96
121 131 122
131 141 91
141 151 117
151 161 99
161 171 125
171 181 125
181 191 107
201 211 89
211 212 40
212 222 115
222 231 128
212 233 128
233 243 128
253 263 123
273 283 92
283 293 118
301 311 87
321 331 144
331 341 113
341 351 126
351 361 126
361 371 95
381 391 121
391 400 121
401 411 134
411 421 134
421 431 103
431 441 116
451 461 129
461 471 129
471 488 142
489 500 142
500 516 124
520 561 137
513 599 137
600 610 132
610 621 132
621 631 132
631 641 132
641 651 145
651 661 145
661 671 145
671 681 114
681 691 127
701 711 171
711 721 65
721 731 140
731 741 140
741 751 140
751 761 140
761 771 153
771 781 153
781 791 122
801 811 135
811 821 135
821 831 135
831 841 135
841 851 60
851 861 148
861 871 179
872 881 148
881 889 148
890 899 117
900 910 117
910 921 130
921 930 130
931 941 174
941 950 130
950 960 130
961 970 143
970 980 143
981 999 143
1000 1111 169
1234 1239 133
1300 1350 177
1366 1400 159
1400 1420 172
1420 1433 66
1435 1488 172
1488 1590 167
1356 1500 172
1590 1600 123
1600 1610 167
1610 1640 136
1640 1666 180
1666 1777 180
1777 1888 175
1888 1999 175
1999 2010 144
2010 2033 157
2033 2066 157
2066 2088 157
