1 1 1
999999 999999 259
10 8 20
879 564 179
283923 82931 443
89231 20 351
88578 99232 333
90 12 116
5748 99983 351
90909 10394 351
99998 99999 227
508994 300495 449
588686 945005 525
123456 654321 509
88 12 116
1 999999 525
999999 1 525
80 8 116
803425 394 509
43412 12000 324
989781 407902 525
930113 149436 525
992442 668926 525
965032 552397 525
280234 130663 443
894514 918771 476
302672 919058 525
249986 99007 443
813099 898914 525
634121 219642 509
522868 408706 470
199722 907207 525
815332 970116 525
758611 446475 509
399865 161550 443
674099 577690 509
162743 166832 352
344291 503344 449
841113 570016 525
957260 541548 525
833018 640888 504
154673 913963 525
557998 95986 470
313657 312129 384
208524 239408 443
212764 998873 525
846038 330957 525
125902 491564 449
823436 57072 509
893939 991520 507
18375 497335 449
672145 227770 509
928233 458186 525
772423 683216 504
416708 728573 509
316115 629416 509
455051 44824 449
608609 766456 509
239745 351673 441
361133 35152 443
289860 956876 525
265036 894311 525
610019 546609 452
164718 507193 449
441100 69350 449
883894 237840 525
946404 516858 525
992058 828310 525
161516 764675 509
580530 635523 509
574371 511210 470
529153 4157 470
7645 376405 443
348402 131212 443
704724 623884 509
910138 764697 525
370743 58462 443
109934 141569 349
212081 598961 470
814244 631313 504
905878 61561 525
654154 254971 509
549929 881870 525
117580 508202 449
978083 399353 525
578980 765703 509
524936 308369 470
441833 450220 369
328438 669331 509
650683 211407 509
243975 520984 470
231979 30074 443
163073 602318 470
53984 244455 443
645687 789716 504
169675 122797 383
13108 470390 449
684009 399668 509
658332 324816 509
196061 695088 509
257030 140955 443
632640 612347 509
208818 824306 509
976652 490361 525
117298 715961 509
562901 316 470
381807 789847 509
78599 205396 383
937936 526754 525
799341 76681 509
438824 52639 449
677459 808908 504
650306 386872 509
94429 380475 443
620566 943084 525
633555 194748 509
517180 66701 470
96595 308296 443
849833 128621 525
308459 329189 384
537695 298434 470
805796 264614 509
256229 355251 441
896215 232671 525
965414 202417 525
905935 703622 525
46648 816781 509
283792 952715 525
236953 964881 525
704441 601254 509
558758 674348 509
983937 73816 525
848175 375065 525
574996 457665 470
113154 221441 386
839005 440403 525
433989 863483 525
129790 261380 443
950532 769195 525
476636 53294 449
809552 545644 509
231489 54746 443
640503 648596 416
798857 834976 450
865637 508496 525
981215 835802 525
675020 32784 509
21174 167800 383
584432 202415 470
164336 410177 449
454678 74942 449
296050 586638 470
536802 483895 470
1381 646512 509
102813 614064 470
178585 20787 383
150164 986942 525
204854 581590 470
670518 873182 525
172812 935292 525
221834 442461 449
104824 621373 470
553267 831573 509
332144 794646 509
437430 245567 449
483752 809758 509
125219 407838 443
680655 669667 385
