1 10 20
2 17 20
14 3 20
14 55 113
55 70 113
50 10 112
12 34 112
24 46 112
15 35 112
134 135 42
125 236 128
158 357 144
236 799 171
2578 3588 217
2346 3457 217
1234 2345 183
23 445 144
235 456 144
234 345 144
456 567 142
345 546 142
234 456 144
5679 5678 161
457890 345798 449
23457 566789 470
23467 368900 443
233 455 144
3666 3467 194
5679 5678 161
12346 234567 443
45689 567000 470
123557 456896 449
37584 845753 525
337596 3945956 597
1234 69798 340
25465 960667 525
235 2344 183
434 3456 217
235 4678 238
3456 3689 194
5256 4578 210
344678 577892 470
2345 65647 340
1 2 2
1 3 8
1 4 8
1 55 113
1 55555 340
24355 234533 443
23457 254688 443
2322 232354 443
23 346 144
655 42 145
346 346 33
43 22 112
32 21 112
21 1 21
2 21 21
21 32 112
112 124 109
3563 457 217
3456 5633 238
3467 45234 324
45452 457346 449
32 434 144
434 545 142
544 656 145
767 8787 262
4345 4567 215
345 3547 217
5678 8499 262
4536 7579 262
4536 8985 262
25366 38605 324
12362 727468 509
2 4 8
3 8 17
346 864 171
145 3468 217
232 565 144
2457 4588 238
43567 46789 314
24567 45789 324
2567 46789 324
2562 3232 217
46263 23678 324
23423 23645 282
23467 444444 449
565643 236743 470
236236 767457 509
23243 673673 509
234534 44562 443
343 356 126
4 6 9
6 99 119
48 89 116
464 7689 262
1 456 144
345 1 144
452 10 144
34010 20 308
23 53 112
245 2375 183
3452 5642 238
12453 3624 268
43134 66566 340
41 66 113
36 76 116
2344 56 183
45 7367 262
342 4563 238
45765 23424 324
4545 23678 282
234 345 144
456 678 145
678 807 171
4567 34578 311
678 3452 217
23456 245737 443
456 634 142
5434 67337 340
46 643 144
242 435 144
354 456 134
567 56 144
456 3456 217
2346 3457 217
1234 2345 183
345 5642 238
42327 74683 340
13462 6456 276
2367 7527 262
37235 245728 443
