231621 487313 449
658580 494670 509
976422 175260 525
4399 914707 525
962451 706945 525
530441 758419 509
36294 749862 509
735695 534146 509
113129 84257 354
743210 585589 509
818947 10863 509
617916 152927 470
278251 854498 525
581329 333733 470
393078 530353 470
558648 337215 470
911423 651060 525
255347 761917 509
170360 568734 470
335107 831595 509
330892 298638 384
51693 762222 509
672295 265292 509
268921 469715 449
180364 23123 383
503990 972123 525
481843 745527 509
911076 704939 525
346289 547768 470
54397 355424 443
604850 871450 525
366018 438224 449
896196 978587 507
481554 308664 449
68841 448411 449
744254 961531 525
241150 756220 509
717147 499415 509
450319 868086 525
107646 690856 509
825645 977784 525
511013 641602 509
473926 921364 525
121987 192040 383
614144 187982 470
563252 1335 470
561522 103403 470
374094 760232 509
511389 253868 449
625465 452866 470
248485 625624 470
36615 454940 449
281186 645494 509
116499 453181 449
545245 284044 470
100498 941206 525
147312 453363 449
2001 242664 443
673165 773868 504
292206 710804 509
16426 263008 443
996782 831347 525
107424 298327 443
829609 801572 450
244440 241439 337
991276 765502 525
934691 454706 525
402755 792587 509
637249 118321 509
196021 916391 525
812658 319650 509
408528 479264 449
659843 228553 509
232723 406050 441
187459 41727 383
71033 728091 509
844722 915653 476
655949 37036 509
724021 820854 468
721193 557050 509
778238 23985 509
182285 411783 449
268666 279596 407
707515 342620 509
380715 708807 509
858978 526828 525
183045 448002 449
107102 187969 383
358951 186757 443
513630 532097 439
399954 347308 436
965745 672134 525
535446 970323 525
68325 378268 443
930868 414710 525
736633 986338 525
216019 132496 383
744962 303048 509
917764 950101 507
406347 731643 509
113084 942984 525
190285 154613 383
65662 602327 470
969835 890451 507
445051 763523 509
644761 254400 509
598827 782427 509
301486 543993 470
833699 301494 509
335959 472816 449
49423 570328 470
400704 450864 449
284666 75054 443
195936 705571 509
828367 154099 509
124577 266924 443
140518 5317 354
817914 74002 509
967172 798939 525
605257 683953 509
362065 236126 441
706327 932989 525
19979 349802 443
177611 561336 470
439776 140703 449
933633 926981 476
638467 970981 525
870327 571918 525
188394 61979 383
97999 843009 525
108864 230546 386
386182 879301 525
129051 949885 525
214405 391782 443
805965 420931 509
766860 106113 509
181795 490449 449
906662 85491 525
374041 262397 441
346626 613226 470
762112 738669 424
12573 209793 383
947067 280304 525
581102 159810 470
977448 347832 525
842672 64577 525
883591 411354 525
355996 569041 470
549031 333186 470
875500 448043 525
5 5 6
1 1 1
4 5 6
5 4 6