1 10 20
100 200 125
201 210 89
900 1000 174
3113 1695 217
1585 6278 262
40 159 122
4694 6890 262
882 4379 238
2464 5129 238
1506 4603 238
466 7610 262
4471 3379 238
1340 2744 209
1774 696 182
5937 7089 262
3740 424 238
1004 4087 238
5954 279 238
2625 5108 238
7111 493 262
4270 5484 215
1785 4487 238
3619 7407 262
6807 3717 262
5253 6823 262
1022 54 179
156 6946 262
3952 7079 262
878 771 179
1376 1518 172
3638 615 217
303 4368 238
4393 1313 238
3868 6868 262
52 4333 238
7174 719 262
7423 798 262
5773 3692 238
3328 7148 262
3401 4770 238
49 2737 209
1321 6178 262
1944 1330 180
5935 7092 262
4915 6084 236
3929 7571 262
2653 1695 209
1117 1727 182
2154 1222 180
4827 2743 238
6481 5134 262
2150 6034 238
5877 6564 262
3310 122 217
3101 1652 217
6038 558 238
6586 4850 262
82 5479 238
4410 4575 184
3485 6157 238
1838 188 182
4441 7355 262
204 7407 262
5631 6010 218
325 6060 238
6682 5816 262
4903 593 238
6612 1333 262
1243 5446 238
1045 99 179
3867 6566 262
2314 362 183
3997 1844 238
824 7954 262
4444 1316 238
7037 6380 257
4732 5684 236
1271 1254 177
1426 84 182
209 5226 238
3929 5481 215
2194 6202 262
342 5805 238
4693 1076 238
5115 6509 262
3895 6786 262
3319 7499 262
358 6480 262
7310 2279 262
3248 1151 217
7983 5972 262
6640 4023 262
4823 6971 262
2489 2011 209
4072 1394 238
5185 3133 238
6537 5283 262
6551 3215 262
2123 6025 238
3490 6237 262
6055 6893 262
5596 747 238
2224 5047 238
7294 6126 262
1514 2303 183
5662 1614 238
5929 1003 238
6178 2647 262
4838 3549 238
5108 1664 238
2250 4418 238
7228 3438 262
7344 6472 257
5574 213 238
4522 3877 215
2623 4002 238
367 3639 217
3262 7448 262
7559 7359 239
5550 7525 262
7537 3495 262
5480 4763 210
1858 1430 180
3167 4655 238
5648 2450 238
674 5332 238
3804 7129 262
309 2529 209
7209 3409 262
5749 4127 236
2640 4803 238
2511 559 209
6269 364 262
1097 5823 238
4285 2975 238
2350 7078 262
5048 6580 262
6493 5859 262
317 4364 238
2871 4274 238
6977 5218 262
4924 2417 238
5038 6269 262
4328 3459 238
557 6792 262
6392 4024 262
3068 4652 238
6871 513 262
4770 3245 238
5635 5518 236
4289 7800 262
3025 4755 238
6039 1146 238
3383 6155 238
7148 599 262
820 5199 238
7153 3427 262
5605 55 238
4966 463 238
3266 3427 181
6514 1047 262
3664 1345 217
656 6101 238
247 5914 238
6013 3382 238
1538 7755 262
6394 1899 262
1868 924 182
5280 3924 215
2798 5779 238
841 1051 179
4522 1803 238
7489 1828 262
4694 3148 238
3360 4545 238
5656 4548 236
5033 7601 262
7253 449 262
4878 7907 262
4918 382 238
3080 6928 262
3917 607 238
6196 1622 262
4736 7678 262
432 2017 182
2909 6574 262
1995 5635 238
846 7255 262
4307 7705 262
994 2286 183
2099 6011 238
2436 6850 262
4575 6436 262
4428 1379 238
1574 4390 238
1156 7901 262
4515 46 238
5368 2011 238
2082 7118 262
897 7079 262
6857 5164 262
2154 3472 217
3958 5657 236
