1 10 20
100 200 125
201 210 89
900 1000 174
1 1 1
999998 999999 259
2000 2000 113
4001 4000 114
300 1400 182
197891 141823 383
168512 772197 509
254123 143306 443
124212 667818 509
168996 172437 334
40361 312286 443
875132 591532 525
247218 122673 443
375784 15344 443
992319 966162 458
976405 723545 525
149594 803573 509
181096 849050 525
568497 360045 470
589999 385021 470
129879 746607 509
988588 224076 525
79224 489020 449
689282 333152 509
675050 430151 509
961137 83072 525
565036 690565 509
378318 182545 443
466508 336568 449
91119 941833 525
378831 710316 509
771892 762238 468
81238 904244 525
233173 125340 443
398707 545030 470
773846 761404 468
749241 656727 504
308670 541435 470
643541 125971 509
631988 972510 525
286621 189147 443
648633 924528 525
610986 230855 470
740564 355535 509
92285 956509 525
707139 167517 509
677632 148576 509
987502 560059 525
766365 93144 509
979940 55658 525
134666 147897 375
52201 691928 509
783210 14859 509
857782 69078 525
678697 266915 509
985502 265745 525
155300 765170 509
582992 974988 525
567314 735059 509
554956 45070 470
149150 774765 509
55171 421888 449
129300 627389 509
933393 218857 525
663252 918779 525
11937 120887 354
710770 866843 525
47677 946939 525
596579 624377 447
638776 218042 509
747458 816717 468
40611 922414 525
759298 711167 424
516962 532011 439
756238 88202 509
165160 908721 525
284868 285999 376
533357 902321 525
948127 703880 525
725315 98932 509
641328 919391 525
642992 805337 504
180818 142766 383
676146 230876 509
607675 948405 525
479388 347731 449
646790 724234 504
636167 426708 509
167962 737142 509
969090 499508 525
442132 978690 525
368899 906220 525
617667 891958 525
532439 905006 525
315420 277174 389
165601 677244 509
93268 693262 509
620722 784346 509
102151 573786 470
799775 580774 509
14943 618455 470
384772 861693 525
746681 660212 504
176028 278174 443
863983 480138 525
847006 44361 525
600537 529505 452
306733 402772 441
606776 341148 470
875838 112035 525
121377 202837 383
558043 982425 525
976261 136222 525
452624 511871 444
29511 986475 525
812915 113976 509
32563 364187 443
302657 97402 443
178145 672089 509
519870 126849 470
918354 544975 525
443016 249580 449
29122 543801 470
376860 4745 443
