1 10 20
100 200 125
201 210 89
900 1000 174
210219 562117 470
951578 876581 525
341403 542400 470
883265 393400 525
147186 882171 525
244558 388499 443
58094 129600 354
315132 348583 443
90070 873842 525
416977 900618 525
462595 447852 449
31242 169823 383
415031 625144 470
49885 972557 525
407057 474189 449
782599 544977 509
649228 772748 509
6069 666738 509
424068 84918 449
668921 247937 509
506969 611332 470
164625 936500 525
541605 21001 470
124153 571158 470
858788 486160 525
654977 447226 509
541977 89359 470
57583 389480 443
519228 746532 509
427348 721255 509
643565 561819 509
808482 910894 525
181300 94595 383
839212 624613 525
755655 605840 509
986788 62028 525
194859 420940 449
847925 220658 525
210368 932152 525
927106 534941 525
920476 302331 525
110837 183474 383
676353 188065 509
594984 631720 509
201995 403951 443
439116 822794 509
545908 890507 525
410703 32045 449
86364 506984 449
289186 552914 470
4395 578078 470
579820 760676 509
948388 711674 525
719666 489602 509
533011 978963 525
630448 105361 509
573868 522260 470
828620 771845 509
446611 893064 525
918973 60496 525
710671 990681 525
337346 615427 470
570071 176916 470
332191 913000 525
457998 1553 449
842211 600838 525
444098 489511 449
954196 448889 525
687790 140911 509
610496 596837 470
363052 665381 509
588234 838617 525
614717 971355 525
349266 739000 509
192252 497562 449
24958 912808 525
47751 290469 443
385422 667755 509
65306 33922 340
925400 462706 525
757306 856908 525
866830 92166 525
225873 101108 386
256763 900489 525
845574 780020 525
8234 152127 375
100541 165803 383
106391 978839 525
674210 812583 509
652285 896990 525
886095 482127 525
292930 836978 509
341925 450420 449
204431 950592 525
51986 282876 443
222222 469771 449
856515 434050 525
483900 542427 470
673342 263261 509
487094 806969 509
1 1 1
2 2 2
3 3 8
4 4 3
5 5 6
6 6 9
7 7 17
8 8 4
9 9 20
10 10 7
10 1 20
9 2 20
8 3 17
7 4 17
6 5 9
5 6 9
4 7 17
3 8 17
2 9 20
1 8 17
8 96 116
96 870 171
870 6170 238
6170 77030 340
77030 837798 509
1 9 20
8 97 119
96 871 179
870 6171 262
6170 77031 351
77030 837799 525
1 8 17
1 96 116
1 870 171
1 6170 238
1 77030 340
1 837798 509
1 9 20
1 97 119
1 871 179
1 6171 262
1 77031 351
1 837799 525
8 1 17
96 8 116
870 96 171
6170 870 238
77030 6170 340
837798 77030 509
9 1 20
97 8 119
871 96 179
6171 870 262
77031 6170 351
837799 77030 525
8 9 20
96 9 116
870 9 171
6170 9 238
77030 9 340
837798 9 509
9 8 20
97 8 119
871 8 179
6171 8 262
77031 8 351
837799 8 525
