1 10 20
100 200 125
201 210 89
900 1000 174
5 333 144
2 2223 183
375 788 171
1 1 1
1 2 2
1 3 8
2 4 8
1 5 8
1 9 20
1 65 113
100 101 26
1000 10000 262
5000 15000 276
3 5 8
3 4 8
17 93 116
17 94 116
12 32 112
12 59 113
333 444 134
21 8 21
22 7 21
100 1 119
111 2 119
128 1 119
1 5 8
37 19 112
18 527 144
17 3598 217
4000 6009 236
5 5 6
7 8 17
7 9 20
7 11 20
11 7 20
32 33 27
50 60 113
50 70 113
2 3 8
2 5 8
89 1327 182
89 34 116
67 55 113
546 678 145
123 4567 238
6 8 17
68 89 116
1 5555 238
5555 9000 262
23 27 112
23 67 113
34 89 116
34 90 116
34 900 179
12 13 10
12 12 10
15 21 21
200 500 144
500 200 144
501 500 111
500 500 111
45 47 105
45 495 144
21 12 21
56 99 119
2 999 179
1 9 20
78 89 111
55 77 116
5 7 17
5341 6534 262
2229 8740 262
7890 9125 252
981 1199 182
981 1120 169
980 1119 169
981 1200 182
678 4576 238
12 999999 525
1 999999 525
34 982 179
2 2222 182
4 16 20
76 78 36
89 91 93
90 211 125
17 19 21
1 6 9
854 919 179
47 49 105
47 56 113
279 1080 179
2 256 128
1 256 128
89 56 116
78 87 111
34 56 113
12 90 116
11 1111 179
543 971 179
345 908 179
895 987 174
1119 7523 262
34 678 145
12756 54647 340
28575 58999 340
39705 98976 351
69787 99999 351
45980 79593 351
1000 89023 351
5647 68493 340
5839 9998 262
47565 77585 351
81645 65847 351
95847 21038 351
987 7 179
7 987 179
1726 45679 324
3162 91826 351
5647 67 238
13 17 18
1908 1087 182
1907 14567 276
11111 22222 279
11111 22223 279
