1 10 20
100 200 125
201 210 89
900 1000 174
154048 534672 470
444603 639354 509
812538 450063 509
418737 286282 449
89171 224613 386
855521 368505 525
350601 958065 525
566991 212760 470
14785 479067 449
720889 68667 509
918032 702266 525
183999 175970 365
850071 992815 507
603106 319126 470
624346 803291 509
890992 194733 525
501838 17312 449
678843 369368 509
449568 248566 449
697314 376779 509
535919 151605 470
640338 10147 509
20111 208953 383
164645 491679 449
515035 128444 470
36800 439897 449
398338 614053 470
998536 119920 525
214979 449613 449
337053 187316 443
57028 728277 509
106710 687645 509
256311 593093 470
712535 976736 525
256687 106325 443
102216 295638 443
78794 901036 525
243366 632198 509
177101 581086 470
255824 841973 525
472183 284474 449
934024 709752 525
581679 371268 470
873920 130056 525
358373 883313 525
965667 693031 525
85990 107395 354
458181 732332 509
805157 857029 525
393341 998039 525
906470 590859 525
94288 231624 443
43035 294994 443
433754 510405 444
616460 873914 525
609312 550891 434
340331 543459 470
593303 875525 525
991519 9303 525
552640 934000 525
276169 589818 470
825389 778303 468
163111 328738 443
569184 194563 470
681095 957585 525
39353 887354 525
732436 388222 509
591054 870137 525
153180 737798 509
646433 248593 509
881723 236149 525
684719 172449 509
675406 398639 509
604634 345338 470
213546 856922 525
474869 936965 525
623850 962254 525
235255 332531 407
517226 618129 452
262355 409664 441
735947 412350 509
898897 597600 525
36544 613720 470
4518 468151 449
314112 280840 389
76872 185085 383
286418 912167 525
267603 613891 470
595126 433161 470
43091 308069 443
530243 141255 470
160579 628084 509
405764 363674 436
975311 23076 525
109365 452275 449
357682 788534 509
925826 799509 525
364647 31117 443
647817 291999 509
921844 727788 525
829535 865077 525
7467 716757 509
385177 790382 509
395039 525473 470
669273 108706 509
379314 276777 441
191285 19031 383
498747 124599 449
912339 506684 525
55905 415698 449
984905 584349 525
162565 876332 525
564141 145867 470
3483 248393 443
608873 691666 509
341629 327326 366
460502 304885 449
745421 233393 509
655200 744714 504
580326 879173 525
911071 546222 525
478398 827277 509
198089 27899 383
702810 903167 525
