1 10 20
100 200 125
201 210 89
900 1000 174
2000 2000 113
1 999999 525
88888 88889 95
900000 900001 189
75634 79534 351
500000 500001 152
1 1 1
202 204 40
999999 1 525
450 451 54
500000 500000 152
1 2 2
2 2 2
2 4 8
4 1 8
2 1 2
9 10 20
200 203 40
780 942 179
50000 500001 449
760000 760001 225
251 8400 262
250 250 110
999999 999999 259
823 635636 509
4325 63451 340
76 5363 238
545 6546 262
2345 6774 262
123 1234 182
532 314 144
5900 5901 143
1 3 8
1 5 8
1 7 17
1 9 20
3 1 8
5 1 8
6 1 9
8 1 17
74 1 116
980001 999999 440
950000 999999 458
545345 174563 470
7453 562456 470
5262 656249 509
42455 2341 324
563 62365 340
212 212 14
124 521 144
735235 678465 504
732425 732425 181
59145 5266545 597
1312 131 182
1 20 21
1 21 21
1 22 21
1 23 21
1 24 21
1 25 24
1 26 24
1 27 112
1 28 112
1 29 112
1 30 112
999999 999998 259
999999 999997 259
999999 999996 259
999999 999995 259
999999 999994 259
999999 999993 259
999999 999992 259
999999 999991 259
8131 9234 247
85275 32942 351
294 5258 238
9535 985835 525
3857 3248 238
646 123 144
18424 24942 282
28474 1238 308
12394 9442 268
24249 2432 282
9123 3259 262
1324 2423 183
100 500 144
600 1000 179
833 933 179
133 324 131
954 9999 262
9 9999 262
99999 123456 354
12345 123456 354
3424 9831 262
425 93420 351
9000 900052 525
424 232 144
777 777 34
777 778 122
1 500001 449
500001 1 449
500001 500002 113
500002 500001 113
500001 500003 113
499999 500000 258
499998 500000 258
499997 500000 258
499998 500001 258
499999 400001 449
4255 55 238
55 66 113
77 88 111
99 111 114
131 313 131
727 272 171
88 121 119
911 9123 262