1 10 20

100 200 200
201 210 125
900 1000 174
5 24 21
33 333 144
79 80 36
1000 1250 182
11 111 119
1 1500 182
10000 10050 211
99 9999 262
66 72 103
88 95 106
2445 5555 238
21 31 112
44 656 145
55 98 119
2000 3000 217
4000 5000 215
6000 7500 262
8500 9999 260
666 6666 262
13 1313 182
2121 2222 170
879 978 174
69 96 116
1 21 21
555 666 145
3321 4646 238
9 19 21
46 466 144
32 323 131
7 77 116
9 11 20
1 3 8
5 28 112
49 550 144
79 790 171
55 64 113
77 565 144
5 66 113
42 423 144
420 540 142
56 643 144
20000 21000 256
1002 1313 182
653 9797 262
1 99 119
22 56 113
1 1 1
5 6 9
21 22 16
6 97 119
97 666 145
9 89 116
666 699 145
54 455 144
21 33 112
123 789 171
321 654 145
87 455 144
21 22 16
123 855 171
54 66 113
212 3333 217
656 1371 182
545 798 171
96 694 145
70 71 103
71 89 116
333 2245 183
13 99 119
65 898 179
75 254 128
93 365 144
11 77 116
87 10000 262
93 99 119
8000 9536 260
8100 9555 260
3333 3450 181
1354 9896 262
2521 5565 238
3233 5454 238
6666 9999 260
7777 9999 260
8888 9999 260
9999 11111 268
90 99 119
235 666 145
4545 5550 210
22 110 119
47 74 116
5 6 9
6 9 20
8 40 112
2 6 9
9 10 20
10 100 119
88 99 119
65 440 144
554 890 179
33 112 119
225 555 144
446 6665 262
2123 5454 238
878 999 174
565 1313 182
54876 55555 260
12 333 144
547 9896 262
1313 100000 351