1 10 20
100 200 125
201 210 89
900 1000 174
882517 907293 445
617446 913510 525
28105 171708 383
139264 861305 525
588428 809282 509
264180 505642 449
874953 977491 507
811224 949943 525
600242 815922 509
796326 994231 525
877061 888927 445
449862 952452 525
522872 922719 525
921268 946109 507
985001 994436 427
260624 833950 509
537006 541190 408
808992 831499 450
706436 914767 525
813025 974953 525
894333 984670 507
713895 751216 424
81927 274053 443
763533 861006 525
744301 761368 424
882203 992010 507
536916 628702 509
414950 588986 470
509693 983972 525
901928 903978 401
905374 944089 507
345886 645474 509
976792 998228 440
916249 994770 507
49187 765145 509
750040 936173 525
363213 454597 449
308752 948853 525
551435 575585 421
433244 526245 470
363982 717885 509
902006 920658 476
362932 412228 449
430495 797204 509
404396 599520 470
226476 302776 443
188909 556660 470
870402 891337 445
292273 603396 470
173029 947843 525
703640 728022 504
277775 558584 470
117913 370585 443
377715 941946 525
615419 920919 525
867847 889903 445
880939 923332 476
393689 969475 525
979083 995707 427
290484 381074 441
782145 963191 525
260792 541507 470
474008 592688 470
108452 452785 449
381793 817864 509
49309 141312 354
700313 893237 525
785070 971136 525
893007 977204 507
270061 762563 509
404467 823635 509
952726 993404 458
231323 722256 509
595487 895377 525
629786 748112 504
571874 746562 509
668068 763435 504
602260 939120 525
256092 596484 470
491432 784774 509
294270 615727 470
675096 834366 504
326246 411628 449
924803 952152 507
537260 762691 509
374187 837224 509
435035 891696 525
637641 815825 504
714154 729903 411
770181 861795 525
49235 181537 383
556303 766463 509
131546 780505 509
20009 658340 509
953752 984617 458
795534 871308 525
204495 836534 509
725677 929023 525
58673 515554 470
310486 958632 525
382344 940636 525
678315 753367 504
423932 462464 444
594668 604341 403
25408 240764 443
610426 922501 525
187976 839724 525
422383 536641 470
455806 999351 525
238437 912330 525
752784 925154 525
228656 650196 509
917050 938804 476
66220 551827 470
149442 954097 525
642630 756796 504
643001 668912 442
817981 916727 525
702783 761347 504
121617 398984 443
276281 929918 525
112227 736217 509
481578 515345 470
344243 643808 509
235286 591673 470
221586 733897 509
363807 400108 436
867463 975813 507
57408 430774 449
22042 586976 470
259585 459746 449
833568 875513 525
608694 829033 509
922738 986608 507
749892 819275 468
833480 947936 525
418223 474322 444
863788 880769 432
305493 964317 525
786486 966420 525
334073 907408 525
511412 953604 525
713447 899332 525
914026 994573 507
992944 998105 440
23744 649494 509
152918 767714 509
290941 528000 470
615741 947370 525
433521 690598 509
518240 816452 509
753212 806901 468
846281 919845 476
240716 800346 509
112313 514951 470
697327 921851 525
241910 657305 509
659119 896841 525
775516 884703 525
112018 547629 470
526557 967096 525
75645 262454 443
317731 481937 449
440547 662723 509
168687 575467 470
19648 668692 509
71719 308271 443
346061 608091 470
799404 978902 525
395354 443111 449
21511 891300 525
635277 745753 504
531043 602865 452
683527 853545 525
888404 946475 507
335044 793549 509
655315 657212 429
397320 907310 525
784980 904967 525
483044 800237 509
214923 770943 509
709393 863900 525
415818 836652 509
594800 905159 525
249024 703790 509
112256 836827 509
630566 988870 525
523812 845740 525
334496 582284 470
374443 757728 509
961045 996578 458
395157 496370 449
881609 912615 476
840641 970428 507
126618 681493 509
90906 380008 443
