1 10 20
100 200 125
201 210 89
900 1000 174
521651 535242 408
947962 949261 383
767651 782747 468
642542 651762 385
707409 713615 411
43502 56616 340
802067 803371 388
113297 129237 349
928314 944973 507
810909 827975 450
11283 17913 279
754182 770902 468
48888 62992 340
608195 621494 447
646212 649065 385
820610 830793 419
799442 807262 406
382624 393622 436
613222 622377 447
684297 694351 442
411608 418235 387
295653 297118 327
309248 326435 384
598323 600078 372
637460 652865 416
972500 990463 427
139890 145280 375
988051 1006284 489
270358 280665 389
737154 755688 424
167102 177000 347
889929 892637 339
495593 512106 470
890602 905837 401
231028 231512 350
744959 752842 393
64038 80046 351
189632 193012 360
347355 360034 379
440698 441736 325
575650 583882 434
586563 594816 403
201171 206467 355
14322 29090 308
636585 648409 416
854079 865498 419
606829 611249 403
702884 719497 504
535067 542982 408
111750 118690 349
230644 247780 381
257025 276974 407
221584 222384 337
16871 26012 282
543532 561640 452
910153 919050 401
176890 180769 365
652233 662133 429
768807 772128 393
658276 678097 442
818960 834792 450
684763 690711 398
495361 514654 470
95348 112621 354
957249 972099 458
780332 787943 375
821903 840844 525
372729 373968 348
299360 315712 384
194659 198122 360
744677 752699 393
152541 155980 352
904289 909818 445
169077 182145 365
211687 217394 386
328856 344540 366
374859 392286 436
647099 650671 385
85993 89707 333
164876 171426 352
85235 85687 302
781225 800243 468
363873 381437 423
926160 938836 476
139690 143703 375
147825 166313 383
929238 945890 507
39553 54056 340
58815 72687 335
450975 462493 444
668491 671127 336
549472 560305 421
595917 607994 403
134954 142684 375
20693 31260 308
376583 385775 423
599921 607645 403
678380 697517 442
666143 682255 385
40103 42015 288
