234 432 144
12344 56435 340
879787 31223 525
7531 5457 262
963 8545 262
1 2 2
99 99 26
523453 543154 408
47422 58842 340
524385 657755 509
234789 679047 509
545 1377 182
5023 5756 236
3414 57465 340
7521 8455 252
59844 68797 335
111 258 128
798459 979879 525
10000 999999 525
4654 45465 324
545 5765 238
67 69 28
1561 978 182
4325 564354 470
1564 6295 262
900 925 130
9849 78987 351
5151 6464 262
525 600 137
8989 54455 340
455434 546645 470
15498 89799 351
3156 3458 199
2770 3600 217
4567 9843 262
28 98 119
43253 566754 470
453 6554 262
7878 1651 262
789 4987 238
545 6754 262
15 17 18
979 5487 238
453 6756 262
4531 675 238
98 117 114
43543 67655 340
3654 981 217
799888 899999 525
74894 16546 340
543 654 145
1345 6535 262
7987 1614 262
423 867 171
135 876 179
87 295 128
423 547884 470
7816 1748 262
784 151871 375
798749 999999 525
5443 6564 262
13453 7676 276
987949 984987 427
9846 46549 324
54543 5635 340
6754 2345 262
13 31 112
258 369 144
741 852 153
936 987 174
123456 987654 525
31256 98456 351
432 546 142
78546 25694 351
4235 78767 351
59494 8789 340
78 487 144
435543 57665 449
9117 8714 247
423 487 142
1235 8481 262
894 197 179
45432 54655 340
79889 4949 351
4543 498 238
5443 79787 351
53342 45334 340
78 197 125
5432 1984 238
432 1984 182
98771 19197 351
524 5434 238
784 1651 182
54343 54654 260
4532 6544 262
7897 9519 260
487 197 144
423543 564554 470
324543 432544 449
2345 5454 238
345324 78578 443
765654 65757 509
7978 123498 354
499 542353 470
42385 45254 314
897 16998 276
54523 98498 351
879 98798 351
8789 64565 340
542354 54354 470
5434 65465 340
489 6549 262
49435 49894 296
54523 54432 260
78797 98798 333