1 10 20
100 200 125
201 210 89
900 1000 174
1000 1500 182
27 43 112
15001 20000 279
123 128 109
100000 100002 129
129 12 122
9000 189 262
80 82 111
7890 378920 443
83 12 116
278 678 145
923 789 179
12 12 10
1245 7382 262
273 302 118
819 283 171
27 1 112
123 4325 238
679 90 145
67 10 113
89 12 116
3215 3300 168
789 650 171
9078 9100 185
15 43 112
82 84 111
19 17 21
64 32 113
16 17 13
188 200 120
8329 8500 234
289 738 171
700 799 171
190 289 128
738 8201 262
389 400 121
99 107 101
63 64 108
78 27 116
1084 379 179
200 208 89
801 899 179
623 618 132
388 290 144
7282 8978 252
801 839 135
701 892 179
92 78 111
34 67 113
39 89 116
2992 3000 49
901 838 179
17 28 112
131 189 125
12 14 18
71 29 113
120 278 128
121 90 119
1999 2004 144
1890 8901 262
81 10 116
890 274 179
67 90 116
818 673 171
56 59 33
92 99 119
801 790 122
54 69 113
36 89 116
10 20 21
782 809 122
12 24 21
8 12 20
67 64 28
271 828 171
81 89 111
6777 8900 257
52 78 116
90 95 106
7889 6789 257
56 66 108
192 204 120
78 16 116
1 2 2
24 28 112
189 726 171
72 19 113
37 47 110
29 30 19
1991 3899 238
901 279 179
900000 1000000 507
379 268 144
1902 782 182
178 16 125
17 78 116
19 6 21
179 716 171
63 77 116
18 91 116
123 567 144
91 18 116
189 183 107
17 268 128
39 47 110
1 17 20
23 61 113
19 16 21
203 283 128
