1 10 20
100 200 125
201 210 89
900 1000 174
921274 28918 525
335244 232180 407
700378 92729 509
763015 386721 509
133647 328892 443
363371 581957 470
56444 687677 509
604877 90486 470
216565 214550 386
862192 256038 525
9173 773776 509
876525 714331 525
151562 911643 525
775537 192796 509
640282 884091 525
155838 241845 443
188141 935356 525
559861 393715 470
391459 241964 441
190268 844614 525
1371 928391 525
614490 603706 403
861583 673226 525
423670 859224 525
934650 956140 507
188767 187460 316
513607 422398 470
713433 875397 525
483068 26675 449
56918 116213 354
265839 180922 443
865185 384386 525
598071 813020 509
808752 990933 525
435307 280919 449
991737 190587 525
199872 308497 443
505688 820823 509
718075 997180 525
172385 240130 443
760146 406529 509
491544 230157 449
337551 116775 443
877567 919942 476
639832 914708 525
837133 921594 525
20788 914302 525
851323 514314 525
278513 472875 449
399198 746772 509
961033 276900 525
333134 786520 509
375899 593912 470
804619 86944 509
848152 863830 419
278229 712483 509
458057 470859 444
996232 133668 525
425247 161730 449
841851 30544 525
840353 713208 525
81718 835377 509
809143 266793 509
251224 38581 443
401587 636895 509
238066 94215 443
998230 636186 525
881731 612921 525
410335 426962 418
791670 903023 525
523403 169416 470
293306 267754 407
459097 730375 509
819507 358737 509
113493 108700 323
504012 11748 449
930484 32588 525
390255 576227 470
299248 86825 443
623720 78061 470
527303 457506 470
942948 822386 525
659824 988481 525
426757 74775 449
770240 841839 525
539568 540125 346
314446 166971 443
306505 212282 443
100646 795208 509
795239 96606 509
64762 282979 443
892887 467064 525
734681 386940 509
23329 696159 509
898806 99806 525
585390 597732 403
877700 181735 525
962371 900951 507
921968 498648 525
676837 804574 504
586490 180692 470
871612 729247 525
641254 140681 509
439431 527814 470
874919 535061 525
394015 558250 470
287371 251218 407
50887 884515 525
21794 474881 449
264993 30580 443
744310 167030 509
111725 367236 443
250078 265731 407
293102 503571 449
498213 292125 449
873788 993906 507
123539 512392 470
879645 381903 525
177291 90735 383
478140 383879 449
966987 305042 525
526222 47806 470
373564 543947 470
220388 501118 449
317099 902119 525
724515 72805 509
137498 804323 509
658969 12209 509
8803 922700 525
485353 641107 509
50243 859109 525
869219 523365 525
644648 210569 509
315300 634094 509
530858 543742 408
614261 36359 470
299063 135866 443
154903 129783 375
533170 683415 509
471224 324266 449
132985 153138 375
877701 499950 525
353531 687683 509
6321 791167 509
58969 125071 354
557794 731147 509
620024 583426 447
741496 244012 509
870793 897912 445
