14 30 112
15 34 112
12 25 24
15 42 112
6 33 112
59 268 128
116 153 122
98 177 125
58 281 128
74 256 128
86 166 122
91 266 128
53 354 144
122 425 144
106 363 144
1705 6254 262
2110 5320 238
665 6040 238
2169 7009 262
2264 2517 209
1087 3125 217
1716 2730 209
1104 3815 238
2197 4474 238
762 3016 217
1615 5606 238
1558 3316 217
1179 4215 238
1664 3056 217
1758 5116 238
13689 25509 282
12073 41842 324
12842 16096 276
13108 43069 324
11619 29689 308
14239 25848 282
12970 43508 324
13456 27244 308
12736 37064 324
9324 30174 308
10135 19142 279
12592 24289 282
10776 18066 279
8186 25991 282
8464 21848 279
13774 23202 279
11853 44144 324
11381 20717 279
13752 24902 282
12846 19742 279
11441 16304 276
10391 16179 276
10835 45326 324
8557 22726 279
8246 34347 311
8422 43098 324
13396 18382 279
12023 48466 324
9960 19112 279
10602 43717 324
11964 46360 324
13573 49284 324
13054 31074 308
13126 47683 324
11499 21636 279
11634 37505 324
11292 18476 279
14558 27087 308
11767 46624 324
10096 18064 279
13251 15223 276
9867 23856 282
10521 18888 279
12651 44763 324
11814 28668 308
9480 35947 324
11417 27976 308
8291 27303 308
8070 21165 279
14668 21012 279
10682 41037 324
10566 48054 324
14481 26789 308
9288 47984 324
12635 22971 279
10891 24126 282
10157 48008 324
12378 46882 324
13848 39871 324
13907 22620 279
12486 33496 308
8235 39923 324
13096 24764 282
10568 25347 282
9181 45819 324
10657 21302 279
9748 45728 324
12472 35661 324
8930 20223 279
8764 24179 282
11704 22469 279
12860 26006 282
9089 28081 308
14928 21383 279
13839 25653 282
8253 46704 324
12433 18488 279
8213 30790 308
12249 42503 324
10331 26973 308
62440 343157 443
52295 428339 449
50455 202437 383
61867 433171 449
54964 264385 443
63292 481086 449
58661 435562 449
53468 408817 443
69619 151815 375
77231 240245 443
88042 388719 443
77865 481055 449
91276 276899 443
75646 447975 449
62216 371241 443
96633 231552 443
76607 269490 443
52938 218100 386
61200 381370 443
98227 414669 449
62155 176536 383
53030 498475 449
91216 195807 383
67534 451791 449
81357 217139 386
640658 760114 504
661710 923395 525
500093 995082 525
590981 836084 509
517806 947852 525
664431 901043 525
508407 882945 525
712215 811240 468
620505 928865 525
607725 826048 509
684506 920432 525
589927 755208 509
606257 893621 525
652952 871148 525
560532 988927 525
625994 922627 525
748298 933080 525
711897 848744 525
708651 835527 468
526912 812346 509
670099 886546 525
579281 822408 509
662095 969867 525
676466 849745 525
604280 778649 509
534971 854047 525
570035 757660 509
553423 850921 525
585360 857961 525
669532 904065 525
673231 954686 525
721483 782459 468
658954 935688 525
718346 847885 525
743720 889424 525
