1 1000000 525
890 890 73
1 10 20
100 200 125
201 210 89
900 1000 174
164 108 122
194 133 125
61 172 125
140 136 91
81 172 125
9 171 125
16 133 122
35 158 122
41 57 113
109 72 119
3 46 112
147 121 122
155 81 122
196 114 125
69 59 108
170 115 122
48 128 119
79 195 125
1024 2501 209
2413 8184 262
9148 2758 262
5895 9073 262
1092 9697 262
961 2522 209
4312 6208 262
4849 8030 262
2596 6694 262
4566 707 238
831 1532 182
6924 8664 257
4904 5324 210
214 3858 238
6635 2393 262
9765 4088 262
9374 908 262
9240 3471 262
2358 3605 217
1551 2627 209
8779 3106 262
9869 7757 260
4338 4857 215
9364 4104 262
5102 540 238
4270 6193 262
1880 7977 262
6719 2724 262
7451 9084 252
8957 9101 247
705 9145 262
4966 2716 238
7168 7642 239
3108 1063 217
1670 7101 262
5566 7152 262
5691 7728 262
4700 8601 262
6187 4458 262
5538 8591 262
5053 6650 262
6257 5437 262
2326 2073 183
1674 2330 183
5868 4154 236
1132 3891 238
7302 2678 262
1168 9879 262
3968 9077 262
5733 7570 262
7721 2250 262
4237 6412 262
7302 1056 262
9997 5463 262
2123 8696 262
6265 1670 262
3786 436 238
1635 3540 217
7795 3795 262
4057 2251 238
1899 4930 238
8402 5391 262
9262 8457 260
6207 9067 257
9369 8260 260
5587 1371 238
6816 1706 262
5058 7996 262
8933 8100 234
4435 3708 238
5198 2739 238
5202 8629 262
7152 4357 262
810 5162 238
8765 5002 262
4987 6716 262
7373 4651 262
6944 1203 262
5690 9030 262
6207 4840 262
2637 3989 238
8084 5571 262
9817 7942 260
9708 9565 198
5592 8101 262
2739 4861 238
8483 7814 252
3742 9588 262
4443 5640 236
6553 2198 262
2679 6271 262
3544 7350 262
5158 272 238
9813 7231 260
6976 4377 262
2777 4857 238
1961 8460 262
2292 7472 262
5394 8430 262
8089 9516 260
7637 805 262
8661 1225 262
7838 512 262
6839 1126 262
5586 2957 238
7808 4270 262
9262 8299 260
7239 5230 262
9871 8039 260
7467 8783 252
3865 8170 262
5328 4874 210
9408 2183 262
987 6824 262
3901 1166 238
9213 5446 262
4600 5004 210
450 5191 238
6444 4729 262
3512 4819 238
6535 3500 262
8207 4571 262
5166 5102 179
4927 4100 215
5121 3776 215
7617 9922 260
3658 3832 238
9106 4334 262
5120 3970 215
6138 716 238
