1 10 20
100 200 125
201 210 89
900 1000 174
10000 100000 351
20000 200000 383
30000 300000 443
40000 400000 443
50000 500000 449
60000 600000 470
70000 700000 509
80000 800000 509
90000 900000 525
687 395853 443
94985 983473 525
57 984957 525
74820 84839 351
583 693 145
293 596 144
395 6907 262
195 9683 262
189 5968 238
893 6938 262
947 8395 262
793 9386 262
397 1068 179
102 5902 238
583 6020 238
8395 68395 340
9572 60286 340
2968 10285 262
1928 29586 308
1929 69630 340
9603 29358 308
2389 89603 351
5489 89065 351
2039 34053 308
9345 30495 308
9873 93845 351
9873 34853 311
1 100 119
1 1000 179
1 10000 262
1 100000 351
2 200 125
2 2000 182
2 20000 279
2 200000 383
3 300 128
3 3000 217
3 30000 308
3 300000 443
4 400 144
4 4000 238
4 40000 324
4 400000 443
5 500 144
5 5000 238
5 50000 324
5 500000 449
6 600 144
6 6000 238
6 60000 340
6 600000 470
7 700 145
7 7000 262
7 70000 340
7 700000 509
8 800 171
8 8000 262
8 80000 351
8 800000 509
9 900 179
9 9000 262
9 90000 351
9 900000 525
1234 2345 183
2345 3456 217
3456 4567 238
4567 5678 236
5678 6789 262
6789 7890 257
456 876 179
346 987 179
567 789 171
123 876 179
543 987 179
675 876 179
353 457 134
644 979 179
876 999 174
654 765 171
454 657 145
456 512 142
11111 22222 279
22222 33333 308
33333 44444 324
44444 55555 340
55555 66666 335
66666 77777 351
77777 88888 338
88888 99999 333
294 29583 308
849 39476 324
294 50183 324
105 29572 308
205 39175 324
294 69285 340
299 59275 340
101 60285 340
196 45906 324
345 20906 279
298 60953 340
284 60954 340
238 90291 351
849 24744 282
295 55996 340
194 59385 340
396 74877 340
395 68744 340
953 22759 279
908 78052 351
406 27855 308
295 96843 351
1 999999 525
