1 10 20
100 200 125
201 210 89
900 1000 174
200 400 144
400 600 142
770 800 153
1000 10000 262
1 10000 262
2 20000 279
500 5000 238
300 799 171
222 945 179
230 853 171
200 500 144
532 24365 282
23 2345 183
234 985 179
867 2345 183
324 86543 351
12 4532 238
264 456 144
80 90 111
230 260 128
444 555 142
743 932 179
12 3425 217
123 1233 182
324 2435 183
55 342 144
23 234 128
9 10 20
1 1 1
5 50 112
6 60 113
7 700 145
800 1000 179
122 210 125
12314 12345 263
666 999 179
9999 10000 92
1234 12345 268
12345 12348 113
9 999999 525
88282 99999 333
2345 234522 443
8 8888 262
9 99999 351
10 1000 179
34 2345 183
98 897 179
934680 217607 525
109828 928418 525
732514 583834 509
675762 837073 504
317884 167728 443
187240 380375 443
275106 199541 443
465424 820035 509
945711 385186 525
448944 651038 509
20 36 112
59 7 113
77 65 116
12 14 18
2 77 116
92 24 116
35 82 116
78 28 116
37 84 116
47601 58714 340
69299 48432 340
53475 31512 340
29880 32496 285
74904 69997 325
53963 58004 322
45124 28848 324
77806 52788 351
87627 21763 351
32556 35167 311
14363 99548 351
675169 368732 509
230988 192107 443
946568 261851 525
322333 785890 509
417256 478098 444
342635 970984 525
802370 498769 509
928845 472982 525
449469 795617 509
678822 325311 509
390713 729377 509
284162 691578 509
352338 908202 525
305648 967029 525
569743 58145 470
697307 345216 509
749042 145927 509
457838 483399 444
901700 61380 525
32442 881513 525
650937 543088 509
