1 10 20
100 200 125
201 210 89
900 1000 174
16 372 144
1 1 1
8925 -635 262
55 78522 351
-62 -8766 262
36 -888 179
16 18 21
6464 266 262
-99 100000 351
4 7888 262
222 227 71
3434 -444 217
122 333 144
-9 -200 125
-123 4567 238
2199 2541 209
1314 2744 209
1910 8573 262
41024 7216 324
3974 683300 509
4813 5255 210
8819 -8103 234
4454 8856 262
8856 7990 234
7990 5060 262
5060 1173 238
1173 8940 262
8940 2997 262
2997 8980 262
8980 7525 252
7525 5398 262
5398 1074 238
1074 1532 182
1532 7889 262
7889 8606 252
8606 9601 260
9601 2930 262
2930 6120 238
6120 6141 187
6141 1449 238
1449 8436 262
8436 486 262
486 1320 182
1320 886 182
886 6599 262
6599 2076 262
2076 6817 262
6817 5580 262
5580 9795 262
9795 5868 262
5868 2709 238
2709 7718 262
7718 5913 262
5913 904 238
904 598 179
598 8511 262
8511 8301 234
8301 8449 234
8449 3728 262
3728 1530 238
1530 8776 262
8776 92 262
92 1185 182
1185 5477 238
5477 410 238
410 8081 262
8081 9701 260
9701 643 262
643 3684 217
3684 -4250 238
-4250 4293 202
4293 7978 262
7978 7375 252
7375 4984 262
4984 3431 238
3431 3164 199
3164 3087 186
3087 4585 238
4585 3226 238
3226 47 217
47 3249 217
3249 4661 238
4661 9759 262
9759 711 262
711 1235 182
1235 6826 262
6826 2588 262
2588 611 209
611 7718 262
7718 4754 262
4754 19 238
19 5454 238
5454 1541 238
1541 1957 180
2251 1907 183
1907 1446 180
1446 8132 262
8132 -6578 257
-6578 -3290 262
-3290 5646 238
5646 6011 218
6011 8254 262
8254 2712 262
379 7938 262
7938 6575 257
6575 6484 213
6484 8277 257
8277 7318 252
7318 1571 262
1571 536 182
536 3607 217
3607 6250 262
6250 3871 262
3871 6909 262
6909 3011 262
3011 4546 238
4546 8997 262
8997 4603 262
4603 895 238
895 3857 238
3857 3152 238
3152 -3476 199
-3476 7708 262
7708 6724 257
6724 4111 262
4111 2155 238
2155 9967 262
4738 291 238
291 3179 217
3179 5808 238
5808 1331 238
1331 3651 217
3651 9148 262
9148 5565 262
5565 5657 236
5657 6295 262
6295 3747 262
3747 1250 238
1250 5212 238
5212 2957 238
2957 8075 262
8075 -6788 257
-6788 5848 262
5848 3898 236
3898 1357 238
1357 3694 217
3694 3708 207
3708 7384 262
7384 5011 262
5011 6130 236
6130 2305 238
2305 151 183
151 3391 217
3391 7515 262
7515 3045 262
3045 8493 262
8493 9273 260
9273 2212 262
2212 757 182
757 4327 238
4327 7113 262
7113 7585 239
7585 4346 262
4346 9006 262
9006 9766 260
1 1000000 525
