1 10 20
100 200 125
201 210 89
900 1000 174
909 5944 238
4823 8166 262
4111 7746 262
7529 16306 276
9893 17335 276
2385 9763 262
1396 2165 180
3534 10496 262
8635 8914 216
398 10256 262
2910 6917 262
2626 8489 262
4999 5051 179
8774 11469 268
2999 3850 238
7132 11420 268
1224 9108 262
6083 14917 276
1672 9262 262
6380 8893 257
5430 12817 268
2063 3488 217
176 7502 262
611 1540 182
7780 17155 276
315 2130 182
9454 9901 242
3339 10210 262
5827 7432 262
1016 1441 182
7594 15568 276
6108 15983 276
322 8523 262
9677 15451 276
6961 11093 268
7593 14341 276
8164 13316 276
6482 13086 268
955 3893 238
2530 7449 262
2927 12778 268
6163 11087 268
142 5832 238
2265 6187 262
7196 16431 276
7150 9240 252
1462 5493 238
4820 6394 262
6467 8626 257
1516 9653 262
4366 13518 276
3023 7975 262
5156 9870 262
3018 5505 238
331 4928 238
3035 5346 238
3013 8413 262
4392 12209 268
934 9583 262
1253 2156 180
1826 7650 262
1216 8173 262
7030 8848 252
1107 6450 262
2448 8906 262
3804 13470 276
1932 7298 262
6136 12676 268
4923 10146 262
2399 9210 262
6315 10176 260
3232 7776 262
380 9211 262
7720 17258 276
3189 13065 268
9669 14756 276
1925 5250 238
9889 19278 279
4302 7514 262
7907 10824 260
3505 8190 262
7158 13175 268
5936 7797 262
5397 14210 276
4440 4559 184
4951 6215 262
5244 12598 268
9305 18975 279
6864 12386 268
2670 5771 238
2549 8303 262
1582 11057 268
546 3501 217
3658 7332 262
7943 16911 276
119 4456 238
264 6295 262
9533 16671 276
2214 4156 238
6679 6779 182
6772 13896 276
5390 12403 268
3127 4885 238
2986 11655 268
9120 14063 276
9376 16217 276
946 3091 217
6962 13379 276
3997 6097 236
6786 10049 260
4908 11854 268
3789 6375 262
5325 8675 262
2362 4220 238
725 10380 262
5157 8411 262
341 5866 238
9783 17734 279
7147 10154 260
6258 6389 200
6136 6792 262
7770 14882 276
51 2010 182
3855 10378 262
801 10424 262
7119 11659 268
6485 10323 260
3687 11155 268
534 623 137
3819 11715 268
2408 5582 238
3360 11405 268
8994 16457 276
4752 14318 276
3968 11250 268
9275 13025 268
8764 9491 260
4171 8247 262
9564 12358 268
6552 10266 260
2298 8514 262
2851 5487 238
779 3222 217
2901 8975 262
6190 8305 257
3843 9695 262
6379 12121 268
6336 15152 276
758 10164 262
3026 3765 238
