1 10 20
100 200 125
201 210 89
900 1000 174
89897 956215 525
78784 448 351
89 91 93
6546 78465 351
98 102 26
14520 35605 311
800 700 171
888 999 174
987546 999999 440
7897 55446 340
99 99 26
951 1000 143
963 9523 262
102556 625879 470
49746 116446 354
894343 904321 401
456213 784562 509
231456 147522 443
159148 365459 443
42589 54332 340
11 88888 351
963 1025 156
122 9645 262
6000 8000 262
80934 79843 320
123 456 144
789 321 171
741 852 153
6738 98345 351
7817 87448 351
7898 7899 102
78943 89794 333
12 999999 525
857 987 179
1569 7534 262
384 562 142
9284 32457 308
36459 92784 351
226 783 171
1526 8253 262
6314 6534 200
890 1534 182
88 888888 525
9484 34343 311
78456 132984 354
5 666 145
9 789 171
2 14 20
214 4121 238
861 7167 262
832 537 171
5435 9875 262
713 514 171
76 81 36
12 300 128
1993 2017 144
11 24 21
1669 12548 268
1969 1974 51
1950 548484 470
54543 432543 449
2800 3860 238
6567 45548 324
8943 53548 340
4800 5000 210
2956 281818 443
45310 71304 340
9409 22334 279
30080 99281 351
1634 83292 351
84080 217808 386
405406 922340 525
31534 753675 509
3431 4354 238
3 879 179
7997 17788 279
7891 44444 324
593 7899 262
4225 4226 83
85 89 31
101 102 26
8 89 116
798 4648 238
5454 6565 262
424 54354 340
234 657 145
254 543 144
134 978 179
565 600 119
789 454 171
111 131 122
4523 4615 184
587 698 145
7124 47475 324
7323 4894 262
131 487 144
43154 97987 351
132 9879 262
5423 9464 262
52 63 113
90 47 116
78456 132684 354
231465 971321 525
542354 756576 509
134543 567675 470
43254 56434 340
76576 78785 351
4235 4245 127
80943 435803 449
54654 345235 443
43543 245443 443
78787 465454 449
5465 546546 470
6765 67876 340
4235 65765 340
19548 16297 279
54654 87568 351
7845 13489 276
54654 543253 470
78465 19819 351
4564 15474 276
5442 5675 236
34543 57565 340
9784 22984 279
4545 5432 210
314542 56546 443
9054 435434 449
453445 453454 245
43524 452353 449
3554 3453 181
2345 3424 217
4354 43554 324
23453 34253 311
7567 87676 351
43523 676576 509
5646 13211 268
45543 76556 340
198498 141881 383
54645 42353 340
7565 7656 177
254 432 144
54654 65775 335
15118 167141 383
8934 56411 340
111 1111 179
222 22223 279
321423 52345 443
43 453 144
890 4433 238
15661 65161 340
46645 97889 351
846 1916 182
89535 95245 333
132 64543 340
5432 46546 324
57445 87898 351
3453 5564 238
4543 5343 210
84623 787974 509
897532 989998 507
452348 787946 509
