10 1 20
200 100 125
201 210 89
1000 900 174
63 5866 238
682 5296 238
2972 8459 262
1774 6387 262
2149 8720 262
412 9342 262
4006 7841 262
4905 6355 262
4772 6578 262
2882 8928 262
1293 7503 262
2087 9997 262
67 6915 262
2868 9419 262
717 6051 238
1419 8194 262
4514 8080 262
3118 7517 262
3358 6850 262
3429 8148 262
3442 9467 262
2401 7155 262
4350 8285 262
213 5244 238
2424 5516 238
952 5148 238
3266 5075 238
288 9242 262
3571 9848 262
2438 9946 262
4661 6022 236
1591 8752 262
4228 6995 262
610 6462 262
4574 8689 262
3591 6382 262
1370 5519 238
1363 9473 262
2456 8531 262
4051 5217 215
2010 6022 238
4474 7249 262
2285 8106 262
1015 6707 262
2267 6833 262
929 5032 238
522 8372 262
2719 7430 262
3532 9075 262
3035 5077 238
41 7438 262
2066 5311 238
4024 8586 262
4256 8238 262
2234 7585 262
702 9084 262
1201 8982 262
2228 9419 262
1084 9251 262
1224 9862 262
4475 8140 262
2598 6950 262
4433 5166 210
2717 6008 238
4961 5422 192
1909 5132 238
3243 7646 262
4646 8397 262
1121 6040 238
2143 9839 262
450 9825 262
3546 5182 238
4960 9358 262
2858 8588 262
937 7067 262
518 9775 262
1133 8292 262
799 7225 262
4362 8028 262
3444 8774 262
1257 9166 262
4996 9096 262
3832 5668 236
1380 5735 238
4310 9569 262
4401 5915 236
3975 7180 262
2562 6622 262
2999 6712 262
2601 7169 262
2245 5108 238
1033 9593 262
4132 6277 262
4063 7558 262
3829 8073 262
1484 7921 262
2669 5949 238
1053 7911 262
160 5690 238
4257 8319 262
