1 10 20
100 200 125
201 210 89
900 1000 174
15 115 119
303 404 144
499 598 137
200 701 145
777 1425 182
867 5309 238
4440 6661 262
9000 9001 141
991 2301 183
248 5499 238
4444 7854 262
3049 3099 186
9867 55552 340
7742 33694 308
3022 66320 340
15447 88745 351
44423 56009 340
600 690 145
55500 110001 354
7884 22390 279
7550 8991 252
860 4770 238
2310 6813 262
4400 5023 210
23789 99852 351
66457 70001 312
900 9000 262
2445 6637 262
859929 57539 525
561539 433131 470
40820 789023 509
294495 364383 441
216777 801792 509
664790 928656 525
423738 660824 509
257741 969755 525
142213 357192 443
147756 210076 383
885247 439952 525
56899 400962 443
360190 530049 470
116863 15398 354
382969 546775 470
467991 508481 426
643662 158318 509
600686 826795 509
630319 850599 525
339342 414217 449
686399 10658 509
409174 728516 509
407338 71965 443
694681 709187 504
734118 778948 468
582549 126386 470
135566 461020 449
390069 300890 441
6618 188559 383
161864 366720 443
469447 102389 449
285394 464251 449
474469 147125 449
770463 245504 509
784061 703664 504
138382 745398 509
281149 28550 443
712127 123128 509
286089 596837 470
216092 36670 383
48226 695819 509
642001 73478 509
991653 139845 525
361580 914002 525
701865 870361 525
476851 12503 449
9173 194366 383
990405 307379 525
768434 332552 509
492764 195040 449
248396 823591 509
951585 907391 507
226611 848028 525
790071 147185 509
585606 183138 470
471636 95047 449
925424 219469 525
112102 533530 470
651071 365100 509
924389 808243 525
344258 499902 449
335590 572060 470
934681 1876 525
879281 213573 525
417796 727168 509
139583 504600 449
811675 958383 525
782094 138606 509
471480 705530 509
595406 608393 403
42529 779813 509
257872 406474 441
82133 172526 383
599870 526128 452
21237 649359 509
964546 648599 525
778805 616655 509
50291 551233 470
93360 706232 509
765466 139065 509
701611 164596 509
622958 549881 447
978964 122890 525
269625 336400 407
110374 100364 354
995849 733977 525
902284 642148 525
613856 524690 452
360190 990558 525
282734 747071 509
824227 345003 509
641723 116529 509
344819 798385 509
932668 808588 525
870067 821303 525
431759 105452 449
788700 600272 509
781593 73140 509
909954 463529 525
34863 379669 443
652866 675591 442
875839 293921 525
352624 133447 443
876455 128394 525
690347 637545 442
993956 453684 525
927962 376803 525
795511 797230 468
10101 693241 509
101236 497069 449
475997 791397 509
25826 154789 375
612572 69531 470
605756 43554 470
379331 903696 525
329052 63635 443
358992 805576 509
110587 965435 525
918976 331932 525
