646 94 144
73 79 116
236 249 110
140 930 179
197 583 144
400 845 171
513 810 171
27 684 145
482 731 171
13 70 113
151 888 179
785 992 179
428 544 142
231 731 171
652 921 179
267 365 144
65 69 28
108 465 144
54 719 171
257 273 123
12 612 144
47 272 128
420 656 145
677 888 179
469 954 179
496 707 171
341 913 179
81 706 171
51 568 144
43 569 144
738 909 179
27 595 144
845 933 179
223 874 179
146 552 144
207 896 179
768 932 179
142 867 171
268 487 144
527 933 179
78 99 119
463 831 171
116 494 144
578 846 171
65 589 144
489 977 179
17 111 119
288 568 144
115 771 171
189 771 171
1179 2313 183
1603 4564 238
2117 4514 238
3484 3700 207
2186 4559 238
1059 2260 183
1672 1721 180
1232 2266 183
2816 4079 238
2663 3725 238
3052 3490 199
3043 3137 186
3404 4862 238
3406 4854 238
1082 3486 217
2995 4619 238
1108 4561 238
2448 2623 209
1448 4323 238
1356 2132 180
3098 3159 155
3837 4322 202
3497 3860 238
1951 3564 217
2410 3012 217
4125 4459 215
2640 4080 238
2186 2864 209
3779 4731 215
4025 4205 189
11081 32613 308
36046 45042 306
24650 31636 308
28488 40979 324
20867 40446 324
29072 36081 324
16412 49814 324
30333 45996 324
30807 37544 324
24568 33382 308
12014 36220 324
11282 16625 276
25589 47430 324
40755 41304 288
34878 42116 324
23992 47362 324
16736 21437 279
13532 45511 324
10173 37138 324
12465 41623 324
287407 419167 449
176361 202214 365
251713 298959 407
215936 489310 449
180657 289822 443
129008 132297 344
176504 491423 449
185011 293238 443
167835 219524 386
206270 273078 443
579001 970310 525
390739 697740 509
127165 270786 443
101436 442543 449
166141 685478 509
897261 993611 507
397713 898858 525
619700 837267 509
295368 894996 525
162810 547475 470
