1 10 20
100 200 125
201 210 89
900 1000 174
20 500000 449
831605 68371 509
698887 333057 509
580306 854614 525
990208 821005 525
979502 827772 525
394797 338166 441
764618 281110 509
957395 763837 525
31055 4309 308
722798 827389 468
411163 592445 470
776944 774576 437
863750 580515 525
242993 76131 443
264327 844088 525
348835 862241 525
506695 820876 509
850419 367639 525
202338 609572 470
812834 713002 468
570910 814073 509
994277 377731 525
40194 461284 449
609636 92407 470
683649 278875 509
233130 737135 509
988007 571568 525
79302 337520 443
245316 464123 449
11412 407011 443
185641 426693 449
574838 146471 470
482003 181330 449
149513 857430 525
403453 263518 441
84261 351923 443
285473 39367 443
80037 69842 351
694650 275117 509
717746 218294 509
854968 886111 432
753803 682877 504
726013 855789 525
897838 498724 525
559978 279256 470
240630 215300 443
127857 182982 383
890324 105277 525
774859 928074 525
177015 348546 443
537712 288627 470
641516 649888 416
392699 365969 436
985438 558590 525
741143 821101 468
638245 102434 509
190418 252747 443
124543 877688 525
860167 224644 525
251882 151584 443
832774 365479 509
236812 187022 443
639369 919823 525
917974 130024 525
174614 804069 509
207975 243446 443
701100 219765 509
696515 698469 367
578444 476260 470
49740 461926 449
925254 902945 476
506923 33713 449
578234 263666 470
822310 536886 509
30204 244734 443
62623 728111 509
453096 952915 525
525541 660630 509
254861 504570 449
533581 868273 525
653946 947873 525
271634 454328 449
738439 61174 509
732141 813975 468
235456 162792 443
765764 264062 509
853683 488739 525
898847 24373 525
391377 942814 525
496707 166552 449
19773 393270 443
203372 871708 525
698384 904464 525
416983 349410 449
231216 336310 407
264392 594378 470
701863 461632 509
176417 462619 449
722035 759980 424
413622 985912 525
639456 843568 525
719831 220731 509
7060 673250 509
839645 309382 525
996157 560599 525
671349 683882 385
856201 744949 525
364058 889039 525
30570 294906 443
710535 451835 509
778744 977770 525
792845 684928 504
429587 229299 449
61630 464024 449
998253 859217 507
915817 993842 507
154899 584228 470
633536 124118 509
779401 952038 525
909629 299819 525
24942 713296 509
35552 810304 509
361767 357718 410
837888 622216 525
618574 309899 470
387751 809691 509
127137 678827 509
181877 45007 383
799837 144347 509
711979 416994 509
867714 370731 525
465616 686839 509
555260 218294 470
406939 762968 509
914614 159388 525
340369 370137 441
490303 704408 509
610938 621396 447
979734 466785 525
461205 171830 449
980398 890699 507
293566 178924 443
609156 459382 470
320777 1042 443
2903 346966 443
658862 595067 509
443640 365633 449
379656 991730 525
121736 123183 336
69254 183749 383
