128918 96096 354
260632 448485 449
777891 564848 509
49750 777664 509
993589 993063 440
705457 843973 525
449398 797183 509
676572 1510 509
20119 156095 375
209756 801775 509
311118 563306 470
184536 273653 443
621231 4567 470
797642 331742 509
709640 735993 504
602266 376170 470
626739 850804 525
416835 915861 525
722361 157071 509
38980 695372 509
823514 540883 509
813290 261395 509
503282 854083 525
374179 729696 509
421708 261631 449
72896 843170 525
443246 196304 449
889700 882373 445
397862 296601 441
468909 978270 525
766109 20671 509
751851 172825 509
118324 480336 449
799573 176460 509
428047 143069 449
764989 22543 509
891972 815510 525
266581 175843 443
897319 715186 525
855182 576575 525
472842 896506 525
467701 703880 509
157433 378049 443
648849 513787 509
519081 540830 470
559659 621518 452
449537 392890 449
18911 818436 509
454402 125471 449
626959 303392 509
768423 458183 509
547508 304315 470
768982 621824 509
859592 562702 525
843347 432054 525
472526 529001 470
932867 81449 525
393778 181852 443
686003 514891 509
868918 333638 525
954135 647863 525
151636 797342 509
714930 216456 509
122008 855076 525
324486 520657 470
967416 576001 525
790651 835502 468
571260 920263 525
87752 645678 509
483543 117749 449
180692 2996 383
904799 404737 525
891926 825274 525
95048 153834 375
507099 457555 444
982477 700932 525
15307 169012 383
932565 274205 525
450722 579464 470
40285 448503 449
835142 902049 525
291806 229144 443
892384 465129 525
437655 535750 470
303883 225255 443
915939 945656 507
736300 459134 509
600845 147054 470
955002 407831 525
287575 495984 449
769754 562271 509
709789 266821 509
969895 902681 507
59616 718814 509
454897 391245 449
825533 563189 509
261510 847288 525
323417 682003 509
693108 574919 509
377269 687698 509
