1 10 20
100 200 125
201 210 89
900 1000 174
10 10 7
100 100 26
1000 1000 112
442021 568400 470
977407 912317 507
952367 546897 525
679611 428797 509
912730 912730 158
574240 522387 452
988260 331674 525
477463 296733 449
957360 816438 525
144991 275625 443
793046 658641 504
419561 818078 509
384551 748911 509
765918 902615 525
976052 13512 525
812740 107918 509
382264 435052 449
140143 177698 383
1 1 1
322055 341855 384
508309 987775 525
803097 219325 509
416191 964682 525
205965 806241 509
669849 174419 509
793051 848830 525
746595 428216 509
175847 291009 443
817134 594405 509
963637 399816 525
119033 837613 509
321385 58378 443
305927 438252 449
667790 239157 509
311979 59530 443
650355 899517 525
985979 545442 525
18271 857670 525
401149 390720 405
554370 905727 525
997869 399755 525
233943 966256 525
364307 348251 410
220511 273126 443
801973 158967 509
347974 785170 509
319328 992887 525
182076 718571 509
930856 875393 476
231293 627647 509
616745 16294 470
668085 428589 509
377575 675493 509
156 367210 443
996672 985701 396
205986 16406 383
576231 845418 525
219792 820318 509
577261 306136 470
111401 668372 509
224428 301572 443
825593 854027 525
141928 146936 375
785356 20768 509
431983 602101 470
646104 723127 504
983737 848468 507
846983 35519 525
934985 68075 525
612818 697013 509
924585 44749 525
642525 193388 509
453164 367672 449
610686 345667 470
543411 878190 525
921494 443983 525
248793 668023 509
330472 235417 407
886503 554843 525
886049 808427 525
978952 918056 507
268745 984715 525
26824 855897 525
607051 543293 452
998035 123783 525
799409 32694 509
604450 906865 525
602132 184635 470
882517 459976 525
479180 857672 525
223421 531151 470
628803 528516 509
180912 859169 525
884230 318525 525
899833 436421 525
36268 71586 340
912579 135085 525
924103 466649 525
100050 167150 383
367984 710080 509
877155 172843 525
22851 997805 525
1 660167 509
52984 48177 340
527908 114447 470
506070 2404 449
858543 137042 525
69399 466634 449
553431 957515 525
117437 432213 449
947770 369249 525
489517 338434 449
673452 762310 504
637733 490275 509
477878 272541 449
529049 77382 470
893240 409865 525
499052 135066 449
571897 871221 525
48038 926395 525
670097 16882 509
886931 715091 525
335782 508849 449
106860 218116 386
946681 907236 507
856234 581810 525
94563 452169 449
17845 562245 470
574303 372741 470
68978 758572 509
13352 85021 351
873222 775810 525
