1 10 20
100 200 125
201 210 89
900 1000 174
2000 320000 443
1 9999 262
900000 950000 507
45000 950000 525
30001 100000 351
65702 231648 443
631646 809652 504
965633 994680 458
314535 906423 525
117889 882663 525
348638 625496 470
238245 898613 525
579410 859165 525
966097 970183 365
140275 716710 509
391723 498298 449
707835 938845 525
894334 991081 507
203648 781607 509
417671 685021 509
710059 722913 411
983187 988747 427
671500 812641 504
686457 798543 504
947056 987261 427
558938 633599 447
529218 890433 525
395441 738501 509
433132 723489 509
565934 907229 525
535556 613021 452
632183 968538 525
935839 948731 507
968846 990806 458
461607 487953 444
238504 865861 525
34842 447129 449
641956 759125 504
544982 768742 509
66893 379539 443
294957 528837 449
196650 730342 509
393738 685121 509
574585 766766 509
711183 721726 411
67735 518765 470
198253 744693 509
260929 662515 509
829015 907379 525
539376 832094 509
563305 566331 421
116227 677572 509
112912 396998 443
677546 971279 525
538188 721783 509
107530 541749 470
735183 877556 525
898578 959377 507
347006 982364 525
642317 671923 429
582384 862189 525
306722 807904 509
662123 865515 525
411499 682174 509
200419 682681 509
124982 292666 443
834857 951860 525
147196 615519 470
570703 876567 525
818271 904099 525
418939 444393 449
490283 673259 509
553008 784900 509
552245 555763 421
440191 773295 509
257649 676192 509
21800 300920 443
430713 948501 525
507543 688983 509
179818 189956 365
823092 908482 525
523113 651015 509
2745 633593 470
987891 992273 352
824047 994870 525
704251 795689 504
992801 997773 440
862301 996577 507
287543 331595 389
90084 784966 509
228036 598838 470
436604 714073 509
381198 703391 509
444861 534485 470
947149 970576 414
996396 996776 440
29512 859063 525
397958 599685 470
165054 803878 509
589136 720278 509
559048 984495 525
441510 743939 509
445648 566246 470
723648 800662 468
13354 825351 509
361268 905691 525
583694 930467 525
53913 545690 470
416430 643095 509
647702 685401 442
755303 818032 468
767266 864196 525
654563 673725 429
770561 885169 525
104414 523622 449
968187 999752 458
262652 514147 470
702238 971620 525
675337 821638 504
817075 844082 450
426632 713615 509
342304 701281 509
369107 885997 525
210848 652474 509
49241 182946 383
834608 961812 525
384581 560185 470
900981 978185 507
795657 909234 525
702900 779008 504
743519 759754 424
361394 886235 525
816625 974256 525
738674 902296 525
9811 893579 525
297494 749878 509
728609 751715 424
267832 378266 441
743514 897016 525
473213 796615 509
896062 912479 476
75214 552033 470
388134 430614 449
735258 799657 468
111625 827352 509
432950 591509 470
519106 862578 525
644196 727396 504
24744 537182 470
887349 922203 445
703600 824176 504
185199 482176 449
211066 407709 443
603530 780285 509
499145 583209 470
