1 10 20
100 200 125
201 210 89
900 1000 174
454055 603159 470
826335 683309 504
484459 643592 509
850912 881419 432
513948 13015 470
666973 224367 509
343341 473921 449
713777 712340 411
386064 373699 423
824221 744244 468
153775 840339 525
688767 129525 509
466890 473645 413
348152 935248 525
321443 695867 509
80102 675262 509
960034 874292 507
184007 243174 443
25845 743592 509
921674 950559 507
54469 780606 509
226034 887793 525
795505 483973 509
272779 670756 509
736043 718205 424
831435 829013 419
60372 496424 449
940292 70293 525
339318 595757 470
733681 39236 509
671866 839603 525
360967 401950 436
629272 909397 525
681749 833775 504
241628 56244 443
760402 91202 509
789944 407980 509
32547 540560 470
86837 863987 525
111755 224064 386
316820 111143 443
875718 503802 525
696897 423648 509
726062 348496 509
451906 770240 509
481038 894646 525
893780 134550 525
253235 317160 407
136960 975158 525
884759 23952 525
904524 119921 525
719201 210043 509
292586 467347 449
209241 708232 509
12928 533915 470
851501 26985 525
20708 391140 443
115130 44591 354
354483 141341 443
793598 822869 468
884955 311069 525
497354 590611 470
148040 766244 509
861847 33104 525
418805 161315 449
676451 573215 509
105323 168777 383
536312 494887 470
605845 739400 509
488169 799785 509
272058 497753 449
576305 919910 525
599329 403167 470
833556 551957 509
722306 102772 509
479789 881099 525
755279 630715 504
427227 467278 444
176663 142555 383
514630 570580 452
216946 841141 525
738652 593300 509
975488 829470 525
938278 924454 476
87387 305488 443
600582 392602 470
203651 958869 525
166031 484825 449
895656 799629 525
57350 793353 509
859988 463669 525
464453 779557 509
71401 738666 509
918368 103564 525
367578 449985 449
601668 635032 509
490089 405885 449
714935 418849 509
781476 507669 509
223514 913903 525
986479 542045 525
534518 365839 470
434709 971291 525
722309 6643 509
88680 766953 509
129900 310495 443
266539 213487 443
847396 511016 525
414180 593243 470
801467 699699 504
192056 131841 383
373858 133189 443
562917 730777 509
775164 950682 525
555105 646733 509
528728 539916 377
630543 121367 509
966399 907293 507
70192 272119 443
425684 530108 470
844990 490120 525
849879 169958 525
457001 915357 525
103669 955707 525
634433 115208 509
231439 474987 449
113876 168567 383
683067 468141 509
915417 824861 525
238055 890442 525
749253 398468 509
861672 84927 525
954115 480902 525
133781 987985 525
341893 796127 509
39677 937318 525
371480 494066 449
773746 848163 525
169276 552095 470
150462 978042 525
743031 327756 509
784035 207671 509
704757 573919 509
473956 570191 470
477369 66011 449
264859 775489 509
905936 62228 525
214209 803583 509
896010 51910 525
