1 10 20
100 200 125
201 210 89
900 1000 174
1 1000000 525
1000000 1 525
592610 970226 525
163147 481920 449
192796 24080 383
194513 382131 443
555447 18244 470
23109 998466 525
526122 471253 470
65631 104716 351
441485 990349 525
930049 127037 525
24759 829118 509
339072 869691 525
907517 610733 525
532135 628293 509
834431 738394 468
25560 826924 509
115552 444789 449
230436 448054 449
555801 389918 470
868788 63895 525
883854 553655 525
897879 330789 525
134045 131730 331
757618 437137 509
309374 432641 449
629923 382374 509
308404 677814 509
377865 253191 441
157087 868362 525
17844 683424 509
596994 38450 470
600498 706062 509
877041 478074 525
516512 214302 470
61308 726634 509
459695 956011 525
93907 615867 470
529757 123358 470
345865 164336 443
139534 254139 443
779588 451516 509
218530 975111 525
976284 331436 525
67579 793160 509
578949 35399 470
337128 459274 449
878060 901837 445
226421 430045 449
932964 408326 525
402766 789232 509
970165 495372 525
217465 550606 470
954537 819275 525
209183 556021 470
972532 961891 458
537098 987982 525
475611 871992 525
1701 974754 525
133780 897063 525
126541 871270 525
340295 117382 443
446285 128257 449
365482 113421 443
326865 956250 525
281559 150260 443
469829 129012 449
604417 845511 525
348630 359821 379
917447 606822 525
294461 140307 443
396302 602345 470
552510 990282 525
705646 982185 525
904663 675779 525
900300 559385 525
218856 864698 525
295707 275525 389
578802 302699 470
607921 938857 525
742927 45986 509
471110 682586 509
219732 288125 443
636382 417128 509
533567 191026 470
227535 110517 386
390520 925814 525
989065 260216 525
313520 385355 441
339394 766828 509
372247 204378 443
109034 596121 470
946044 129982 525
415444 795288 509
512267 952652 525
504469 97669 449
704561 179513 509
892734 791657 525
881589 881016 295
964583 994357 458
888201 745036 525
487369 664694 509
700763 668458 442
779599 555609 509
558137 877053 525
615947 671796 509
768095 159390 509
464225 778111 509
501670 586630 470
740310 990402 525
630380 824443 504
225839 837373 509
999413 691133 525
771139 365671 509
75445 998793 525
799184 607048 509
282452 683453 509
599778 503742 470
161804 560849 470
702725 755091 504
252705 776164 509
471817 934785 525
76083 227909 386
588910 522091 452
670021 357486 509
459914 854200 525
71545 963490 525
785874 267547 509
506026 345978 449
611936 923676 525
618043 750207 509
272016 959600 525
503347 96051 449
310261 967323 525
584347 189218 470
36888 320315 443
685810 913091 525
994652 375856 525
296531 35083 443
283697 878942 525
528466 622738 452
491667 489482 351
365102 569163 470
358157 102504 443
906471 205062 525
923245 245999 525
130488 998610 525
201439 406183 443
351517 765399 509
492554 704295 509
360718 152661 443
256732 883798 525
625008 50304 470
12390 109462 354
162626 524128 470
686893 975925 525
112844 405729 443
498251 539006 470
340144 493962 449
838755 17438 525
264995 672136 509
139178 296279 443
142751 407537 443
34377 530074 470
579874 17137 470
488805 495942 426
985948 105534 525
244984 9691 443
600339 51037 470
262425 687533 509
19173 963457 525
298979 181329 443
724173 539573 509
277050 630329 509
71841 894919 525
993642 723248 525
857114 977445 507
908994 242761 525
389832 86069 443
164704 453380 449
85021 510161 449
228211 193786 386
189910 313612 443
712691 489892 509
580935 399444 470
907908 748126 525
687646 395732 509
231434 570337 470
333042 720518 509
394201 878743 525
205390 396069 443
582376 815470 509
54387 216012 383
727449 987922 525
110815 821131 509
534883 783021 509
902519 212762 525
928823 33375 525
17334 77228 351
174613 514074 470
479520 253853 449
