1 10 20
100 200 125
201 210 89
900 1000 174
1 1 1
989027 176137 525
308453 330351 384
538217 87457 470
227692 118771 386
907594 784030 525
21194 289342 443
991592 259431 525
746027 177664 509
259403 110690 443
53447 21263 340
534326 716814 509
693066 659233 442
768221 653332 504
636487 688770 442
202590 323186 443
458266 544089 470
567831 489120 470
744322 244143 509
897760 927719 476
769628 124472 509
934392 891105 476
955109 357806 525
758496 102535 509
369739 83410 443
740353 808542 468
69476 342515 443
833985 452788 509
422607 375567 449
626129 304359 470
209663 395642 443
648698 150080 509
693166 545335 509
988040 306701 525
156725 974990 525
846649 138830 525
745615 728487 424
348794 305183 441
218985 37051 386
288714 314002 384
449833 964495 525
541509 891199 525
682849 553689 509
629449 381536 509
622439 424794 470
898449 677705 525
190447 959474 525
35954 643580 509
920175 444360 525
812761 767508 468
103230 128903 354
586669 294400 470
644091 815445 504
958358 660504 525
68816 852808 525
333915 784783 509
254773 440534 449
105802 636124 509
647096 508274 509
80294 459991 449
68495 214486 383
165501 733110 509
676668 778312 504
882999 34295 525
10233 919756 525
725907 730727 380
478608 158996 449
516266 95398 470
662764 838235 525
18611 252602 443
133813 769921 509
97655 779749 509
160118 997282 525
125783 14481 354
50590 82308 351
464980 747022 509
82658 937476 525
825381 16696 509
641711 434226 509
637429 343510 509
389697 179581 443
653099 744620 504
420862 355664 449
578250 325397 470
945988 931204 507
660803 140069 509
1482 840255 525
559270 483241 470
359347 736568 509
192025 781051 509
340962 686007 509
878873 355729 525
84930 777858 509
989249 795743 525
498816 575304 470
99080 38821 351
724832 47153 509
625156 534171 452
91432 628123 509
192012 18943 383
566234 254611 470
243066 29914 443
795398 998985 525
690842 696120 442
98256 822437 509
872663 788703 525
153219 145640 370
549025 612980 434
223185 533129 470
974024 586592 525
617511 483423 470
22119 824152 509
930293 411348 525
899017 624400 525
763202 475916 509
466385 108642 449
675623 769165 504
186851 468342 449
862223 685545 525
923694 31869 525
375643 676814 509
256597 900135 525
657424 884262 525
517752 547818 452
184197 451005 449
147847 731913 509
217349 934907 525
80777 31313 351
465158 217620 449
278970 181590 443
286793 268833 407
161178 561127 470
71544 380699 443
446155 281710 449
690395 770648 504
96437 990429 525
190600 608425 470
162679 57762 383
372540 601388 470
195114 244554 443
929630 371912 525
402896 38932 443
112989 369026 443
770524 589475 509
810093 618767 509
114978 17168 354
867374 490619 525
874550 836330 525
863007 311579 525
324866 594115 470
