21 461 144
545 402 142
453 504 142
377 113 144
675 217 145
796 456 171
47 351 144
899 765 179
287 535 144
312 360 144
378 777 171
980 902 174
807 2 171
576 870 171
615 397 142
709 764 153
887 855 179
722 424 171
747 904 179
265 829 171
455 427 116
186 430 144
792 293 171
962 115 179
373 351 126
303 594 144
834 852 135
24 592 144
728 623 171
735 675 171
195 700 145
514 311 144
488 255 144
677 382 145
672 926 179
59 126 119
412 426 134
605 669 145
51 629 144
369 151 144
332 358 126
316 833 171
840 361 171
850 792 135
646 348 142
611 436 142
276 870 171
342 463 134
849 898 179
999 399 179
379 583 142
923 641 179
740 910 179
280 939 179
723 590 171
843 301 171
7 404 144
637 831 171
85 498 144
340 142 144
270 969 179
686 620 145
301 854 171
375 74 144
8 409 144
156 155 86
311 256 123
48 657 145
535 827 171
524 173 144
371 965 179
754 456 171
465 755 171
759 418 171
513 696 145
110 790 171
659 873 179
640 201 144
272 234 128
93 394 144
484 483 98
164 696 145
194 52 125
960 170 179
247 635 144
108 673 145
300 56 128
924 156 179
249 153 128
269 714 171
533 70 144
426 322 144
510 655 145
654 223 145
302 203 128
608 817 171
319 78 131
253 882 179
591 20 144
883 79 179
248 795 171
520 28 144
165 160 112
2 474 144
224 700 145
914 672 179
227 576 144
288 293 118
431 789 171
304 544 144
96 755 171
746 166 171
494 552 137
556 586 119
415 10 144
744 662 171
110 678 145
284 400 144
150 719 171
56 129 122
944 631 179
793 74 171
944 832 179
455 468 129
818 108 171
792 222 171
689 527 145
95 564 144
196 251 128
971 541 179
308 326 131
503 496 111
571 145 144
283 571 144
885 798 179
668 900 179
529 126 144
393 492 142
183 963 179
502 552 137
298 659 145
899 704 179
365 385 108
494 88 144
727 458 171
708 895 179
214 745 171
832 852 135
398 416 134
375 905 179
987 911 174
983 929 174
250 915 179
430 717 171
561 752 171
923 144 179
770 334 171
560 915 179
498 495 111
421 857 171
703 563 171
645 807 171
516 197 144
898 266 179
338 86 144
287 610 144
95 189 125
654 559 145
909 733 179
182 149 125
404 707 171
426 861 171
50 572 144
545 905 179
854 154 171
886 595 179
46 517 144
155 178 125
872 192 179
523 456 142
628 684 145
616 173 144
736 546 171
895 477 179
516 561 137
826 610 171
677 909 179
125 125 109
754 822 153
475 387 134
477 762 171
769 723 153
743 431 171
276 628 144
3 214 125
865 575 171
759 756 109
27 431 144
171 220 125
