1 10 20
100 200 125
201 210 89
900 1000 174
1 9999 262
1 999999 525
125864 1235 354
299504 335388 384
832878 765200 468
274079 749664 509
844078 995371 507
96112 799547 509
201209 481216 449
877074 214093 525
338606 538061 470
65125 499812 449
801434 471704 509
863875 620568 525
332285 689977 509
240503 810257 509
235894 651600 509
217544 94240 386
114000 957628 525
113274 452616 449
889864 389697 525
416736 292573 449
876071 267712 525
178894 900896 525
968786 82099 525
954050 978360 458
200617 372168 443
195210 299669 443
460462 769821 509
404260 734460 509
541418 169347 470
123465 889100 525
409780 442814 449
839895 985668 507
492726 115727 449
831811 440371 509
305001 797446 509
860245 775806 525
598316 948606 525
642567 113957 509
831830 453433 509
156370 97689 383
952669 401954 525
687099 894604 525
10680 287046 443
184250 70442 383
653771 774770 504
835716 905580 525
243704 74245 443
715840 653074 504
101374 676119 509
326457 811718 509
183650 66255 383
124409 927785 525
410416 593378 470
318482 712037 509
405367 922459 525
707974 203809 509
611385 31283 470
415790 612725 470
998281 638125 525
331834 410823 449
865805 228299 525
72599 604223 470
135887 109709 349
576440 623199 447
696603 792801 504
977775 252508 525
141653 987339 525
570849 160592 470
118648 340529 443
997004 348482 525
893782 882427 445
510074 152804 449
731531 2718 509
629955 472418 509
750478 512438 509
21724 123514 354
102913 983668 525
692037 84074 509
726424 419883 509
429417 952517 525
322054 94642 443
444624 964516 525
241659 741018 509
632365 180830 509
965729 580389 525
677160 899959 525
927744 513932 525
219771 747921 509
884040 759120 525
558464 530056 452
128937 801310 509
220838 356458 443
450658 868825 525
95594 707089 509
962717 789752 525
677006 762369 504
597906 597083 372
112500 881573 525
660516 351780 509
542417 686548 509
541834 967063 525
807490 704774 468
780170 991126 525
903220 642510 525
319784 772178 509
707334 712774 411
353450 628460 509
463239 767708 509
233553 845933 525
741376 944016 525
329949 154349 443
342256 709968 509
842739 305455 525
312835 602739 470
690058 341653 509
286763 204908 443
36098 13120 324
10657 46540 324
9428 21025 279
8720 48820 324
927 15867 276
20291 36361 324
49672 44646 314
47850 9514 324
17633 35561 311
21522 22777 269
24229 5369 282
38131 41622 306
33085 42864 324
8930 25839 282
42004 1902 324
14586 45739 324
40170 2152 324
27002 12833 308
12011 13590 276
9894 37711 324
46376 4549 324
14860 14460 271
18213 41408 324
7676 16715 276
34219 28507 285
49258 27941 324
32034 8527 308
3311 13849 276
23691 38703 324
2150 34606 311
27114 13474 308
27665 45116 324
22191 34163 308
23030 11179 279
3480 8503 262
46333 20988 324
4930 13366 276
20750 16234 279
35751 48861 314
44687 32569 324
11494 4006 268
43491 17930 324
29095 13214 308
19564 40159 324
45365 15704 324
23824 3752 282
42911 12415 324
7541 42903 324
19741 33136 308
