1 10 20
100 200 125
201 210 89
900 1000 174
7 100 119
167 310 128
2010 2100 157
800 9000 262
11 101 119
102 220 125
901 1210 182
245 1721 182
188 637 144
854 215 171
940 388 179
709 36 171
696 857 171
308 971 179
695 987 179
914 789 179
19 819 171
751 418 171
882 522 179
647 135 144
446 64 144
64 365 144
893 144 179
658 147 145
689 896 179
980 919 174
116 4 119
6 168 122
191 685 145
699 631 145
391 826 171
227 123 125
323 391 144
397 98 144
725 493 171
43 538 144
445 470 129
298 793 171
799 859 148
402 142 144
643 42 144
445 757 171
815 346 171
746 660 171
994 729 179
494 801 171
651 591 145
661 14 145
638 205 144
371 205 144
857 625 171
931 645 179
791 487 171
323 115 131
370 789 171
414 327 144
234 80 128
22 670 145
323 270 131
278 736 171
162 747 171
591 408 142
635 505 137
732 80 171
193 134 125
96 757 171
977 831 179
729 747 140
649 650 145
357 844 171
949 781 179
890 79 179
333 599 142
367 269 144
762 699 171
474 570 142
864 853 148
295 999 179
523 749 171
858 731 153
621 84 144
50 809 171
592 885 179
921 595 179
944 974 143
778 406 171
746 751 140
728 642 171
735 21 171
736 554 171
17 159 122
651 796 171
573 898 179
226 758 171
436 45 144
149 911 179
625 163 144
758 754 109
51 825 171
236 163 128
402 980 179
26 255 128
150 713 171
168 339 144
503 595 137
993 825 179
889 594 179
618 473 142
706 932 179
726 602 171
750 982 179
956 42 179
905 60 179
27 231 128
865 943 179
918 442 179
462 84 144
97 101 119
314 510 144
125 985 179
404 550 142
736 745 140
788 493 171
253 418 144
135 706 171
65 643 144
350 108 144
340 216 144
572 271 144
82 76 111
608 492 137
503 320 144
848 178 171
866 304 171
410 984 179
363 973 179
107 556 144
847 280 171
985 261 179
518 339 142
505 566 137
658 975 179
555 971 179
186 287 128
5 565 144
531 692 145
292 624 144
952 233 179
184 311 128
242 396 144
374 2 144
503 676 145
857 77 171
565 580 119
430 751 171
488 572 142
988 385 179
353 762 171
41 445 144
704 919 179
897 721 179
321 325 100
155 26 122
972 334 179
184 483 144
208 843 171
57 730 171
22 593 144
179 949 179
734 949 179
356 685 145
675 733 171
252 789 171
24 669 145
724 674 171
405 113 144
319 460 144
573 331 142
181 701 145
626 781 171
572 685 145
645 484 142
736 895 179
270 718 171
368 686 145
89 697 145
70 755 171
551 905 179
930 269 179
946 448 179
534 866 171
374 386 121
195 444 144
125 704 171
428 676 145
868 677 171
