1 10 20
100 200 125
201 210 89
900 1000 174
1029 9832 262
1190 2999 217
122 192993 383
84675 98326 333
1 99999 351
999 1000000 525
84630 999919 525
101010 101010 98
1 1 1
16883 99999 351
1 989999 525
483690 659729 509
1482 18432 279
12345 13254 263
183740 891629 525
100001 111110 354
6849 20788 279
96866 817972 509
817972 986355 525
1845 936185 525
342334 520631 470
626738 704044 442
512 4040 238
9086 31494 308
16 999000 525
6243 76522 340
61422 97331 351
24896 60469 340
102925 357945 443
56060 699502 509
634134 698295 442
446181 763692 509
763692 863692 525
3806 6630 262
38389 230334 386
959412 999999 458
10 873320 525
618454 739052 509
74012 236262 443
919211 934331 476
15551 984433 525
508391 527821 470
206866 610859 470
6108 61085 340
23235 926542 525
15528 16000 253
171717 181818 365
999998 999999 259
28 9811 262
2121 212121 383
54744 98795 351
74679 77777 351
96964 100000 328
2 436440 449
4023 50933 324
1535 16235 276
32346 43264 324
6880 7999 257
21213 38956 324
7203 61521 340
7496 16453 276
25026 25026 88
51010 373052 443
387517 568117 470
324553 981074 525
717214 717214 199
40176 407449 443
816332 866558 525
55407 648357 509
9298 571926 470
11633 201121 383
69437 119758 354
11633 22222 279
19358 40473 324
69437 488258 449
857434 939312 476
808734 816387 406
63635 49364 340
468713 9298 449
465083 457314 444
640543 9298 509
41527 934 324
948514 5 525
11633 33 268
232481 2 443
542460 69437 470
250879 112420 443
86971 7262 351
468713 13 449
784408 284190 509
35967 7 324
775255 12442 509
69437 981 340
723314 199 509
18524 2 279
934 56 179
69437 92 340
31880 10 308
99 1 119
10100 10000 224
83732 55732 351
