1 10 20
100 200 125
201 210 89
900 1000 174
20 30 112
40 50 110
1 150 122
6 16 20
400 1001 179
200 258 128
23 76 116
97 99 119
44 78 116
22 800 171
12 23 21
1 2000 182
6 9 20
99 234 128
34 34 14
2000 2005 144
1333 1455 172
26 260 128
7899 8990 252
1 55 113
456 786 171
987 1000 112
6000 7890 262
45 300 128
200 500 144
250 350 144
890 900 117
900 2000 182
500 550 137
77 88 111
88 99 119
99 111 114
700 750 171
750 800 153
22 89 116
1 2 2
1 1 1
10 10 7
90 90 18
60 65 108
670 680 114
10000 20000 279
330 660 145
250 250 110
1 9000 262
900 9000 262
20 10 21
50 1 112
200 100 125
66 55 113
300 299 118
700 600 145
45 40 110
800 670 171
670 660 145
1000 900 174
10001 1000 262
10 2 20
45 44 17
566 566 62
700 240 145
567 245 144
15 79 116
79 15 116
100 99 26
463815 549681 470
655826 667575 442
770394 551837 509
830921 544869 509
893935 357161 525
904823 696521 525
42888 607339 470
99868 939093 525
439887 205428 449
121896 997215 525
230660 268933 407
703335 319340 509
247508 745766 509
200704 56605 383
586863 32604 470
737191 366726 509
649727 800384 504
883652 978573 507
817073 756927 468
53017 729608 509
335321 469047 449
883247 981304 507
806645 817467 406
858636 470706 525
748581 405836 509
286666 143361 443
113486 933988 525
163460 916534 525
786968 953631 525
820578 127953 509
834149 229374 509
506596 238346 449
69988 296866 443
765138 678810 504
751884 563 509
856902 762479 525
986681 369870 525
27075 437290 449
646075 628137 416
323825 410300 449
845095 85391 525
816986 226366 509
31109 840945 525
70323 15175 340
945387 99484 525
486317 652021 509
221044 131034 386
408033 829287 509
918427 309174 525
12004 494463 449
321081 651216 509
