105473 601842 470
525345 582678 452
130803 597311 470
511040 568347 470
167087 879324 525
863281 893887 445
208378 982295 525
442092 678170 509
235809 487093 449
315469 467067 449
590130 730863 509
448247 981054 525
97125 937810 525
788314 890023 525
582932 739543 509
31513 229191 386
137901 879462 525
873059 946248 507
29483 166430 383
12572 678349 509
528059 703192 509
682932 926662 525
473736 763532 509
76676 408741 443
14012 267290 443
56293 775464 509
200854 340097 443
340215 765846 509
375416 488309 449
303384 729752 509
396574 524450 470
45071 169072 383
87569 566216 470
422749 827576 509
302897 317098 384
581738 924408 525
242166 784243 509
11319 645183 509
144398 707620 509
260213 675706 509
760688 782833 468
490797 509058 426
174476 506546 449
308585 948610 525
13250 285461 443
214823 998881 525
1540 493919 449
173520 252705 443
453922 742590 509
442628 850912 525
226771 238604 443
179601 655893 509
202887 459651 449
390025 937983 525
230944 404435 441
555030 644968 509
56158 348468 443
137919 772810 509
461553 927242 525
802393 974645 525
31422 961254 525
62967 126504 354
548018 716290 509
198533 222662 386
73129 243681 443
244006 390273 441
178680 189512 365
336969 808200 509
711171 883086 525
170832 726190 509
431167 769835 509
180380 567866 470
207056 799072 509
554302 570950 421
108823 903519 525
229624 342514 443
540526 703522 509
246757 850373 525
522398 928594 525
201484 698497 509
662049 779149 504
674214 918315 525
126104 470977 449
155293 924286 525
660073 991930 525
37985 139127 354
418064 716485 509
81568 741963 509
448552 512867 470
415991 776198 509
161880 852829 525
365587 674058 509
623586 921464 525
859692 918458 476
123708 838184 525
426560 930548 525
19224 62989 340
626620 884568 525
199571 627890 509
811106 914277 525
415096 532650 470
240624 581162 470
444667 576730 470
365669 510709 449
80197 990180 525
241863 421862 449
240338 523489 470
353108 778852 509
56364 958895 525
526650 933139 525
257444 983416 525
110712 152770 375
661126 784710 504
114156 551915 470
10750 952219 525
182238 961465 525
239232 907444 525
647109 813714 504
64533 735666 509
478054 728305 509
295047 785691 509
109090 852095 525
254808 748120 509
253814 702856 509
85976 576133 470
497709 702240 509
648015 805982 504
580263 947998 525
265645 826514 509
796109 815287 406
353829 791350 509
249049 756947 509
673816 772667 504
868846 885659 432
140077 803348 509
509343 815055 509
142168 612793 470
486403 841653 525
51586 686770 509
187646 901560 525
211575 658458 509
94963 404152 443
269893 837254 509
401655 639155 509
65584 160778 383
684746 769638 504
350829 436530 449
22892 574706 470
95390 909230 525
668937 903088 525
