1 10 20
100 200 125
201 210 89
900 1000 174
516473 798726 509
126916 849856 525
199497 647056 509
664584 75528 509
708099 943662 525
315511 983518 525
502205 562165 470
796008 31025 509
940110 834864 525
386575 318544 441
345277 972409 525
240548 527837 470
346629 634178 509
548778 827054 509
730094 158565 509
312053 172175 443
373565 245863 441
106886 943934 525
819516 741580 468
164201 680276 509
639571 394394 509
681036 39711 509
57253 536894 470
46820 287093 443
729435 10168 509
656634 954382 525
1948 221060 386
891856 835609 525
229673 573663 470
79650 931862 525
751769 314363 509
194203 668988 509
12449 515178 470
830868 367266 509
492819 928697 525
610703 976772 525
347202 257715 441
255321 874027 525
800534 110985 509
16247 596758 470
898734 356812 525
316352 118600 443
604961 814847 509
85730 995001 525
65204 218606 386
250558 115451 443
651574 739832 504
294734 235320 407
523784 211099 470
166181 405979 443
481060 769773 509
813710 279611 509
674477 839506 525
948379 114068 525
662925 201206 509
993226 428869 525
408754 967385 525
858307 662759 525
145208 787068 509
998386 787104 525
644970 236015 509
197332 551717 470
128120 815374 509
584321 344999 470
176272 696794 509
965768 592158 525
491873 892892 525
688843 524703 509
196238 207397 373
973638 439559 525
277966 261676 407
983012 595390 525
869665 888966 445
879514 562225 525
517562 14919 470
502762 260635 449
59987 759712 509
641363 229198 509
649825 278022 509
59360 588367 470
400880 115201 443
389721 450527 449
300502 204830 443
939669 991915 458
203469 640744 509
500290 828636 509
734153 570518 509
141337 50324 354
712020 995151 525
572590 916236 525
897611 188353 525
470799 40561 449
922077 200668 525
942268 31147 525
518722 786875 509
694291 159289 509
377622 577938 470
938619 799897 525
977412 694490 525
108523 278250 443
686607 801546 504
95519 439461 449
468667 812067 509
447414 252999 449
973250 932874 507
868769 723490 525
610280 226777 470
127305 282436 443
839088 293184 525
739240 293002 509
54021 498029 449
262996 93596 443
274465 733815 509
527111 613095 452
184440 634540 509
685407 72628 509
52774 289470 443
841228 995411 507
303254 781604 509
292200 377587 441
435483 854362 525
590402 797146 509
43576 787683 509
535396 828909 509
979545 984639 427
67559 454968 449
586119 493951 470
879285 659530 525
22303 184439 383
792743 458668 509
72550 831333 509
160587 720986 509
997332 558274 525
415750 614473 470
387641 19511 443
985370 817080 525
398750 893466 525
274138 644925 509
277186 342222 389
894536 430465 525
667014 477643 509
847373 182458 525
91616 344143 443
467720 42340 449
725989 585004 509
80075 328311 443
