1 10 20
100 200 125
201 210 89
900 1000 174
777 666 171
69 1 113
1337 1337 45
8080 7777 252
2234 7414 262
8713 1794 262
5960 8490 262
6045 7486 262
3056 3419 199
4321 8206 262
7407 3470 262
4854 2189 238
6119 564 238
3998 5702 236
5309 2079 238
862 7488 262
8210 3515 262
3120 1509 217
7593 6863 257
3667 4772 238
3820 6364 262
3451 6191 262
59 4069 238
3344 1130 217
4620 2787 238
1099 3628 217
6406 7513 257
350 4129 238
435 4352 238
1046 1411 182
2473 7300 262
9231 8122 247
7018 1405 262
1123 9902 262
5155 9073 262
396 4501 238
3105 2424 217
4959 8789 262
5688 1596 238
6408 2525 262
3767 7187 262
9 1101 179
6092 9487 262
105 3685 217
5684 2401 238
6104 875 238
8850 5688 262
9859 2615 262
168 7337 262
2182 3103 217
6608 8113 257
7275 1693 262
5071 1359 238
8044 2910 262
7491 2783 262
6015 289 238
3267 7666 262
646 8332 262
9529 6399 260
9306 8333 260
2196 7819 262
6481 4533 262
6899 7750 257
5406 6327 262
5033 4128 215
4284 8119 262
5160 5124 148
656 1659 182
5490 3512 238
9627 1660 262
114 5637 238
6393 6539 200
3737 7223 262
8972 3221 262
5747 2810 238
3090 7786 262
9490 1719 262
9475 5412 262
5128 1759 238
8353 21 262
2316 3376 217
6820 6920 226
1763 2731 209
7298 3965 262
7046 46 262
6691 1249 262
9737 8320 260
3502 7995 262
5395 7549 262
2144 2777 209
6996 6355 257
5519 4503 210
1169 4840 238
426 5440 238
577 9373 262
1548 3642 217
5476 8482 262
6017 2558 238
3065 96 217
4264 903 238
8714 5103 262
778 3329 217
5311 4532 210
6127 4268 236
5351 7869 262
1721 9891 262
2103 3646 217
3736 7794 262
10 4170 238
1373 409 182
9358 8055 260
2617 8831 262
8709 789 262
1994 4294 238
5578 8197 262
7855 5021 262
1039 7205 262
5623 5308 236
3580 915 217
9640 6349 260
4159 2626 238
8573 683 262
5956 5315 236
947 5992 238
