1 1 1
1 2 2
1 3 8
1 4 8
1 5 8
1 6 9
1 7 17
1 8 17
1 9 20
1 10 20
2 10 20
5 10 20
10 10 7
1 99 119
50 99 119
99 99 26
100 199 125
100 200 125
200 299 128
201 210 89
300 399 144
200 399 144
400 499 142
500 599 137
600 699 145
700 799 171
800 899 179
1 999 179
900 999 174
900 1000 174
1000 1099 169
1100 1199 182
1200 1299 177
1300 1399 177
1400 1499 172
1500 1599 167
1600 1699 180
1700 1799 180
1800 1899 175
1900 1999 175
1000 1999 182
1000 1599 182
1599 1000 182
2000 2099 157
2100 2199 170
2200 2299 183
2300 2399 183
2400 2499 209
2500 2599 178
2600 2699 191
2700 2799 173
2800 2899 173
2900 2999 217
2999 2900 217
1 2999 217
1999 2999 217
3000 3099 186
3100 3199 199
3200 3299 168
3300 3399 181
3200 3399 181
3400 3499 181
3500 3599 194
3600 3699 207
3700 3799 238
3800 3899 176
3900 3999 189
4000 4099 189
4100 4199 189
4200 4299 202
4300 4399 215
4200 4399 215
4400 4499 184
4500 4599 184
4600 4699 184
4700 4799 197
4800 4899 179
4900 4999 210
1 4999 238
4999 1 238
1999 4999 238
2999 4999 238
3999 4999 215
1 5000 238
5000 5000 29
5000 6000 236
5500 5999 236
5500 6000 236
6000 7000 262
7000 8000 252
8000 9000 247
8500 9000 247
9000 10000 260
1 10000 262
16447 16757 266
23234 20347 269
71606 12258 340
64934 65402 224
92270 74210 351
45473 56637 340
87495 55242 351
43029 85176 351
41830 39654 306
85228 45137 351
35895 27361 324
68379 34098 340
15388 18288 279
84066 78729 338
52280 44198 314
41525 58069 340
47570 75044 340
49252 92939 351
31770 59675 340
45727 27863 324
32734 54484 340
44505 34787 324
28324 61875 340
87652 49501 351
91043 42631 351
23840 31947 308
12543 45621 324
12768 46144 324
12995 46669 324
13224 47196 324
13455 47725 324
13688 48256 324
13923 48789 324
14160 49324 324
14399 49861 324
14640 50400 324
14883 50941 324
15128 51484 324
15375 52029 324
15624 52576 340
15875 53125 340
16128 53676 340
16383 54229 340
16640 54784 340
16899 55341 340
100000 100000 129
100001 100001 90
200000 200000 130
300000 300000 53
400000 400000 131
500000 500000 152
500001 500001 113
600000 600000 54
700000 700000 168
800000 800000 132
900000 900000 158
999999 999999 259
