4008 7944 3937
1970 8451 6482
8679 9827 1149
2638 3643 1006
2228 5384 3157
3180 1464 1717
8188 1067 7122
2753 2647 107
7797 9039 1243
1847 1862 16
9059 341 8110
3177 5037 1861
7566 3817 3750
4682 9073 4392
6147 7252 1106
1859 6323 4465
5241 5041 201
6091 1941 4151
1945 451 996
4829 9580 4752
4640 5529 890
7477 8076 600
4234 7026 2793
1080 8848 7769
705 9649 8700
9366 6204 3163
1263 4060 2798
6915 2124 4792
6498 1137 5362
5247 7450 2204
156 9538 8589
4968 4110 859
7617 6412 1206
4505 7303 2799
5250 6160 911
5374 9140 3767
8506 824 7557
7313 7515 203
4504 4948 445
918 3996 3047
3419 3511 93
4628 2589 2040
8022 6363 1660
4070 1017 3054
7035 1631 5405
5549 6123 575
3623 8057 4435
7331 2768 4564
408 675 145
662 2943 1994
1942 3348 1407
7042 3561 3482
3737 3457 281
6118 5243 876
4122 5222 1101
8732 8562 171
9120 8142 979
4849 8025 3177
3636 8503 4868
9655 9455 201
4108 3428 681
4972 3344 1629
1363 9617 8255
7804 2443 5362
8118 3902 4217
4046 7513 3468
7057 493 6108
6390 5578 813
6515 9444 2930
7395 4491 2905
8272 1836 6437
1389 6116 4728
6641 6037 605
8335 385 7386
3924 7663 3740
3181 6780 3600
7256 2134 5123
4653 9934 5282
7326 6616 711
2734 1015 1720
910 834 179
7844 3791 4054
873 919 148
3136 849 2187
3728 3894 167
3224 4231 1008
9817 2167 7651
905 2439 1490
4495 8838 4344
7273 9128 1856
636 4671 3722
516 1097 179
4749 2584 2166
7054 9021 1968
8462 6550 1913
4904 2394 2511
3952 5964 2013
9121 8474 648
5248 7433 2186
4355 6086 1732
397 2080 1131
8360 3186 5175
560 1152 203
4601 6687 2087
7941 3178 4764
7431 8897 1467
6964 3473 3492
3776 1068 2709
5632 1924 3709
70 7531 6582
5083 2945 2139
4488 5648 1161
9446 67 8497
8683 2407 6277
8475 4553 3923
1289 7234 5946
9825 1741 8085
8403 4667 3737
7185 4823 2363
5960 8355 2396
8607 5624 2984
1505 8263 6759
8925 4856 4070
3651 2952 700
979 4430 3481
9226 8909 318
4699 8294 3596
7852 753 6903
331 5798 4849
661 6148 5199
2494 1095 1400
2390 6106 3717
2259 4055 1797
7543 8300 758
4486 38 3537
7137 9109 1973
6907 7506 600
8903 3535 5369
8288 7292 997
9479 4631 4849
4142 4830 689
9722 5647 4076
6812 2709 4104
1176 9420 8245
8213 9314 1102
1881 5601 3721
6528 7933 1406
101 3659 2710
7312 7397 86
1233 5501 4269
2240 1272 969
5144 9704 4561
5308 5922 615
9349 1426 7924
3733 9041 5309
6292 2004 4289
4333 8716 4384
8765 3745 5021
5324 7424 2101
8596 555 7647
9260 6319 2942
6710 6043 668
3399 8666 5268
1641 2482 842
9960 9727 234
7498 2877 4622
6716 1207 5510
9405 9896 492
1592 6380 4789
5821 2029 3793
8790 2716 6075
8684 8608 77
1589 5959 4371
4932 7666 2735
5265 9803 4539
1071 7213 6143
3741 2347 1395
5852 1161 4692
6151 2354 3798
9326 3197 6130
8099 550 7150
5512 3875 1638
8932 4446 4487
4944 929 3995
2072 8489 6418
3158 8052 4895
5214 209 4265
1046 2865 1820
9030 4990 4041
6552 7355 804
9122 3368 5755
4567 9844 5278
3409 7700 4292
6348 9909 3562
551 2208 1259
1784 86 835
1551 7071 5521
7813 9011 1199
9204 2299 6906
5745 9621 3877