1 10 20
100 200 125
201 210 89
900 1000 174
971654 751933 525
586238 264999 470
558580 169746 470
838505 102862 525
54069 87912 351
179254 29036 383
607383 110100 470
773879 538679 509
129279 210452 383
818499 685128 504
186752 328368 443
314752 411456 449
120372 888730 525
366751 328753 441
102046 418827 449
228731 201536 386
856905 430815 525
130225 982400 525
320354 111368 443
545187 296796 470
65589 560958 470
669333 75368 509
272078 115435 443
515054 670576 509
498115 248844 449
975057 364641 525
484164 745412 509
704521 25905 509
934206 300475 525
355857 924883 525
798080 708448 468
966685 110843 525
452491 443926 387
531211 425052 470
283449 347810 441
406603 677592 509
484932 123199 449
349853 842242 525
858632 696565 525
675200 673502 367
959822 582887 525
737678 601573 509
20971 424264 449
897544 681046 525
621327 49584 470
3197 522407 470
134367 816261 509
452329 833034 509
608723 708051 509
385380 240207 441
323310 803812 509
829667 812432 450
756212 333412 509
436476 357433 449
887336 952249 507
974774 609036 525
233367 212424 443
715947 597055 509
460500 814544 509
506363 640521 509
387653 449263 449
761301 161800 509
553820 349309 470
603318 760953 509
360390 147843 443
353650 433319 449
114938 720583 509
680111 665560 398
871951 396840 525
14878 210024 383
113901 126838 349
206193 186524 360
97201 747736 509
581970 845652 525
315535 382209 441
850810 758036 525
822067 204737 509
698502 804713 504
583158 51592 470
900437 322775 525
767434 340539 509
801904 838029 525
255825 220630 443
438796 566983 470
645280 113748 509
558276 454087 470
355512 660293 509
546092 974526 525
895943 909818 445
340418 980020 525
469821 766235 509
487347 413719 444
983940 995669 427
523174 755724 509
512271 595073 452
578680 626312 447
592367 360411 470
52166 960683 525
629439 276594 509
898421 25388 525
523572 370285 470
846589 791965 525
819995 957005 525
422323 780113 509
658559 568034 509
259996 223695 443
821927 217873 509
754257 46720 509
202834 791870 509
978748 295096 525
22945 725833 509
111126 425193 449
485101 234247 449
726196 928662 525
72669 228197 386
988057 121291 525
124579 702213 509
185090 578484 470
654730 631581 416
842740 383080 525
916676 869170 476
321952 252463 407
493450 943226 525
697214 863457 525
335102 341559 366
266459 925394 525
361365 196813 443
23507 549009 470
912941 789359 525
380714 214125 443
51570 19275 324
583030 974155 525
346842 413169 449
10830 530034 470
91948 14813 351
28270 762743 509
496429 586891 470
824185 608084 509
229571 186590 386
189229 324027 443
135494 715362 509
335595 136872 443
312058 199685 443
416143 7837 449
578034 392410 470
531807 759032 509
273272 953574 525
917102 915350 339
866886 331484 525
621061 167570 470
