1 1 1
1 10 20
100 200 125
201 210 89
900 1000 174
70663 8930 340
24029 48911 324
46997 139875 354
3755 52691 340
42367 122267 354
35620 54647 340
29281 79790 351
1106 24122 282
44665 101403 351
4389 69895 340
28665 65282 340
34788 48970 324
6428 74119 340
34684 113389 354
2417 58321 340
33640 96326 351
18342 71365 340
40748 87864 351
45826 79818 351
23322 44116 324
43739 51019 314
47152 67747 340
24833 97097 351
10982 11343 237
24993 73522 340
41795 111792 354
49601 111927 354
26531 77034 351
777 10968 262
25143 96384 351
44359 101861 351
28989 82768 351
47254 90119 351
7233 98531 351
32431 104456 351
9584 43108 324
16237 113114 354
13231 73701 340
45190 143828 375
31020 57842 340
35590 92642 351
32974 37449 324
43998 142214 354
34192 67298 340
29949 109750 354
24010 110160 354
2830 50445 324
4181 67009 340
27513 70751 340
33687 42387 324
29512 91245 351
7849 69882 340
19049 52113 324
14831 84658 351
29051 115401 354
33217 132436 354
19144 101451 351
16179 47810 324
22245 42683 324
47919 80836 351
7586 104682 351
12578 29301 308
47350 66286 340
26808 121620 354
1446 13705 276
11953 40347 324
30340 46888 324
36104 81791 351
11734 55043 340
1761 68336 340
45707 88683 351
9862 48964 324
24083 25849 264
48985 61742 340
669 86233 351
7597 81651 351
20135 105203 351
35695 133950 354
20340 119992 354
25174 68071 340
44927 108337 354
45917 124201 354
39104 132763 354
21966 60600 340
371 72091 340
48755 102887 351
38771 75321 340
15104 61279 340
36121 114566 354
28557 125984 354
20594 104229 351
2158 76676 340
48103 93419 351
24377 42013 324
34640 115187 354
35951 49225 314
41628 80596 351
42921 82128 351
39528 41883 306
38946 99942 351
12843 51655 324
18576 58477 340
45616 142081 354
40543 134978 354
15251 103462 351
25462 94665 351
23865 74403 340
40794 110341 354
27590 44344 324
31277 50337 324
44456 82126 351
7927 8773 252
24588 99080 351
32571 33032 267
20702 89879 351
10515 19311 279
8024 59297 340
20540 116893 354
12823 14835 276
48245 122228 354
3915 90586 351
36587 98922 351
17216 37981 324
16987 105487 351
35951 110431 354
290 31747 308
6973 37987 324
45665 51564 314
25290 42391 324
24646 83971 351
41571 56406 340
8635 34448 311
31686 73870 340
46114 48009 314
39391 64333 340
26359 42808 324
14094 29011 308
23220 104263 351
30717 75020 340
13754 57369 340
18778 27481 308
10556 100667 351
20959 119806 354
7032 103567 351
23604 78607 351
16173 115921 354
47471 105950 351
44458 54994 340
528 7341 262
23965 26168 264
