1 10 20
100 200 125
201 210 89
900 1000 174
1 1000 179
1001 2000 182
2001 3000 217
3001 4000 238
4001 5000 215
5001 6000 236
6001 7000 262
7001 8000 252
8001 9000 247
9001 10000 260
10001 20000 279
20001 30000 308
30001 40000 324
40001 50000 314
50001 60000 340
60001 70000 335
70001 80000 351
80001 90000 333
900001 100000 525
100001 200000 383
200001 300000 443
300001 400000 441
400001 500000 449
500001 600000 470
600001 700000 509
700001 800000 504
800001 900000 525
900001 999999 507
1 1 1
999999 999999 259
1 999999 525
1 1000 179
2500 5000 238
9001 999999 525
8 88 116
356 596 142
5000 1 238
4999 4998 179
1 500 144
500 1500 182
1501 2500 209
2501 3500 217
3501 4500 238
4501 5500 210
5501 6500 262
6501 7500 257
7501 8500 252
8501 9500 260
9501 15000 276
15001 25000 282
25001 35000 311
35001 45000 324
45001 55000 340
55001 65000 335
65001 75000 325
75001 85000 351
85001 95000 333
950001 150000 525
150001 250000 443
250001 350000 441
350001 450000 449
450001 550000 470
550001 650000 509
650001 750000 504
750001 850000 525
850001 950000 507
950001 1500000 528
264914 854830 525
563711 281932 470
166055 72829 383
782101 791357 406
788644 654735 504
310192 558211 470
418749 555430 470
949812 870092 507
123639 484511 449
136877 138308 331
368159 663340 509
816729 763972 468
30674 873809 525
916015 710202 525
718036 498200 509
670089 140312 509
291200 942728 525
492960 198365 449
769192 556433 509
113184 5198 354
128383 36592 354
53827 892545 525
606176 917544 525
14517 412803 449
983883 657304 525
687926 848643 525
195011 528937 470
47506 244481 443
689754 659513 442
702470 823515 504
900569 127503 525
22491 23611 282
413022 479675 444
164471 167572 352
232346 203472 443
716061 122587 509
649340 654021 385
922706 742103 525
454732 566372 470
874959 552429 525
430294 851762 525
418309 396548 449
852281 451379 525
358952 273615 441
683799 340988 509
153886 182882 383
840664 787290 525
522804 441986 470
415254 580695 470
475709 750440 509
492525 929397 525
317708 596755 470
457271 278636 449
327340 544840 470
445058 347877 449
283244 618757 470
876529 495016 525
910439 426315 525
238407 319471 407
878621 614356 525
496077 963847 525
639021 256185 509
117437 469816 449
185 4679 238
2451 4437 238
7033 7337 195
2887 5286 238
516 7213 262
5623 5196 236
9895 6343 260
8881 1739 262
3686 6869 262
8181 1170 262
38598 34943 324
46866 11162 324
41501 24321 324
27759 51833 324
48710 24159 324
3222 21007 279
35317 12419 311
39343 38890 275
17732 50141 324
49219 30980 324
44086 58513 340
44755 87312 351
4090 82679 351
7607 89554 351
89562 98271 333
67900 87295 351
634 43949 324
82069 60723 351
59812 6314 340
74292 38474 340
8951 559698 470
1132 75427 340
3683 57491 340
35483 18615 311
41018 39331 306
48704 27900 324
42659 31589 324
91106 13908 351
40049 38397 306
16029 17731 279
34792 81333 351
80893 165 351
21274 21965 269
62154 29320 340
50622 90094 351
78633 82576 338
28937 97060 351
11041 22642 279
71758 79162 351
79092 80669 320
40587 71820 340
75440 57702 335
32718 46801 324
67383 41799 340
53541 77598 351
12855 71025 340
61078 69117 330
64340 67816 312
40201 78899 351
34610 31725 311
53367 72671 335
76414 11016 340
37443 94883 351
77106 35949 351
55219 65787 335
5 1 8
