229975 804628 509
382749 520939 470
996736 998722 440
363888 758328 509
942485 964820 414
539146 930582 525
450602 811732 509
496794 757932 509
197296 979557 525
827990 838421 525
201686 694665 509
535682 564135 452
487399 582170 470
334046 919268 525
111834 844474 525
978753 995660 427
759257 830852 468
95033 709952 509
831514 938139 525
203685 836070 509
667916 894853 525
360809 413545 449
832252 999876 525
887388 913289 476
836317 866166 525
726643 959428 525
136880 386749 443
247045 992926 525
843108 988078 507
700612 959965 525
149683 219106 386
541079 929160 525
817391 827950 450
668058 983174 525
90679 504695 449
904853 912904 476
795006 808106 468
512645 825499 509
793417 797585 468
523451 623833 452
269224 806808 509
937589 961288 507
862068 937580 476
706394 808714 468
276109 650610 509
374045 713965 509
62306 644836 509
934480 969939 507
371706 868451 525
59019 511540 449
67512 187248 383
650405 672975 442
94986 176838 383
377088 923329 525
644873 859855 525
311187 991605 525
690022 740174 504
871161 918751 476
523510 746665 509
809278 873920 525
49017 175369 383
64455 695138 509
21590 926602 525
392716 705358 509
244531 989243 525
457141 800783 509
788707 887322 525
114068 389252 443
672066 705279 504
354415 976730 525
522022 775342 509
582418 632549 509
895971 934880 476
74765 168568 383
677695 844867 525
290118 851261 525
53464 201903 383
820445 904330 525
340925 457610 449
680343 717678 504
440738 783725 509
730491 990313 525
481125 786988 509
423285 883854 525
653569 925670 525
304009 847792 525
367285 822372 509
248698 358639 441
473022 635001 509
689018 849041 525
610561 919958 525
585709 850561 525
153958 428465 449
567333 729575 509
847526 979751 507
492607 615917 470
763757 996708 525
920082 932798 476
25930 188329 383
204178 329022 443
303360 867069 525
943785 966943 414
917454 940460 507
686346 735346 504
496162 933914 525
282458 453601 449
745205 810171 468
992846 994497 365
608051 900640 525
268836 399611 441
355577 942758 525
862147 891571 445
363198 399316 436
67411 758921 509
602109 639599 509
461575 978117 525
579976 794815 509
84198 254327 443
85654 235684 443
96620 679518 509
512927 910713 525
280588 731475 509
538971 769709 509
819185 958192 525
867271 991193 507
216679 227248 368
382416 568493 470
110863 853281 525
945446 990486 458
41087 627889 509
83555 256475 443
767797 806525 468
851420 916208 476
367718 814525 509
578252 670658 509
668137 708477 504
640400 894693 525
722622 921743 525
777450 813617 468
374744 751149 509
9044 760202 509
254152 543231 470
776086 976569 525
769418 849046 525
703563 860425 525
895155 991868 507
671546 920639 525
358607 842551 525
645798 753169 504
489332 569059 470
911202 981082 507
397918 759820 509
131761 668216 509
538189 616236 452
801805 909154 525
471789 950349 525
406572 731631 509
726838 921187 525
185747 314644 443
621277 890357 525
387647 532361 470
133970 890524 525
874644 915040 476
983389 986384 427
280268 774313 509
877219 899259 445
41968 871517 525
275282 923540 525
152515 904026 525
122516 777189 509
187065 403617 443
330942 793843 509
680219 737759 504
591601 735589 509
889857 945949 507
130664 833143 509
692234 773776 504
600279 652126 509
685722 795667 504
965121 980719 458
689718 894382 525
274764 585954 470
941976 948048 383
550184 605089 434
837116 992296 525
232517 616969 470
181368 234938 443
367535 756829 509
266550 357088 441
116766 374670 443
517237 999144 525
868929 972334 507
362245 581158 470
192893 291146 443
395929 804104 509
505704 516703 470
188709 387163 443
215448 435810 449
763014 910480 525
327945 660160 509
