1 1 1
1 1000000 525
1234 2500 209
500000 555000 470
999999 1000000 259
1000000 1000000 153
171854 640984 509
190218 956431 525
83728 132831 354
134901 360904 443
264464 722240 509
256423 521481 470
434684 857886 525
746411 807912 468
568650 900296 525
314845 399524 441
434571 481020 444
212716 516019 470
294321 359972 441
85826 734510 509
64010 728816 509
606390 643658 509
788489 973525 525
982407 983277 383
18566 712548 509
592138 682367 509
205612 299702 443
182726 400786 443
640144 793598 504
13490 292832 443
502255 862093 525
801401 830602 450
102677 524214 470
92102 431059 449
47306 673788 509
440346 705194 509
285728 400262 441
105837 860151 525
233915 309924 407
593545 903837 525
422785 716523 509
590452 909704 525
316833 522435 470
301511 506728 449
10065 664482 509
529841 535224 377
413385 657464 509
681436 856575 525
174004 456043 449
281590 347804 441
739018 864182 525
234857 730963 509
113705 296052 443
106961 203217 383
452130 774372 509
583556 720919 509
152358 170066 383
312270 445981 449
95696 124528 354
591143 748445 509
271131 858063 525
217951 682400 509
99860 947717 525
184454 442072 449
612150 756384 509
197860 452833 449
98719 523417 470
7977 747595 509
632745 879056 525
207628 856355 525
23556 136952 354
579073 784368 509
42871 415309 449
204680 465303 449
87379 708735 509
591714 956272 525
565105 703557 509
891612 929366 476
417879 939304 525
314877 717191 509
461580 963825 525
158191 982183 525
268465 627219 509
136136 491801 449
540862 968653 525
627653 675341 442
112506 898355 525
162542 511829 449
198383 329492 443
356424 817009 509
105287 245051 443
439273 583483 470
459070 590045 470
111157 180099 383
17513 242272 443
282507 288035 376
104034 637680 509
30974 327004 443
725213 790495 468
234875 550677 470
693800 896690 525
69706 269641 443
509582 800631 509
17249 815992 509
238218 712219 509
105439 328693 443
