97 64 119
13 29 112
45 68 113
85 24 116
54 96 116
29 52 110
37 30 107
61 65 108
51 36 110
90 4 116
46 34 110
83 2 116
88 16 116
85 75 111
93 10 116
13 59 113
20 36 112
59 7 113
77 65 116
12 14 18
2 77 116
92 24 116
35 82 116
78 28 116
37 84 116
57 79 116
12 26 24
30 26 112
13 29 112
15 82 116
8116 853 262
8663 1648 262
3037 9100 262
6813 9795 260
6413 6267 200
2106 940 182
7347 5066 262
873 2528 209
4286 4272 171
3959 8861 262
4042 1495 238
539 286 144
196 7028 262
6471 2387 262
8653 1131 262
6740 9558 260
2150 37 182
696 3761 238
3791 8400 262
9903 8832 260
5490 9665 262
7287 7965 252
2575 6347 262
1437 7227 262
3593 4182 238
6327 2200 262
3857 6389 262
9876 1201 262
1804 8217 262
7237 2474 262
98245 73540 351
4922 24178 282
54449 67084 335
46421 24646 324
64337 11060 340
74231 46752 340
37012 18638 324
79023 45938 351
47325 36686 314
65063 57419 335
20425 92871 351
53625 41264 340
22430 34445 311
37591 17354 324
91677 88019 333
23278 10143 279
87341 53040 351
18737 58512 340
18213 74758 340
54879 30793 340
2091 84912 351
28441 75292 340
64179 98143 351
40039 18949 324
95131 27003 351
47927 47553 252
12238 88782 351
79369 64896 351
86744 35916 351
87728 46543 351
934680 217607 525
109828 928418 525
732514 583834 509
675762 837073 504
317884 167728 443
187240 380375 443
275106 199541 443
465424 820035 509
945711 385186 525
448944 651038 509
745124 416350 509
276248 192327 443
557203 506298 470
911666 205952 525
894361 91838 525
411515 264128 449
924024 224332 525
640133 988389 525
19061 912678 525
320553 465027 449
181417 752257 509
49604 311796 443
503817 389963 449
935389 223833 525
512719 318984 470
294421 296454 358
80941 248417 443
147972 722297 509
125283 465597 449
13664 195325 383
