450052 502025 444
551995 317427 470
933738 148664 525
388357 261856 441
774475 901086 525
890235 161984 525
525328 197035 470
814517 312400 509
675871 206037 509
120522 844690 525
629959 411819 509
486785 945585 525
302786 776898 509
698349 113524 509
282875 837701 509
120413 170884 383
300505 653134 509
79501 475564 449
436070 740939 509
462376 298138 449
188068 42009 383
729841 495457 509
128752 536059 470
461411 668966 509
900891 952775 507
917162 690397 525
147949 62914 375
940255 468765 525
432700 124621 449
181211 191682 360
238866 970559 525
918712 724863 525
400328 340939 441
17395 855085 525
980487 166167 525
443021 468306 444
59005 887723 525
916106 665417 525
881596 424582 525
288838 32919 443
840940 120339 525
343989 29708 443
308605 70647 443
642198 927586 525
49803 353981 443
539816 628547 509
839525 238766 525
911790 301031 525
104193 164880 383
538304 576148 452
597543 127547 470
165842 510866 449
90160 284296 443
640380 278650 509
146822 167023 383
246042 133235 443
961384 108096 525
115166 693598 509
290172 693114 509
934790 391136 525
109465 118343 349
780571 205406 509
381883 260727 441
302443 612225 470
71358 764080 509
834345 823558 419
964300 142188 525
939019 414222 525
793400 801209 468
291034 540954 470
731341 854311 525
37944 884501 525
870502 139479 525
542218 236034 470
429674 578771 470
276009 389853 441
889976 974298 507
243596 86377 443
168698 170169 334
324640 933881 525
895627 973821 507
277870 393466 441
936014 134051 525
908908 254173 525
975538 947396 458
958320 215698 525
408581 551455 470
