604 8 144
15 909 179
24 1216 182
35 1525 182
48 1836 182
63 2149 182
80 2464 209
99 2781 209
120 3100 217
143 3421 217
168 3744 238
195 4069 238
224 4396 238
255 4725 238
288 5056 238
323 5389 238
360 5724 238
399 6061 238
440 6400 262
483 6741 262
528 7084 262
575 7429 262
624 7776 262
675 8125 262
728 8476 262
783 8829 262
840 9184 262
899 9541 262
960 9900 262
1023 10261 262
1088 10624 262
1155 10989 268
1224 11356 268
1295 11725 268
1368 12096 268
1443 12469 268
1520 12844 268
1599 13221 268
1680 13600 276
1763 13981 276
1848 14364 276
1935 14749 276
2024 15136 276
2115 15525 276
2208 15916 276
2303 16309 276
2400 16704 276
2499 17101 276
2600 17500 276
2703 17901 279
2808 18304 279
2915 18709 279
3024 19116 279
3135 19525 279
3248 19936 279
3363 20349 279
3480 20764 279
3599 21181 279
3720 21600 279
3843 22021 279
3968 22444 279
4095 22869 279
4224 23296 279
4355 23725 282
4488 24156 282
4623 24589 282
4760 25024 282
4899 25461 282
5040 25900 282
5183 26341 282
5328 26784 308
5475 27229 308
5624 27676 308
5775 28125 308
5928 28576 308
6083 29029 308
6240 29484 308
6399 29941 308
6560 30400 308
6723 30861 308
6888 31324 308
7055 31789 308
7224 32256 308
7395 32725 308
7568 33196 308
7743 33669 308
7920 34144 308
8099 34621 311
8280 35100 311
8463 35581 311
8648 36064 324
8835 36549 324
9024 37036 324
9215 37525 324
9408 38016 324
9603 38509 324
9800 39004 324
9999 39501 324
10200 40000 324
10403 40501 324
10608 41004 324
10815 41509 324
11024 42016 324
11235 42525 324
11448 43036 324
11663 43549 324
11880 44064 324
12099 44581 324
12320 45100 324
12543 45621 324
12768 46144 324
12995 46669 324
13224 47196 324
13455 47725 324
13688 48256 324
13923 48789 324
14160 49324 324
14399 49861 324
14640 50400 324
14883 50941 324
15128 51484 324
15375 52029 324
15624 52576 340
15875 53125 340
16128 53676 340
16383 54229 340
16640 54784 340
16899 55341 340
17160 55900 340
17423 56461 340
17688 57024 340
17955 57589 340
18224 58156 340
18495 58725 340
18768 59296 340
19043 59869 340
19320 60444 340
19599 61021 340
19880 61600 340
20163 62181 340
20448 62764 340
20735 63349 340
21024 63936 340
21315 64525 340
21608 65116 340
21903 65709 340
22200 66304 340
22499 66901 340
22800 67500 340
23103 68101 340
23408 68704 340
23715 69309 340
24024 69916 340
24335 70525 340
24648 71136 340
24963 71749 340
25280 72364 340
25599 72981 340
25920 73600 340
26243 74221 340
26568 74844 340
26895 75469 340
27224 76096 340
27555 76725 340
27888 77356 351
28223 77989 351
28560 78624 351
28899 79261 351
29240 79900 351
29583 80541 351
29928 81184 351
30275 81829 351
30624 82476 351
30975 83125 351
31328 83776 351
31683 84429 351
32040 85084 351
32399 85741 351
32760 86400 351
33123 87061 351
33488 87724 351
33855 88389 351
34224 89056 351
34595 89725 351
34968 90396 351
35343 91069 351
35720 91744 351
36099 92421 351
36480 93100 351
36863 93781 351
37248 94464 351
37635 95149 351
38024 95836 351
38415 96525 351
38808 97216 351
39203 97909 351
39600 98604 351
39999 99301 351
40400 1000000 525
