1 10 20
100 200 125
201 210 89
900 1000 174
15154 154 276
5351 8974 262
21 45 112
4865 2547 238
788 459 171
8956 4115 262
78965 58965 351
4845 45856 324
878 4587 238
452 654 145
7 9 20
659 4785 238
222 333 144
4856 5874 236
4865 2587 238
989 787 179
125 456 144
58 57 33
789 987 179
4645 2314 238
8947 1864 262
2347 7847 262
3254 8941 262
4531 8794 262
847 534 171
84 653 145
4165 9874 262
651 654 145
479 453 129
651 653 101
849 753 153
8619 5237 262
8194 4755 262
1645 864 182
5231 8635 262
1665 7523 262
6451 7524 257
869 653 171
6451 7534 257
8495 5234 262
4525 6512 262
4523 1645 238
53 867 171
651 4753 238
8641 4752 262
651 453 145
6897 6456 244
853 521 171
8539 8414 203
8639 4514 262
4724 8647 262
4523 8674 262
8639 4853 262
42 849 171
853 4864 238
865 65 171
523 365 142
879 653 179
853 456 171
5594 1656 238
335 456 134
519 213 144
534 651 145
8675 6515 257
6475 8676 257
645 465 142
2669 8945 262
5356 6516 262
675 879 179
98 52 119
545 897 179
456 98 144
6453 8794 257
452 864 171
645 455 142
6521 8635 257
453 849 171
534 847 171
53 87 116
65 87 116
639 654 145
456 878 179
456 567 142
6547 6485 200
234 645 144
537 865 171
35 84 116
645 87 144
6516 846 262
564 155 144
6854 8799 257
645 653 145
45 865 171
865 4686 238
645 86759 351
4523 8479 262
5234 864586 525
65645 54668 335
86976 64513 351
65344 65344 56
