1 10 20
100 200 125
201 210 89
900 1000 174
5213 7897 263
1072 3092 218
476 6833 263
5712 9233 263
679 9976 263
3361 5219 239
641 3671 218
6993 9580 261
114 5179 239
8749 9617 261
2374 7801 263
943 7128 263
45 3143 218
5537 5838 237
2765 4450 239
6083 7467 263
1202 4205 239
519 7456 263
183 1202 183
4891 6680 263
2267 7206 263
3736 3993 190
984 2939 218
3578 4580 239
2088 7600 263
589 2647 210
3659 5129 239
367 6708 263
885 8153 263
5970 8838 263
4254 5257 216
1352 8491 263
3330 6749 263
2955 7145 263
1869 7086 263
4045 7193 263
612 8899 263
3790 8306 263
103 5004 239
2213 6471 263
2034 2519 210
675 5381 239
544 4281 239
547 6891 263
5987 8251 263
2519 8481 263
2042 2104 158
4744 6036 237
2435 3848 239
9056 9220 199
2012 8217 263
1090 1600 183
7897 9632 261
7427 8264 253
4875 7318 263
7778 9393 261
503 4991 239
5670 6396 263
1285 1351 178
1185 6291 263
928 3065 218
147 3580 218
2196 6622 263
4173 8369 263
813 3922 239
5860 9126 263
2940 3185 200
3173 5852 239
4117 4921 216
6 5512 239
1584 4299 239
2996 3370 200
336 5181 239
1995 6644 263
689 4410 239
6250 8705 258
2608 3680 218
1783 5499 239
1633 2525 210
6427 6622 245
1419 9711 263
8546 9054 248
190 8864 263
3271 5219 239
2616 2977 218
6980 8432 253
7718 9610 261
2543 4690 239
3201 4653 239
3260 9818 263
6982 7737 240
103 8315 263
7493 7803 222
257 4149 239
5647 9811 263
2499 4069 239
3149 5870 239
5996 8964 263
4286 8743 263
8210 8482 235
242 3036 218
3320 5118 239
1944 6000 239
2031 9902 263
6962 9563 261
6353 8864 258
3284 4070 239
3780 6211 263
4434 9813 263
1361 3589 218
2836 7978 263
2905 4377 239
5741 8302 263
6174 9707 261
3639 7646 263
1810 7844 263
2514 8295 263
2286 8166 263
5460 6060 237
2590 7447 263
4570 6460 263
200 5510 239
888 986 174
1163 8942 263
7855 7866 147
106 3249 218
1469 2923 218
1957 9003 263
907 8134 263
4668 5738 237
3435 9958 263
3217 8221 263
2990 4448 239
6156 9446 263
2361 7214 263
2840 8886 263
1193 9275 263
1523 4397 239
7391 9010 253
1053 1988 183
5267 7152 263
7654 9067 253
2013 5981 239
8506 9075 248
3505 4867 239
4404 9485 263
6382 6695 245
3175 6676 263
2980 5884 239
