1 10 20
100 200 125
201 210 89
900 1000 174
243876 243876 169
9 9 20
10 1 20
15345 839900 525
830002 859900 525
844020 246119 525
628450 902257 525
315590 260954 407
9284 657505 509
890938 252719 525
975692 23937 525
667449 789884 504
863810 175500 525
262114 669966 509
707705 742203 424
148204 117314 375
464038 230024 449
915264 26906 525
983538 342603 525
944520 736370 525
27726 588751 470
7978 643277 509
934458 106071 525
550509 710268 509
580765 636782 509
236690 360973 441
35468 246332 443
840648 742851 525
73207 820632 509
229037 665035 509
581286 207133 470
418827 254209 449
932822 610439 525
413783 97734 449
471624 878618 525
739683 470419 509
819460 636804 504
191288 673510 509
296333 370369 441
180461 302580 443
34389 678405 509
825674 984955 525
969812 752477 525
421526 458444 418
794045 460419 509
90478 374951 443
217536 415622 449
808898 566331 509
474550 52044 449
194745 263676 443
587296 812295 509
849903 752518 525
696646 964011 525
799910 609984 509
552958 155176 470
881763 86077 525
111410 926475 525
603370 889992 525
979809 952845 458
835631 330507 509
629912 286710 509
12175 616363 470
733178 113400 509
978425 921346 507
673570 711395 504
407048 409112 312
715430 609803 509
1632 933353 525
48342 962183 525
745763 119456 509
325048 267025 407
423434 326235 449
710875 304189 509
736863 395639 509
651426 284045 509
947494 915927 507
276414 590212 470
695704 778010 504
614020 586486 403
437133 280347 449
202379 552181 470
297877 232963 407
614529 476176 470
447349 260840 449
642402 368554 509
991582 577801 525
483758 644035 509
858300 59841 525
538199 733217 509
242650 289630 407
950394 113370 525
373952 390501 436
696248 799784 504
774170 111768 509
699677 328397 509
201362 754711 509
736660 505944 509
758673 830114 468
640529 734331 504
435562 757940 509
908330 976378 507
4357 54815 340
237734 704239 509
27607 320885 443
902291 996154 507
703816 890865 525
732734 192304 509
7834 931566 525
623339 426249 470
745546 636115 504
840992 549764 525
345524 679475 509
602508 908985 525
448781 92556 449
161542 719954 509
256709 754272 509
593491 73252 470
256515 656809 509
472307 535982 470
551447 937618 525
434800 830879 509
353859 659679 509
623600 469182 470
780105 134940 509
145572 529338 470
859169 189826 525
767225 605846 509
163197 983275 525
91723 735536 509
961410 707589 525
258971 99918 443
689730 305593 509
455847 918028 525
649741 994349 525
392326 310724 441
911682 14801 525
442169 43672 449
302792 267286 407
931307 350637 525
401426 493854 449
617005 884027 525
18862 541135 470
109504 931575 525
252802 546523 470
10005 230607 386
4632 26695 308
284129 213744 443
515772 507314 470
236936 111051 443
509232 48903 449
443741 79238 449
100364 352065 443
186454 825126 509
239714 416099 449
53978 670609 509
694500 590517 509
196188 858074 525
948345 621036 525
897767 52203 525
19337 103782 351
360060 862941 525
590028 401634 470
53335 183986 383
389113 435219 449
868077 98620 525
231651 994913 525
977707 69652 525
617375 443078 470
749649 71144 509
233581 660634 509
313968 991687 525
69055 834988 509
596447 62933 470
444982 956121 525
724347 254960 509
495492 42747 449
543925 880233 525
613346 423885 470
322151 547203 470
754266 582107 509
193614 887940 525
574884 357453 470
311782 532188 470
933846 197720 525
891993 999928 507
1 999999 525
999999 1 525
1 1 1
999999 999999 259
