1 10 20
100 200 125
201 210 89
900 1000 174
8582 10476 260
36785 38969 306
400 560 142
798 856 135
300 1598 182
39999 46798 314
10001 10700 255
10688 11000 268
30 90 116
10 888 179
95444 100289 341
567000 567123 328
100 600 144
900 1567 182
8992 10023 260
89259 192358 383
12857 14529 276
999 1099 169
56 99 119
812347 812399 269
1239 1290 177
88092 88967 302
1235 1289 177
500 1000 179
20000 30000 308
400000 400500 374
5678 6789 262
1 500 144
9345 9687 198
60000 65000 335
1000 8000 262
100000 100089 310
6665 7983 257
58267 67458 335
385 697 145
129 986 179
4983 6783 262
38950 39599 275
40000 50000 314
5678 8967 262
487 999 179
60000 98769 351
12295 15555 276
586034 587896 359
892 2399 183
6574 8839 257
36 960 179
7894 9990 260
1009 8598 262
46329 50893 314
69844 69999 250
313 913 179
415 1043 179
550 560 137
3000 7234 262
11 38 112
4565 5869 236
99968 100000 227
27487 47889 324
28359 34586 311
100 1000 179
1567 1599 167
786 888 179
6000 10000 262
55000 65000 335
100000 11000 351
123456 134567 344
8765 8885 185
95734 100934 341
408 501 142
676 747 171
33 1033 179
69 420 144
1011 1896 182
27 42 112
39 512 144
800 900 179
900 1000 174
66 666 145
420 699 145
5849 5982 187
108849 108954 186
128333 129888 331
18958 19782 274
29034 32995 285
5555 6666 262
7777 8888 252
1 8 17
4 28 112
61211 67033 330
4085 5089 215
660 670 145
399 1099 179
33012 35600 311
49865 51023 278
1 12 20
