1 10 20
100 200 125
201 210 89
900 1000 174
900 100 179
3 10 20
1 10 20
2 10 20
5 10 20
6330 770197 509
432642 513572 470
853931 387084 525
225628 852398 525
616103 66041 470
665235 784271 504
658563 619377 509
673434 26160 509
546143 427702 470
217927 721409 509
305274 998250 525
136462 492795 449
281725 357308 441
738158 704311 504
359380 321744 441
805444 529901 509
832978 338818 509
77069 128912 354
917911 411295 525
681727 897828 525
956245 958112 352
313990 538859 470
999480 407981 525
51605 267543 443
693855 159788 509
503670 147672 449
761045 59778 509
394707 267007 441
904716 321877 525
383181 341748 441
808232 224498 509
21295 264479 443
670661 769877 504
37751 883943 525
356373 565906 470
987195 773132 525
788696 980741 525
149832 402690 443
805416 949343 525
109928 231649 443
25203 227736 386
570101 546028 452
979356 351501 525
612418 383081 470
764532 162319 509
184616 151142 383
682753 688753 398
952407 274535 525
365748 451571 449
31174 578894 470
404796 49650 443
142912 289143 443
791470 134019 509
250393 422889 449
786853 229583 509
809133 5613 509
361874 200133 443
818282 318252 509
369543 925068 525
260079 250251 363
298984 499236 449
841354 924298 476
547647 191508 470
248147 118334 443
363701 873215 525
644841 521988 509
842524 113046 525
369176 477493 449
324224 949057 525
48113 71820 340
503796 224998 449
876053 493292 525
330812 547875 470
131337 783589 509
335047 954454 525
833997 332096 509
359142 173539 443
212854 331803 443
747892 802636 468
76897 679779 509
86747 547278 470
393896 657899 509
57401 912692 525
572920 9993 470
241020 736051 509
18045 542163 470
802038 59639 509
753223 112217 509
557687 410978 470
450487 217411 449
583590 345706 470
28040 346515 443
881474 619171 525
927628 239671 525
166967 770656 509
409928 367725 436
161619 179564 352
617861 543557 452
900447 291065 525
125127 304251 443
260150 993061 525
441582 410089 418
325359 269179 407
85226 461685 449
779626 330761 509
16797 691931 509
498714 102805 449
753890 569653 509
711178 470836 509
628558 278080 509
907976 831013 525
894573 635800 525
414132 867124 525
648005 214247 509
961443 548569 525
82301 542927 470
563510 857163 525
51499 332112 443
262888 899199 525
26313 778495 509
831957 998667 525
159411 418655 449
565188 424427 470
399993 955681 525
981367 653240 525
517379 498133 470
963467 352923 525
343138 404241 441
539802 815178 509
100795 54556 351
578335 247353 470
262567 495276 449
535361 781193 509
845453 631214 525
423759 403058 449
961778 523646 525
480506 896121 525
447636 701052 509
82771 591833 470
