948400 718998 525
907264 537349 525
120481 777441 509
885243 945217 507
856744 955587 507
715652 930031 525
204216 782951 509
293128 328326 384
895960 887001 401
537118 814343 509
92127 921902 525
319966 98021 443
148825 841931 525
529955 243916 470
638103 780849 504
587804 785340 509
58370 112767 354
835045 68374 509
159128 122 383
802603 731194 468
884933 698167 525
562327 673698 509
970829 508291 525
400901 690548 509
529202 178617 470
892029 889931 339
1639 743459 509
479011 882132 525
699157 333940 509
533262 502191 470
269836 488292 449
814972 345935 509
353788 293810 441
557516 50445 470
536022 520862 408
604446 779654 509
57867 476580 449
354179 220921 443
966514 310836 525
483430 30969 449
590019 187426 470
830556 163582 509
273199 465808 449
646738 482073 509
990594 278966 525
804633 92739 509
373455 550840 470
757216 721878 424
295720 562951 470
833187 575350 509
413909 126412 449
916028 848011 476
825719 252917 509
746838 740123 393
252874 795255 509
521227 700662 509
438275 746774 509
274271 236755 407
642331 397249 509
188139 696465 509
632445 33776 509
270490 959376 525
631219 920600 525
362266 238809 441
791017 507585 509
833781 314113 509
698499 669635 442
197407 335379 443
714759 293670 509
606046 121455 470
123298 314571 443
177657 798277 509
173260 997635 525
805306 821559 450
33417 581795 470
793572 118728 509
520095 616424 452
920510 965081 507
532834 535001 377
532469 864061 525
858114 803224 525
246380 962134 525
92406 999768 525
829004 815979 450
251736 287798 407
257012 357081 441
903888 352376 525
473487 890411 525
68614 25129 340
178439 372794 443
871925 782428 525
682905 535356 509
41320 374168 443
590320 208496 470
653794 774812 504
136649 225385 386
437237 767840 509
121946 784104 509
246167 8285 443
910211 721120 525
786277 559915 509
514467 130135 470
344886 579954 470
29938 747577 509
361511 626689 509
554271 332945 470
948491 264203 525
280401 670563 509
191316 685827 509
631939 304093 509
957210 108632 525
728349 328847 509
82513 142154 354
908450 736350 525
195481 189853 360
17714 85107 351
710569 305964 509
854000 473457 525
563732 651088 509
527220 212073 470
151154 3869 375
611838 293082 470
832130 709676 468
29763 748406 509
43045 85276 351
504058 990334 525
934913 298297 525
729952 512737 509
650225 23179 509
905208 921600 476
938362 958272 507
893924 7295 525
33665 382137 443
145735 699549 509
366217 53278 443
778086 866772 525
273219 378386 441
492911 448954 444
813973 846662 525
363571 168424 443
76002 991269 525
970541 701262 525
250672 220314 443
650730 285221 509
268674 593642 470
449441 898370 525
755282 155534 509
8797 943255 525
