1 1000 179
552 554 137
222 485 144
35 368 144
199 647 144
677 70 145
51 633 144
157 249 128
228 559 144
371 291 144
677 242 145
268 539 144
191 519 144
294 468 144
559 445 142
493 224 144
393 660 145
694 498 145
244 413 144
373 167 144
548 669 145
42 456 144
355 693 145
268 64 128
620 361 142
357 35 144
526 102 144
132 136 42
3 490 144
442 615 142
231 462 144
367 43 144
645 338 142
324 46 131
580 72 144
523 227 144
334 688 145
535 526 124
16 327 144
178 650 145
260 663 145
308 444 144
82 447 144
228 368 144
146 207 125
337 699 145
569 190 144
188 242 128
523 523 124
551 209 144
576 522 137
553 20 144
453 597 142
286 285 105
509 107 144
589 95 144
160 679 145
62 633 144
235 328 144
253 248 110
16 692 145
101 696 145
642 239 144
447 428 116
78 598 144
38 664 145
686 124 145
180 423 144
386 136 144
215 105 125
326 307 131
571 325 144
269 409 144
250 94 128
359 244 144
624 401 142
5 201 125
538 156 144
135 280 128
659 513 145
643 331 142
614 433 142
591 262 144
85 145 122
98 177 125
386 53 144
651 545 145
139 253 128
534 44 144
617 346 142
361 616 142
33 618 144
339 142 144
630 64 144
569 531 137
281 586 144
40 411 144
438 666 145
280 52 128
601 20 144

