1 10 20
100 200 125
201 210 89
900 1000 174
322616 532571 470
121320 504753 449
550132 13745 470
502158 789560 509
623631 485214 470
130542 175177 383
341884 597919 470
654961 708705 504
424526 576868 470
454330 791537 509
112115 913288 525
971101 690143 525
948470 106173 525
48806 611907 470
665746 926507 525
865150 458122 525
479318 642179 509
595306 155090 470
665518 712587 504
233679 305329 407
318049 750943 509
662257 286072 509
232675 370648 441
939590 66108 525
700868 477978 509
79603 985250 525
955341 677242 525
420631 919088 525
688127 647416 442
362095 890574 525
256159 82279 443
239622 333967 407
769648 762227 468
972516 492406 525
909574 973843 507
622705 159244 470
690767 115604 509
853337 67075 525
51438 928016 525
520492 573650 452
499862 617149 470
875170 169713 525
924049 922605 383
228287 305593 443
403914 347804 436
616107 671350 509
568004 519493 452
771452 934190 525
781994 397793 509
958064 494844 525
263711 762692 509
318931 316340 353
968978 324410 525
536848 685978 509
288185 286455 327
412725 455984 418
843869 395524 525
560712 493867 470
21411 936875 525
646072 469409 509
974755 118088 525
786155 419108 509
451607 748959 509
330654 517399 470
328777 854951 525
23638 687033 509
65413 675915 509
966112 205840 525
170812 533509 470
762824 327338 509
611261 841818 525
720091 952007 525
444604 350287 449
888649 435476 525
981186 205883 525
356652 409420 436
115109 363791 443
149508 90036 375
840201 720696 525
484376 591496 470
452299 723495 509
146845 715672 509
300343 365494 441
186501 196685 360
609771 616603 447
66727 951245 525
641231 475631 509
118296 774026 509
978086 807429 525
548483 678986 509
794810 530136 509
356980 761539 509
245393 712325 509
475560 269189 449
427818 490652 444
157553 438531 449
827495 267581 509
759127 203534 509
694213 343852 509
10293 868213 525
