1 10 20
100 200 125
201 210 89
900 1000 174
5 45 112
50 100 119
2000 1000 182
500 205 144
98 165 122
100 900 179
550 30 144
2 15 20
12 12 10
1 1 1
190 189 107
30 45 110
12 45 112
100 120 114
4 6 9
123 543 144
32 53 110
20 408 144
34 23 112
543 764 171
239 490 144
5000 6000 236
2 3 8
90 349 144
8 32 112
243 23 128
2432 4930 238
59 376 144
29 949 179
394 390 121
990 299 179
3902 6000 236
100 320 131
5 6 9
239 2 128
2 695 145
234 900 179
27 903 179
38 32 27
23 30 112
32 44 110
76 90 111
52 35 110
527 1545 182
45 415 144
34 689 145
32 56 113
23 453 144
432 435 116
34 435 144
43 56 113
90 98 119
84 89 31
239 439 144
32 43 110
388 455 134
203 432 144
324 909 179
657 32 145
90 23 116
54 69 113
89 430 144
494 549 137
30 40 107
200 300 128
490 394 142
394 393 59
939 4392 238
58 88 116
48 545 144
453 4578 238
58 485 144
45 68 113
86 55 116
24 56 113
21 69 113
79 250 128
55 550 144
65 546 144
32 320 131
156 456 144
458 658 145
646 895 179
258 466 144
478 496 142
45 45 17
36 68 113
21 54 113
26 48 112
18 48 112
11 111 119
45 58 113
89 186 125
12 589 144
44 485 144
45 4564 238
11 59 113
44 668 145
368 259 144
214 636 144
123 321 131
147 741 171
258 852 171
369 963 179
123 321 131
456 654 145
789 987 179
478 874 179
589 985 179
325 523 144
256 652 145
23 32 112
58 85 116
69 96 116
47 74 116
14 41 112
89 30 116
39 92 116
43 89 116
2 1 2
99 2 119
23 49 112
45 65 113
23 46 112
29 49 110
39 30 107
43 45 30
55 49 113
293 940 179
394 283 144
4390 200 238
100 200 125
200 300 128
300 400 144
400 500 142
600 700 145
700 800 171
800 900 179
900 1000 174
900 100 179
150 950 179
250 850 171
350 750 171
450 650 145
550 550 93
1 390 144
1000 1 179
