10000 10000 30
438671 308274 449
505691 619529 470
545332 657466 509
850257 629707 525
69398 784221 509
202912 767002 509
272675 539877 470
235307 990771 525
596183 46497 470
610983 78084 470
8278 438557 449
252641 926193 525
532827 761792 509
244053 247957 350
342263 479938 449
280761 951099 525
232908 981162 525
760862 114574 509
932569 714365 525
249797 761447 509
124334 471256 449
620012 252568 470
470873 106122 449
4819 318793 443
146357 988056 525
564679 806523 509
900246 645386 525
166497 761205 509
635665 446555 509
352860 995535 525
166450 551245 470
849691 602470 525
453063 365493 449
314216 315196 340
779767 408463 509
533501 910180 525
362333 243986 441
719100 848745 525
235974 123482 443
351551 822970 509
641878 607521 509
630012 503726 509
199895 558135 470
223697 80874 386
984692 349814 525
933555 546573 525
860316 753555 525
436762 713167 509
917039 822124 525
964371 825376 525
627852 151935 509
453278 853590 525
918463 543450 525
907353 301911 525
985830 733559 525
603271 427776 470
930243 822098 525
201638 691363 509
635103 994168 525
839519 215168 525
929754 96200 525
948914 154204 525
418310 824070 509
641384 205959 509
802129 776369 468
733811 262854 509
6914 863151 525
389636 578563 470
721054 131859 509
638235 109481 509
997405 5473 525
251142 282514 407
886115 104397 525
31416 719917 509
824615 255219 509
98298 917406 525
129368 770731 509
834598 549912 509
822540 318449 509
697877 963516 525
655059 212647 509
669863 436184 509
497197 68455 449
666479 582878 509
583713 138251 470
372987 468628 449
448238 624390 470
612389 116333 470
728327 893802 525
510452 142037 449
637646 609209 509
225034 153526 386
584182 739325 509
695325 748343 504
935855 777604 525
321442 509675 449
153420 96737 375
879908 266051 525
625079 318439 470
590712 911250 525
552992 602296 434
875511 123340 525
754019 969131 525
198979 82293 383
343688 375564 441
510457 538122 470
292284 116412 443
734032 662682 504
262062 768307 509
823442 639617 504
70377 509973 449
9194 532636 470
201542 356212 443
414824 730143 509
495723 140276 449
782577 330502 509
909199 675173 525
171061 235145 443
191306 935719 525
893181 753583 525
247103 779031 509
510115 444925 444
448419 931036 525
989607 273218 525
220430 860144 525
718671 309114 509
155811 678904 509
114136 888227 525
754360 306451 509
282632 482822 449
120466 653781 509
67936 171234 383
768792 713358 468
870853 364368 525
100148 7926 351
292817 385046 441
87089 324164 443
987161 666760 525
431165 330125 449
160470 743422 509
241819 693544 509
957748 354517 525
22410 568925 470
512814 28678 470
150876 528899 470
641792 540751 509
182952 385407 443
909324 86367 525
679153 981815 525
