636193 618032 509
933369 397527 525
758506 307713 509
694721 678527 442
67192 67192 69
807419 52900 509
146095 370691 443
557633 410975 470
193322 910686 525
176513 107716 383
122382 854970 525
503728 461405 426
776240 843089 525
436840 337386 449
179311 667296 509
900930 111646 525
99302 817277 509
964778 775611 525
841551 619076 525
854384 426460 525
130718 354915 443
817633 434114 509
916977 605581 525
326799 620610 470
344823 939547 525
810342 445769 509
762634 122069 509
920162 640070 525
505873 470530 426
242648 352408 441
942060 355627 525
134683 903872 525
316191 710822 509
600763 925847 525
52691 393953 443
998662 815882 525
571777 956216 525
251042 922187 525
27886 663994 509
775589 458315 509
625099 557181 447
415651 833913 509
184704 469770 449
59035 192400 383
760839 875605 525
567110 320655 470
359694 761808 509
29547 115380 354
217854 962491 525
319252 937570 525
575209 117695 470
170185 374247 443
921757 612635 525
854296 164278 525
232002 922872 525
917366 951529 507
645111 291168 509
843889 818656 525
241165 676490 509
674828 369688 509
56765 186884 383
387159 80858 443
933269 519193 525
698173 465941 509
590703 115127 470
924849 734887 525
853246 393055 525
446631 557244 470
284599 269821 407
200307 499165 449
636814 394175 509
16466 369213 443
700085 114426 509
833141 384317 509
96746 438505 449
883071 495118 525
409887 137419 443
577780 88428 470
344964 499075 449
729704 993709 525
43159 588569 470
952714 267030 525
148607 411222 449
295516 306191 371
615735 388611 470
233306 848538 525
321456 214482 443
11020 737677 509
12865 759197 509
257212 802446 509
294124 886629 525
854794 580049 525
349922 933229 525
777592 354010 509
49456 315164 443
845563 456570 525
631790 910633 525
157714 126556 383
292817 85299 443
998548 40016 525
356487 355262 379
182835 184763 334
435318 434802 356
76073 77996 351
652627 651034 354
650133 650056 204
102271 103999 310
321625 323025 309
926922 928700 476
667320 667141 323
611426 613119 354
673454 672382 367
736034 734338 424
592491 593477 328
503614 501979 426
827636 828294 313
325797 326856 322
940125 941493 383
855639 856559 375
719867 718151 336
789004 787214 406
335110 336939 366
813576 813721 269
98628 99407 328
268018 269476 345
824550 825890 344
691541 692887 442
994544 993731 365
477770 478254 351
352465 351228 379
50454 48629 296
931617 932373 308
520382 521560 364
924767 924149 370
26714 27170 259
879837 879215 357
473647 474545 382
269771 269882 270
720277 721332 411
818397 819175 450
427026 428544 374
363087 363546 273
376095 376771 423
868211 868672 357
610640 610873 341
872170 870837 432
143757 141811 375
622547 621207 372
513060 512747 333
601960 602226 279
821441 820842 313
271988 271667 270
478199 477069 382
880013 880150 295
440381 439638 356
824889 824142 326
430600 430439 237
308375 309652 340
538513 536528 377
794733 795737 331
255404 255922 288
416282 414565 312
673132 672123 367
162823 164301 321
934985 933354 414
826408 825473 344
721687 723555 411
601907 603072 372
624859 624146 385
249936 250994 332
735806 734039 424
345497 346481 441
878274 877402 357
627183 626066 509
72101 70692 325
10589 10606 162
845115 845632 401
593186 593590 328
452536 450967 307
129625 129102 300
712431 711518 349
386227 387251 330
850611 849425 357
675901 674411 367
193788 191958 347
230523 229417 306
618845 617684 372
198442 197468 329
326014 324884 340
226929 228922 355
840487 840962 344
349420 350011 366
359770 359638 273
90384 91762 333
186460 184961 329
786528 787469 362
228562 227198 355
146587 148335 357
789823 791656 375
880138 880665 326
