1 10 20
100 200 125
201 210 89
900 1000 174
96872 138452 354
124857 378552 443
217330 382328 443
142848 577100 470
799867 54757 509
419026 766350 509
781690 994678 525
258857 630136 509
117308 102232 354
667351 934094 525
599154 225084 470
638101 699115 442
808571 340844 509
296392 410380 449
234529 934922 525
356665 647847 509
80597 469209 449
521104 258960 470
187358 49568 383
489898 53475 449
83532 982838 525
342271 354372 441
678876 170470 509
291835 123777 443
184170 230110 386
94803 305596 443
449315 314786 449
202911 65113 383
306503 95583 443
657816 498433 509
951990 485723 525
62889 72421 330
946488 454369 525
978480 667300 525
768073 711576 468
438746 520659 470
652499 74223 509
758245 469366 509
98199 424216 449
814036 26022 509
639640 688612 442
545775 55694 470
357056 451929 449
222497 228822 368
112837 38401 354
371857 908697 525
263962 343033 407
448260 228975 449
711108 422985 509
60756 6434 340
212849 17231 383
484078 113923 449
440933 107432 449
675925 848917 525
123182 742406 509
130261 450628 449
778112 269596 509
539267 465236 470
747981 978949 525
116506 155660 375
187639 260458 443
642825 288627 509
669618 545907 509
841177 647575 525
656788 898979 525
515122 486660 470
574176 176856 470
194960 358446 443
165309 560564 470
570166 290456 470
911581 760622 525
322843 362149 441
536375 595647 452
680486 885013 525
659374 641428 429
226615 30827 386
668757 603857 509
651115 850722 525
958411 470361 525
618375 634707 509
378920 950864 525
954736 73052 525
126505 259096 443
233156 416165 449
883251 753804 525
973555 447443 525
46424 220778 386
867625 368963 525
990360 777480 525
101333 692157 509
858947 351820 525
477900 698739 509
847005 711386 525
19690 353799 443
290200 542415 470
437452 581182 470
923559 640237 525
795138 202381 509
397605 599121 470
254341 939070 525
281908 962637 525
242045 489647 449
753048 909745 525
973992 833071 525
946842 898855 507
527041 825025 509
116435 880671 525
244365 544984 470
727618 195922 509
199141 179235 365
381212 181140 443
899189 884489 445
818442 127280 509
673368 502572 509
272133 748091 509
194692 432344 449
942887 18439 525
302564 729940 509
961885 379082 525
936242 756051 525
610297 795649 509
45503 175730 383
861346 234803 525
404811 25266 443
924002 314058 525
760512 561055 509
93518 68363 351
558471 767236 509
741406 365273 509
496953 960554 525
456328 859400 525
254065 360185 441
302735 407022 441
850808 804844 525
76907 932648 525
228961 331109 443
108445 955846 525
984178 995329 427
344603 544673 470
147904 868567 525
616832 340377 470
618595 325258 470
122938 859649 525
812359 768290 468
81524 724025 509
892092 902912 401
992724 159582 525
533087 308619 470
363872 346787 410
243958 406801 441
683376 6962 509
390726 509731 449
