1 10 20
100 200 125
201 210 89
900 1000 174
73  16  116
98  23  119
18  17  21
68  93  116
86  10  116
99  98  26
74  84  111
45  50  105
43  92  116
24  42  112
26  71  113
60  33  113
15  96  116
58  67  108
4  32  112
22  3  21
19  22  21
64  80  116
26  72  113
29  35  107
91  94  106
92  54  116
69  88  116
39  14  112
85  83  111
6  99  119
62  95  116
5  70  113
89  86  31
63  96  116
15  70  113
66  62  108
10  47  112
96  32  116
32  66  113
173  28  125
161  44  122
23  64  113
147  148  117
31  7  112
59  182  125
128  110  114
84  169  122
6  13  20
140  166  117
129  163  122
42  27  112
65  76  116
96  138  122
38  31  107
7  60  113
124  150  122
2  166  122
176  193  120
110  45  119
23  189  125
31  19  112
32  122  119
139  38  122
67  115  119
56  37  113
84  46  116
61  89  116
61  11  113
157  128  122
191  5  125
38  163  122
3  37  112
19  180  125
95  79  111
265  264  123
47  270  128
139  44  122
273  116  128
5  194  125
105  82  119
84  95  106
203  127  125
121  165  122
211  49  125
36  179  125
268  124  128
89  237  128
195  290  128
104  76  119
277  195  128
160  140  117
135  120  122
136  138  91
221  223  115
264  150  128
227  15  125
136  148  117
201  105  125
237  277  123
164  294  128
138  281  128
187  128  125
151  233  128
184  49  125
282  77  128
250  18  128
118  260  128
32  130  122
298  160  128