1 10 20
100 200 125
201 210 89
900 1000 174
501 503 111
2 4 8
2 6 9
3 9 20
10 13 15
11 20 21
40 59 113
21 100 119
30 35 107
1 4 8
34 78 116
99 104 88
67 70 28
100 120 114
101 121 114
102 122 114
15 78 116
553 347 142
247 61 128
438 50 144
97 463 144
297 354 144
329 160 144
283 265 123
281 323 131
471 566 142
571 421 142
116 245 128
159 516 144
444 541 142
341 132 144
227 376 144
445 102 144
280 491 144
117 209 125
61 419 144
281 501 144
77 546 144
452 435 116
347 505 142
148 339 144
417 294 144
109 565 144
232 21 128
305 328 144
483 169 144
222 254 128
23 351 144
175 536 144
74 539 144
174 164 125
42 44 30
479 575 142
68 132 122
521 418 142
403 21 144
15 152 122
110 538 144
148 467 144
575 532 137
419 468 129
327 384 144
271 149 128
185 294 128
199 253 128
175 448 144
156 509 144
441 28 144
333 275 144
104 502 144
487 582 142
34 322 131
226 419 144
571 516 137
429 145 144
25 117 119
415 429 134
72 54 113
63 385 144
505 572 137
554 33 144
162 480 144
579 237 144
425 66 144
317 594 144
463 532 142
214 330 144
283 70 128
279 534 144
77 299 128
226 47 125
233 593 144
143 455 144
50 260 128
286 278 105
439 410 134
326 413 144
351 169 144
317 382 144
185 265 128
437 51 144
182 194 120
409 240 144
10 166 122
482 478 54
341 171 144
503 331 142
1 2 2
2 3 8
