1 10 20
100 200 125
201 210 89
900 1000 174
1000 5000 238
5001 10000 262
1 2 2
2 3 8
1 10 20
7 7 17
1 99999 351
1 50 112
4 20 21
89 92 93
99998 99999 227
1 1 1
50 54 113
100 101 26
1 500 144
4 23 21
876 8000 262
420 1024 179
5 9 20
7 34 112
122 56435 340
343 756 171
11 56 113
45 67 113
32 789 171
56 2313 183
567 2131 182
23 678 145
768 32123 308
4565 56745 340
123 89789 351
56 543 144
5 11 20
123 9808 262
21 56 113
23444 76857 340
33 56 113
6666 7777 257
66 454 144
88 789 171
323 55555 340
9 77 116
7 22 21
2444 6665 262
99 998 179
1 23 21
3 45 112
456 678 145
45 67 113
89 1011 179
1213 1415 177
6789 12345 268
32 67 113
90 7687 262
87 90 31
65 87 116
65 76 116
43 54 113
32 43 110
21 32 112
11 21 21
878787 989898 507
656565 878787 525
1 555 144
1 111 119
1 222 125
1 333 144
1 444 144
1 555 144
1 666 145
1 777 171
1 888 179
1 999 179
1 1111 179
1 2222 182
1 3333 217
1 4444 238
1 5555 238
1 6666 262
1 7777 262
1 8888 262
1 9999 262
1 11111 268
1 22222 279
1 33333 308
1 44444 324
1 55555 340
1 66666 340
1 77777 351
1 88888 351
1 99999 351
1 111111 354
2 222222 386
3 333333 443
4 444444 449
5 555555 470
6 98 119
