1 10 20
100 200 125
201 210 89
900 1000 174
106 108 114
4 629 144
599 896 179
59 208 125
167 199 125
1 385 144
877 950 174
352 386 126
22 319 131
596 937 179
289 388 144
6 726 171
614 674 145
631 755 171
8 424 144
556 618 132
291 341 144
449 568 142
836 522 171
20 684 145
76 637 144
479 699 145
618 772 171
193 376 144
592 617 132
264 681 145
443 462 129
263 268 123
667 592 145
254 261 123
767 769 60
81 417 144
678 699 127
479 580 142
329 347 126
78 368 144
348 564 142
93 390 144
588 741 171
781 788 122
4 338 144
772 824 153
85 670 145
297 555 144
674 875 179
12 631 144
624 633 132
326 411 144
175 227 120
111 589 144
227 325 131
295 428 144
167 402 144
109 144 122
300 738 171
250 289 123
618 704 171
136 650 145
761 299 171
713 723 52
72 105 119
243 244 97
985 986 50
558 588 119
601 674 145
434 854 171
806 891 179
47 92 116
709 852 153
196 312 128
525 566 137
590 811 171
278 296 118
761 893 179
447 514 142
371 392 121
244 363 144
587 591 119
45 385 144
275 294 118
760 786 153
580 586 119
54 55 113
95 164 122
108 221 125
231 283 128
582 757 171
245 419 144
333 538 142
326 335 144
156 269 128
457 466 129
713 741 140
661 794 171
128 243 128
531 628 137
89 520 144
182 203 120
475 948 179
58 527 144
581 773 171
349 396 126
749 771 153
460 462 129
893 894 99
688 706 171
373 600 142
398 415 134
1 817 171
578 587 119
693 727 171
886 927 148
325 709 171
373 846 171
650 768 171
137 263 128
67 227 125
458 567 142
147 153 117
281 332 144
551 593 137
700 724 171
544 499 137
490 491 142
943 970 143
146 167 117
83 214 125
233 290 128
272 302 118
22 796 171
636 640 132
303 322 131
444 710 171
283 297 118
801 866 148
188 509 144
876 892 148
57 277 128
934 602 179
183 275 128
103 158 122
792 826 135
319 368 144
65 816 171
482 766 171
659 727 171
467 602 142
24 659 145
766 795 153
