59 14 113
64 33 113
76 97 119
20 87 116
51 27 112
17 80 116
58 30 113
82 91 111
18 81 116
78 6 116
69 67 28
57 85 116
34 50 110
8 71 113
52 97 119
66 95 116
3 97 119
70 82 116
31 16 112
97 13 119
34 7 112
41 49 110
5 66 113
51 63 113
58 25 113
44 23 112
37 27 112
22 48 112
39 16 112
53 43 105
53 1 112
30 71 113
74 95 111
75 63 116
60 47 113
28 81 116
2 68 113
95 26 116
8 50 112
78 95 111
57 25 113
24 46 112
60 4 113
14 43 112
51 50 25
87 94 106
3 80 116
74 76 23
59 46 113
47 73 116
3705 5613 238
9573 7314 260
43 7905 262
4798 4106 215
5506 1709 238
4257 2928 238
7386 1365 262
6191 7316 257
7701 577 262
3308 5353 238
5586 3647 238
3871 9284 262
5562 9869 262
5897 347 238
6522 2527 262
4187 1245 238
4356 8130 262
9508 8422 260
9688 5737 262
9324 9519 198
8900 6811 257
7632 510 262
9086 3956 262
7127 7310 195
8947 4118 262
2132 7631 262
2416 8624 262
5991 3254 238
3844 7443 262
4517 3657 238
5390 2794 238
224 4879 238
3895 2627 238
2041 7053 262
9873 675 262
3883 9713 262
8529 2160 262
5454 8993 262
3193 6634 262
5805 7617 262
3772 7769 262
8432 6054 262
435 8936 262
1825 5068 238
5980 5071 236
8616 9259 260
1010 3972 238
7496 6954 239
8946 5848 262
7122 1293 262
372401 33611 443
830425 10407 509
846683 46374 525
76412 86062 351
476426 25440 449
345588 81616 443
341786 77948 443
715665 35694 509
185033 65651 383
449946 87475 449
654378 4545 509
244256 20920 443
574817 63167 470
114263 13261 354
911142 37842 525
712453 4164 509
516228 63856 470
421011 61778 449
476298 2904 449
467021 88534 449
490729 78732 449
796060 73113 509
192032 8388 383
678346 38478 509
689098 68152 509
365112 40467 443
495441 46218 449
498185 54493 449
201334 21717 383
231255 27820 443
854433 96932 525
270912 62899 443
289389 53566 443
515206 66053 470
56075 15767 340
287696 40332 443
184370 35421 383
595686 93887 470
891697 93283 525
404858 78786 443
959004 92480 525
149557 40088 375
346606 83757 443
797902 5933 509
954800 72967 525
167286 65972 383
961565 94535 525
342318 6618 443
199481 3670 383
366109 51338 443
