1 10 20
100 200 125
201 210 89
900 1000 174
465783 948547 525
204276 130708 383
267354 105167 443
126911 818646 509
167503 983935 525
320193 421480 449
429578 933656 525
150960 494568 449
388701 447957 449
226340 213257 386
751914 508386 509
958893 181674 525
791753 325890 509
757237 152561 509
413439 330502 449
610726 435895 470
338116 15376 443
449842 183872 449
767280 86910 509
652693 537825 509
748930 785172 468
484762 659305 509
880093 592273 525
377355 590856 470
645918 2358 509
743406 315963 509
211841 625401 470
908054 24723 525
214709 733707 509
882315 471179 525
982257 117596 525
996864 955757 458
70557 317846 443
854966 325102 525
71070 770822 509
65771 607687 470
795977 610480 509
739481 724862 424
779351 70122 509
510911 222602 449
131567 17899 354
945150 331156 525
360486 689306 509
645324 714445 504
522327 667166 509
942639 978989 458
829088 692736 504
985853 919377 507
907062 870307 445
194810 719349 509
355805 661355 509
908246 529700 525
902106 276536 525
809088 977690 525
668416 26558 509
850728 838804 419
680040 865646 525
899929 547323 525
730447 398990 509
313692 339018 384
801152 867110 525
979020 823959 525
795231 363420 509
550083 206753 470
451296 435375 400
417531 596892 470
752951 947760 525
248014 412477 449
359836 100692 443
611866 548519 434
404881 698434 509
949118 428055 525
707808 469776 509
444428 531183 470
752749 977578 525
914708 753708 525
513667 222569 470
645693 791398 504
169320 799335 509
756233 435664 509
899131 27950 525
713929 413159 509
876668 946018 507
930905 382863 525
173254 527241 470
299759 305485 371
561208 816510 509
208274 31782 383
834592 675864 504
112555 515160 470
369136 637522 509
225540 979891 525
33711 111495 354
396730 463819 449
825794 942625 525
784746 220956 509
321815 439752 449
745440 849679 525
471161 303793 449
630814 538835 509
246355 915789 525
215487 856999 525
182841 310 383
203426 549816 470
65687 12546 340
583749 461047 470
86514 518129 470
356276 823936 509
831544 22028 509
240912 406956 441
330462 855605 525
737468 958290 525
498161 79961 449
957760 887292 507
519887 796792 509
954878 269751 525
448353 511258 444
552820 475641 470
367490 735848 509
371330 933857 525
532582 278472 470
486276 439876 444
648397 86038 509
182956 688086 509
540754 430076 470
293348 283677 389
825592 662252 504
776921 466167 509
657903 907213 525
303702 957753 525
742199 583137 509
830046 760414 468
772077 802271 468
478231 830056 509
76118 520048 470
170887 399077 443
858859 902790 445
509645 25217 449
559389 463672 470
211641 312772 443
15430 103532 351
423069 633739 509
232582 995758 525
109367 410069 449
33374 289761 443
462624 396735 449
381998 200750 443
945306 485435 525
412493 808017 509
505366 35970 449
406177 385935 436
763752 449180 509
86608 302300 443
628520 608808 509
264695 43499 443
762642 460131 509
663381 848064 525
492817 580115 470
645406 444945 509
167605 70754 383
160747 581309 470
40066 654578 509
293840 444169 449
10749 392787 443
971031 40205 525
269221 903429 525
767641 499780 509
878656 654301 525
953083 833464 525
782783 15256 509
211407 108902 383
625440 964006 525
429640 732003 509
919439 998750 507
547619 502708 470
482414 338031 449
