1 10 20
100 200 125
201 210 89
900 1000 174
913700 530204 525
64017 381569 443
286112 571557 470
487630 177487 449
193255 634385 509
234547 83295 443
233167 259278 381
937568 511663 525
92684 158712 383
957428 871262 507
206059 727189 509
446106 959430 525
747056 958091 525
134296 642228 509
853094 279029 525
41933 703629 509
523795 174359 470
377620 535469 470
943195 221437 525
360038 241325 441
838878 513724 525
880883 113730 525
710932 782952 468
274720 165099 443
337261 493055 449
78897 862422 525
487321 487241 227
794251 673653 504
946994 659760 525
970771 484773 525
697676 213480 509
747851 445653 509
636747 805579 504
222970 659672 509
189748 174441 365
568690 881473 525
742457 159097 509
104753 597317 470
2408 329880 443
682169 960237 525
193545 387812 443
710289 277538 509
447546 847902 525
812495 857983 525
660375 315200 509
258475 865263 525
763217 422346 509
656160 572479 509
464621 676572 509
213280 557967 470
59568 879018 525
994425 446632 525
52982 445389 449
933503 118604 525
775926 628457 504
128913 26073 354
862984 80149 525
901505 651321 525
359576 642044 509
25823 539432 470
527701 642845 509
21475 869101 525
395928 399731 374
944334 86936 525
918589 391364 525
125374 157500 383
380723 353268 423
625674 441238 470
726177 379686 509
707990 703785 504
987256 589119 525
371528 342515 441
629561 766823 504
950169 492915 525
837304 278518 509
981890 181771 525
138578 827272 509
870561 601371 525
254528 411630 449
529661 997199 525
475731 952930 525
769063 170984 509
692837 702360 411
887433 939708 507
907790 964679 507
385628 736141 509
876736 737139 525
424690 432935 387
886257 408662 525
555079 773150 509
577779 590182 434
733456 867004 525
835132 773624 468
37934 683081 509
426250 475936 444
600996 68225 470
737042 360217 509
887838 939157 476
453656 889425 525
840359 809233 525
831805 158036 509
879749 567151 525
176918 537865 470
252118 168497 443
142045 543604 470
907976 914524 476
105559 570598 470
143188 649770 509
439121 947257 525
190036 660625 509
543086 404724 470
766290 218618 509
597182 768581 509
236061 987492 525
552890 779236 509
103804 63216 351
877704 874012 432
883526 300001 525
35419 457670 449
177329 598091 470
777626 228104 509
465229 745582 509
197044 130351 383
191897 806261 509
481771 614174 470
537792 601915 452
428933 726750 509
282336 861799 525
999994 280652 525
928485 638371 525
78446 387227 443
515533 35739 470
471410 607015 470
60723 324458 443
978699 324069 525
975284 189399 525
532542 4118 470
586167 610745 403
528110 770451 509
173877 230790 443
282378 290173 389