922332 137027 525
77855 825759 509
726734 881743 525
366310 283228 441
321984 637074 509
198762 84907 383
913718 851846 476
97165 225153 386
261036 971447 525
751963 19588 509
565291 40980 470
463719 665080 509
972202 743629 525
13974 30081 308
857716 299684 525
562088 26516 470
512125 746811 509
750014 673064 504
902998 897102 401
758779 77306 509
64259 310673 443
713096 49947 509
794867 390130 509
808379 964017 525
327975 430579 449
393229 546449 470
63213 123327 354
266699 904239 525
751118 819440 468
780595 92342 509
827888 877073 525
762984 587210 509
637840 993265 525
950097 965867 414
675350 525279 509
241217 454191 449
213822 144303 383
960106 196181 525
118170 775721 509
940351 64667 525
257961 121281 443
982553 154365 525
712329 845290 525
883393 458121 525
836750 426092 509
621072 759040 509
552176 890742 525
827 875802 525
947725 62142 525
130212 366724 443
763070 377571 509
223332 54612 386
569302 795789 509
53773 393782 443
889789 717959 525
356659 905209 525
637021 413625 509
829065 611389 509
202861 72902 383
412509 185055 449
714897 600288 509
823843 208553 509
746784 646602 504
973440 697096 525
487068 177990 449
369865 879070 525
675359 963571 525
62973 889409 525
722406 357734 509
799921 22551 509
976157 641223 525
102861 454252 449
387070 215507 443
607770 385 470
799033 303657 509
624007 689907 509
813245 335571 509
884113 539233 525
263591 843712 525
896248 549708 525
93453 118038 354
555039 487861 470
265728 355141 441
460461 417358 418
33679 847047 525
438015 16733 449
477537 803003 509
694348 137973 509
294121 113074 443
13751 60678 340
571300 870060 525
458852 657039 509
858378 476278 525
977064 355335 525
540232 548551 452
710557 162038 509
69533 859536 525
162341 757869 509
372067 728938 509
523274 159934 470
410283 341174 449
80031 923460 525
112497 776341 509
414971 616798 470
441148 61264 449
555153 288380 470
217568 692129 509
570435 42872 470
373540 612350 470
317105 520563 470
300009 683057 509
84636 503286 449
124648 97663 354
827074 48275 509
854521 444315 525
857467 99224 525
796376 655334 504
203926 10332 383
544908 773897 509
11042 676255 509
858512 722265 525
717434 739585 424
916343 261699 525
877924 673481 525
818132 299901 509
600231 956969 525
369603 340883 441
134784 283358 443
788733 827700 468
762847 626211 509
92216 99304 328
710513 66534 509
919312 560117 525
787903 880395 525
235029 844581 525
260544 279569 407
128654 732474 509
839272 739148 525
436576 825162 509
698271 357080 509
921168 654675 525
709707 333529 509
598053 359834 470
325795 700228 509
854360 608236 525
646081 700340 442
905616 961327 507
253418 916340 525
398929 669894 509
235950 429206 449
399407 502924 449
78489 74218 351
687128 206721 509
891752 74922 525
204125 702530 509
567180 426169 470
376132 918519 525
461283 708593 509
165371 201769 365
939758 734388 525
160977 366769 443
776445 316024 509
596865 377903 470
431513 97910 449
3045 907761 525
843560 250602 525
493491 559876 470
130050 865138 525
3483 897255 525
635148 953374 525
266043 461034 449
926316 994153 507
556963 137155 470
297035 743478 509
852937 874261 432
760263 603909 509
537852 641191 509
870087 793928 525
616194 655803 509
326537 974153 525
450130 754216 509
422515 157266 449
527001 908143 525
420406 632496 509
184793 846674 525
303664 583520 470
52182 72551 340
125570 161962 383
430523 143887 449
513108 377099 470
93184 915237 525
862076 453878 525
569218 313117 470
655950 194446 509
212926 511112 449
977408 604177 525
780656 657251 504
294367 153079 443
482664 344298 449
613750 165569 470
