1 10 20
100 200 125
201 210 89
900 1000 174
663211 45914 509
430956 629202 509
868008 529665 525
472515 239632 449
33513 819933 509
187403 635135 509
696506 330432 509
107740 995794 525
50786 358638 443
531169 37416 470
385147 81580 443
804215 865342 525
21481 226113 386
252841 848163 525
489823 165902 449
915650 791052 525
522432 343584 470
840946 287619 525
15604 31420 308
305973 909571 525
778726 505325 509
718564 932502 525
39315 539629 470
523378 304092 470
166710 419259 449
9018 889255 525
478814 344134 449
1773 146240 375
872361 397690 525
180972 294263 443
496998 83622 449
741452 783253 468
546647 64265 470
168194 72311 383
5793 538836 470
436424 22386 449
443765 516417 470
440299 368221 449
369430 598989 470
260589 266112 407
71649 924524 525
661329 30436 509
504595 979734 525
87440 518920 470
751240 780558 468
803771 905339 525
502568 261254 449
194853 384077 443
628118 946913 525
543442 288425 470
12318 987788 525
747321 770730 468
748495 395267 509
659935 506813 509
346285 625799 470
88115 125284 354
894260 344130 525
425831 396044 449
924471 649261 525
828502 732249 468
789193 620527 509
859252 101218 525
691093 998226 525
168457 830778 509
311628 631816 509
414526 589771 470
969324 918601 507
612385 261562 470
371043 64230 443
436254 708983 509
173346 741203 509
876776 537446 525
410649 65880 449
979753 799121 525
768671 977965 525
972111 732403 525
550405 129974 470
582469 276985 470
590859 35006 470
694838 978494 525
150070 773456 509
241526 861599 525
578694 212878 470
625916 642846 509
999281 271442 525
142930 980170 525
921389 798084 525
131748 643757 509
645802 128069 509
843590 975032 507
772632 864098 525
950422 669925 525
80772 398877 443
363449 161277 443
422164 171010 449
468224 544665 470
337979 673198 509
746514 541830 509
14577 790336 509
41709 341102 443
459572 329174 449
680866 195300 509
514451 433161 470
163924 568973 470
567159 628802 509
959484 742738 525
6080 698450 509
260113 648857 509
42286 620257 470
598335 579066 434
304145 774022 509
813599 995965 525
747743 61406 509
943452 226222 525
673408 861729 525
917001 363841 525
7571 805484 509
537434 385799 470
61272 822168 509
25296 98564 351
131766 707890 509
569794 30893 470
935203 971461 507
975680 483246 525
633867 632179 354
807638 509637 509
742267 25532 509
250580 185817 443
317462 909660 525
87571 823398 509
796015 270598 509
403712 604301 470
768883 802217 468
617282 324392 470
432299 928744 525
37751 452803 449
675169 368732 509
230988 192107 443
946568 261851 525
322333 785890 509
417256 478098 444
342635 970984 525
802370 498769 509
928845 472982 525
449469 795617 509
678822 325311 509
390713 729377 509
284162 691578 509
352338 908202 525
305648 967029 525
569743 58145 470
697307 345216 509
749042 145927 509
457838 483399 444
901700 61380 525
32442 881513 525
650937 543088 509
22487 484374 449
266861 490743 449
258186 32458 443
177 650217 509
805390 537797 509
655350 67163 509
744599 303307 509
320546 833352 509
901092 363064 525
957901 697826 525
82605 24374 351
873522 405595 525
756936 675525 504
130315 821636 509
711501 564588 509
811638 38396 509
258643 849256 525
771067 793910 437
533097 490283 470
448630 55102 449
350479 988174 525
125149 119790 336
305884 707561 509
51582 288601 443
136485 823200 509
192442 388389 443
464213 655271 509
384840 437682 449
450071 729604 509
760579 89839 509
169903 598768 470
536604 388044 470
453476 859056 525
632271 480968 509
849357 170311 525
947058 145968 525
14520 262310 443
886734 316186 525
